[   398.272] (WW) Failed to open protocol names file lib/xorg/protocol.txt
[   398.273] 
X.Org X Server 1.20.3
X Protocol Version 11, Revision 0
[   398.273] Build Operating System: Linux Arch Linux
[   398.273] Current Operating System: Linux john-pc 4.20.10-arch1-1-ARCH #1 SMP PREEMPT Fri Feb 15 17:49:06 UTC 2019 x86_64
[   398.273] Kernel command line: BOOT_IMAGE=/vmlinuz-linux root=UUID=09c06d83-3b13-4a2e-8308-bbd355ddd437 rw quiet
[   398.273] Build Date: 25 October 2018  04:42:32PM
[   398.273]  
[   398.273] Current version of pixman: 0.38.0
[   398.273] 	Before reporting problems, check http://wiki.x.org
	to make sure that you have the latest version.
[   398.273] Markers: (--) probed, (**) from config file, (==) default setting,
	(++) from command line, (!!) notice, (II) informational,
	(WW) warning, (EE) error, (NI) not implemented, (??) unknown.
[   398.274] (==) Log file: "/home/john/.local/share/xorg/Xorg.2.log", Time: Thu Feb 21 10:16:18 2019
[   398.274] (==) Using system config directory "/usr/share/X11/xorg.conf.d"
[   398.274] (==) No Layout section.  Using the first Screen section.
[   398.274] (==) No screen section available. Using defaults.
[   398.274] (**) |-->Screen "Default Screen Section" (0)
[   398.274] (**) |   |-->Monitor "<default monitor>"
[   398.274] (==) No monitor specified for screen "Default Screen Section".
	Using a default monitor configuration.
[   398.274] (==) Automatically adding devices
[   398.274] (==) Automatically enabling devices
[   398.274] (==) Automatically adding GPU devices
[   398.274] (==) Automatically binding GPU devices
[   398.274] (==) Max clients allowed: 256, resource mask: 0x1fffff
[   398.274] (WW) `fonts.dir' not found (or not valid) in "/usr/share/fonts/misc".
[   398.274] 	Entry deleted from font path.
[   398.274] 	(Run 'mkfontdir' on "/usr/share/fonts/misc").
[   398.274] (WW) The directory "/usr/share/fonts/OTF" does not exist.
[   398.274] 	Entry deleted from font path.
[   398.275] (WW) The directory "/usr/share/fonts/Type1" does not exist.
[   398.275] 	Entry deleted from font path.
[   398.275] (==) FontPath set to:
	/usr/share/fonts/TTF,
	/usr/share/fonts/100dpi,
	/usr/share/fonts/75dpi
[   398.275] (==) ModulePath set to "/usr/lib/xorg/modules"
[   398.275] (II) The server relies on udev to provide the list of input devices.
	If no devices become available, reconfigure udev or disable AutoAddDevices.
[   398.275] (II) Module ABI versions:
[   398.275] 	X.Org ANSI C Emulation: 0.4
[   398.275] 	X.Org Video Driver: 24.0
[   398.275] 	X.Org XInput driver : 24.1
[   398.275] 	X.Org Server Extension : 10.0
[   398.276] (++) using VT number 3

[   398.279] (II) systemd-logind: took control of session /org/freedesktop/login1/session/_37
[   398.281] (II) xfree86: Adding drm device (/dev/dri/card0)
[   398.283] (II) systemd-logind: got fd for /dev/dri/card0 226:0 fd 10 paused 0
[   398.287] (--) PCI:*(0@0:2:0) 8086:0126:17aa:21da rev 9, Mem @ 0xf0000000/4194304, 0xe0000000/268435456, I/O @ 0x00005000/64, BIOS @ 0x????????/131072
[   398.288] (WW) Open ACPI failed (/var/run/acpid.socket) (No such file or directory)
[   398.288] (II) LoadModule: "glx"
[   398.288] (II) Loading /usr/lib/xorg/modules/extensions/libglx.so
[   398.291] (II) Module glx: vendor="X.Org Foundation"
[   398.291] 	compiled for 1.20.3, module version = 1.0.0
[   398.291] 	ABI class: X.Org Server Extension, version 10.0
[   398.291] (==) Matched intel as autoconfigured driver 0
[   398.291] (==) Matched modesetting as autoconfigured driver 1
[   398.291] (==) Matched fbdev as autoconfigured driver 2
[   398.291] (==) Matched vesa as autoconfigured driver 3
[   398.291] (==) Assigned the driver to the xf86ConfigLayout
[   398.291] (II) LoadModule: "intel"
[   398.292] (WW) Warning, couldn't open module intel
[   398.292] (EE) Failed to load module "intel" (module does not exist, 0)
[   398.292] (II) LoadModule: "modesetting"
[   398.292] (II) Loading /usr/lib/xorg/modules/drivers/modesetting_drv.so
[   398.292] (II) Module modesetting: vendor="X.Org Foundation"
[   398.292] 	compiled for 1.20.3, module version = 1.20.3
[   398.292] 	Module class: X.Org Video Driver
[   398.292] 	ABI class: X.Org Video Driver, version 24.0
[   398.292] (II) LoadModule: "fbdev"
[   398.292] (WW) Warning, couldn't open module fbdev
[   398.292] (EE) Failed to load module "fbdev" (module does not exist, 0)
[   398.292] (II) LoadModule: "vesa"
[   398.292] (II) Loading /usr/lib/xorg/modules/drivers/vesa_drv.so
[   398.292] (II) Module vesa: vendor="X.Org Foundation"
[   398.292] 	compiled for 1.20.0, module version = 2.4.0
[   398.292] 	Module class: X.Org Video Driver
[   398.292] 	ABI class: X.Org Video Driver, version 24.0
[   398.292] (II) modesetting: Driver for Modesetting Kernel Drivers: kms
[   398.292] (II) VESA: driver for VESA chipsets: vesa
[   398.292] xf86EnableIOPorts: failed to set IOPL for I/O (Operation not permitted)
[   398.292] (II) modeset(0): using drv /dev/dri/card0
[   398.292] (WW) VGA arbiter: cannot open kernel arbiter, no multi-card support
[   398.293] (II) modeset(0): Creating default Display subsection in Screen section
	"Default Screen Section" for depth/fbbpp 24/32
[   398.293] (==) modeset(0): Depth 24, (==) framebuffer bpp 32
[   398.293] (==) modeset(0): RGB weight 888
[   398.293] (==) modeset(0): Default visual is TrueColor
[   398.293] (II) Loading sub module "glamoregl"
[   398.293] (II) LoadModule: "glamoregl"
[   398.293] (II) Loading /usr/lib/xorg/modules/libglamoregl.so
[   398.296] (II) Module glamoregl: vendor="X.Org Foundation"
[   398.296] 	compiled for 1.20.3, module version = 1.0.1
[   398.296] 	ABI class: X.Org ANSI C Emulation, version 0.4
[   398.313] (II) modeset(0): glamor X acceleration enabled on Mesa DRI Intel(R) Sandybridge Mobile 
[   398.313] (II) modeset(0): glamor initialized
[   398.313] (II) modeset(0): Output LVDS-1 has no monitor section
[   398.314] (II) modeset(0): Output VGA-1 has no monitor section
[   398.495] (II) modeset(0): Output HDMI-1 has no monitor section
[   398.495] (II) modeset(0): Output DP-1 has no monitor section
[   398.496] (II) modeset(0): Output HDMI-2 has no monitor section
[   398.511] (II) modeset(0): Output HDMI-3 has no monitor section
[   398.511] (II) modeset(0): Output DP-2 has no monitor section
[   398.589] (II) modeset(0): Output DP-3 has no monitor section
[   398.590] (II) modeset(0): EDID for output LVDS-1
[   398.590] (II) modeset(0): Manufacturer: LGD  Model: 2d3  Serial#: 0
[   398.590] (II) modeset(0): Year: 2011  Week: 0
[   398.590] (II) modeset(0): EDID Version: 1.3
[   398.590] (II) modeset(0): Digital Display Input
[   398.590] (II) modeset(0): Max Image Size [cm]: horiz.: 28  vert.: 16
[   398.590] (II) modeset(0): Gamma: 2.20
[   398.590] (II) modeset(0): DPMS capabilities: StandBy Suspend Off
[   398.590] (II) modeset(0): Supported color encodings: RGB 4:4:4 YCrCb 4:4:4 
[   398.590] (II) modeset(0): First detailed timing is preferred mode
[   398.590] (II) modeset(0): redX: 0.586 redY: 0.345   greenX: 0.340 greenY: 0.559
[   398.590] (II) modeset(0): blueX: 0.158 blueY: 0.127   whiteX: 0.313 whiteY: 0.329
[   398.590] (II) modeset(0): Manufacturer's mask: 0
[   398.590] (II) modeset(0): Supported detailed timing:
[   398.590] (II) modeset(0): clock: 74.8 MHz   Image Size:  277 x 156 mm
[   398.590] (II) modeset(0): h_active: 1366  h_sync: 1414  h_sync_end 1446 h_blank_end 1578 h_border: 0
[   398.590] (II) modeset(0): v_active: 768  v_sync: 770  v_sync_end 775 v_blanking: 790 v_border: 0
[   398.590] (II) modeset(0):  LG Display
[   398.590] (II) modeset(0):  LP125WH2-TLB1
[   398.590] (II) modeset(0): EDID (in hex):
[   398.590] (II) modeset(0): 	00ffffffffffff0030e4d30200000000
[   398.590] (II) modeset(0): 	00150103801c1078ea10a59658578f28
[   398.590] (II) modeset(0): 	20505400000001010101010101010101
[   398.590] (II) modeset(0): 	010101010101381d56d4500016303020
[   398.590] (II) modeset(0): 	2500159c1000001b0000000000000000
[   398.590] (II) modeset(0): 	00000000000000000000000000fe004c
[   398.590] (II) modeset(0): 	4720446973706c61790a2020000000fe
[   398.590] (II) modeset(0): 	004c503132355748322d544c423100f7
[   398.590] (II) modeset(0): Printing probed modes for output LVDS-1
[   398.590] (II) modeset(0): Modeline "1366x768"x60.0   74.80  1366 1414 1446 1578  768 770 775 790 +hsync -vsync (47.4 kHz eP)
[   398.590] (II) modeset(0): Modeline "1280x720"x120.0  156.12  1280 1376 1512 1744  720 721 724 746 doublescan -hsync +vsync (89.5 kHz d)
[   398.590] (II) modeset(0): Modeline "1280x720"x120.0  120.75  1280 1304 1320 1360  720 721 724 740 doublescan +hsync -vsync (88.8 kHz d)
[   398.590] (II) modeset(0): Modeline "1280x720"x59.9   74.50  1280 1344 1472 1664  720 723 728 748 -hsync +vsync (44.8 kHz d)
[   398.590] (II) modeset(0): Modeline "1280x720"x59.7   63.75  1280 1328 1360 1440  720 723 728 741 +hsync -vsync (44.3 kHz d)
[   398.590] (II) modeset(0): Modeline "1024x768"x120.1  133.47  1024 1100 1212 1400  768 768 770 794 doublescan -hsync +vsync (95.3 kHz d)
[   398.590] (II) modeset(0): Modeline "1024x768"x60.0   65.00  1024 1048 1184 1344  768 771 777 806 -hsync -vsync (48.4 kHz d)
[   398.590] (II) modeset(0): Modeline "960x720"x120.0  117.00  960 1024 1128 1300  720 720 722 750 doublescan -hsync +vsync (90.0 kHz d)
[   398.590] (II) modeset(0): Modeline "928x696"x120.1  109.15  928 976 1088 1264  696 696 698 719 doublescan -hsync +vsync (86.4 kHz d)
[   398.590] (II) modeset(0): Modeline "896x672"x120.0  102.40  896 960 1060 1224  672 672 674 697 doublescan -hsync +vsync (83.7 kHz d)
[   398.590] (II) modeset(0): Modeline "1024x576"x119.9   98.50  1024 1092 1200 1376  576 577 580 597 doublescan -hsync +vsync (71.6 kHz d)
[   398.590] (II) modeset(0): Modeline "1024x576"x119.9   78.38  1024 1048 1064 1104  576 577 580 592 doublescan +hsync -vsync (71.0 kHz d)
[   398.590] (II) modeset(0): Modeline "1024x576"x59.9   46.50  1024 1064 1160 1296  576 579 584 599 -hsync +vsync (35.9 kHz d)
[   398.590] (II) modeset(0): Modeline "1024x576"x59.8   42.00  1024 1072 1104 1184  576 579 584 593 +hsync -vsync (35.5 kHz d)
[   398.590] (II) modeset(0): Modeline "960x600"x119.9   96.62  960 1028 1128 1296  600 601 604 622 doublescan -hsync +vsync (74.6 kHz d)
[   398.590] (II) modeset(0): Modeline "960x600"x120.0   77.00  960 984 1000 1040  600 601 604 617 doublescan +hsync -vsync (74.0 kHz d)
[   398.590] (II) modeset(0): Modeline "960x540"x119.9   86.50  960 1024 1124 1288  540 541 544 560 doublescan -hsync +vsync (67.2 kHz d)
[   398.590] (II) modeset(0): Modeline "960x540"x120.0   69.25  960 984 1000 1040  540 541 544 555 doublescan +hsync -vsync (66.6 kHz d)
[   398.590] (II) modeset(0): Modeline "960x540"x59.6   40.75  960 992 1088 1216  540 543 548 562 -hsync +vsync (33.5 kHz d)
[   398.590] (II) modeset(0): Modeline "960x540"x59.8   37.25  960 1008 1040 1120  540 543 548 556 +hsync -vsync (33.3 kHz d)
[   398.590] (II) modeset(0): Modeline "800x600"x120.0   81.00  800 832 928 1080  600 600 602 625 doublescan +hsync +vsync (75.0 kHz d)
[   398.590] (II) modeset(0): Modeline "800x600"x60.3   40.00  800 840 968 1056  600 601 605 628 +hsync +vsync (37.9 kHz d)
[   398.590] (II) modeset(0): Modeline "800x600"x56.2   36.00  800 824 896 1024  600 601 603 625 +hsync +vsync (35.2 kHz d)
[   398.590] (II) modeset(0): Modeline "840x525"x120.0   73.12  840 892 980 1120  525 526 529 544 doublescan -hsync +vsync (65.3 kHz d)
[   398.590] (II) modeset(0): Modeline "840x525"x119.8   59.50  840 864 880 920  525 526 529 540 doublescan +hsync -vsync (64.7 kHz d)
[   398.590] (II) modeset(0): Modeline "864x486"x59.9   32.50  864 888 968 1072  486 489 494 506 -hsync +vsync (30.3 kHz d)
[   398.590] (II) modeset(0): Modeline "864x486"x59.6   30.50  864 912 944 1024  486 489 494 500 +hsync -vsync (29.8 kHz d)
[   398.590] (II) modeset(0): Modeline "700x525"x120.0   61.00  700 744 820 940  525 526 532 541 doublescan +hsync +vsync (64.9 kHz d)
[   398.590] (II) modeset(0): Modeline "800x450"x119.9   59.12  800 848 928 1056  450 451 454 467 doublescan -hsync +vsync (56.0 kHz d)
[   398.590] (II) modeset(0): Modeline "800x450"x119.6   48.75  800 824 840 880  450 451 454 463 doublescan +hsync -vsync (55.4 kHz d)
[   398.590] (II) modeset(0): Modeline "640x512"x120.0   54.00  640 664 720 844  512 512 514 533 doublescan +hsync +vsync (64.0 kHz d)
[   398.590] (II) modeset(0): Modeline "700x450"x119.9   51.75  700 740 812 924  450 451 456 467 doublescan -hsync +vsync (56.0 kHz d)
[   398.590] (II) modeset(0): Modeline "700x450"x119.8   43.25  700 724 740 780  450 451 456 463 doublescan +hsync -vsync (55.4 kHz d)
[   398.590] (II) modeset(0): Modeline "640x480"x120.0   54.00  640 688 744 900  480 480 482 500 doublescan +hsync +vsync (60.0 kHz d)
[   398.590] (II) modeset(0): Modeline "640x480"x59.9   25.18  640 656 752 800  480 490 492 525 -hsync -vsync (31.5 kHz d)
[   398.590] (II) modeset(0): Modeline "720x405"x59.5   22.50  720 744 808 896  405 408 413 422 -hsync +vsync (25.1 kHz d)
[   398.590] (II) modeset(0): Modeline "720x405"x59.0   21.75  720 768 800 880  405 408 413 419 +hsync -vsync (24.7 kHz d)
[   398.590] (II) modeset(0): Modeline "684x384"x119.8   42.62  684 720 788 892  384 385 390 399 doublescan -hsync +vsync (47.8 kHz d)
[   398.590] (II) modeset(0): Modeline "684x384"x119.7   36.12  684 708 724 764  384 385 390 395 doublescan +hsync -vsync (47.3 kHz d)
[   398.590] (II) modeset(0): Modeline "640x400"x119.8   41.75  640 676 740 840  400 401 404 415 doublescan -hsync +vsync (49.7 kHz d)
[   398.590] (II) modeset(0): Modeline "640x400"x120.0   35.50  640 664 680 720  400 401 404 411 doublescan +hsync -vsync (49.3 kHz d)
[   398.590] (II) modeset(0): Modeline "640x360"x119.7   37.25  640 672 736 832  360 361 364 374 doublescan -hsync +vsync (44.8 kHz d)
[   398.590] (II) modeset(0): Modeline "640x360"x119.7   31.88  640 664 680 720  360 361 364 370 doublescan +hsync -vsync (44.3 kHz d)
[   398.590] (II) modeset(0): Modeline "640x360"x59.8   18.00  640 664 720 800  360 363 368 376 -hsync +vsync (22.5 kHz d)
[   398.590] (II) modeset(0): Modeline "640x360"x59.3   17.75  640 688 720 800  360 363 368 374 +hsync -vsync (22.2 kHz d)
[   398.590] (II) modeset(0): Modeline "512x384"x120.0   32.50  512 524 592 672  384 385 388 403 doublescan -hsync -vsync (48.4 kHz d)
[   398.590] (II) modeset(0): Modeline "512x288"x120.0   23.25  512 532 580 648  288 289 292 299 doublescan -hsync +vsync (35.9 kHz d)
[   398.590] (II) modeset(0): Modeline "512x288"x119.8   21.00  512 536 552 592  288 289 292 296 doublescan +hsync -vsync (35.5 kHz d)
[   398.590] (II) modeset(0): Modeline "480x270"x119.3   20.38  480 496 544 608  270 271 274 281 doublescan -hsync +vsync (33.5 kHz d)
[   398.590] (II) modeset(0): Modeline "480x270"x119.6   18.62  480 504 520 560  270 271 274 278 doublescan +hsync -vsync (33.3 kHz d)
[   398.590] (II) modeset(0): Modeline "400x300"x120.6   20.00  400 420 484 528  300 300 302 314 doublescan +hsync +vsync (37.9 kHz d)
[   398.590] (II) modeset(0): Modeline "400x300"x112.7   18.00  400 412 448 512  300 300 301 312 doublescan +hsync +vsync (35.2 kHz d)
[   398.590] (II) modeset(0): Modeline "432x243"x119.8   16.25  432 444 484 536  243 244 247 253 doublescan -hsync +vsync (30.3 kHz d)
[   398.590] (II) modeset(0): Modeline "432x243"x119.1   15.25  432 456 472 512  243 244 247 250 doublescan +hsync -vsync (29.8 kHz d)
[   398.590] (II) modeset(0): Modeline "320x240"x120.1   12.59  320 328 376 400  240 245 246 262 doublescan -hsync -vsync (31.5 kHz d)
[   398.590] (II) modeset(0): Modeline "360x202"x119.0   11.25  360 372 404 448  202 204 206 211 doublescan -hsync +vsync (25.1 kHz d)
[   398.590] (II) modeset(0): Modeline "360x202"x118.3   10.88  360 384 400 440  202 204 206 209 doublescan +hsync -vsync (24.7 kHz d)
[   398.590] (II) modeset(0): Modeline "320x180"x119.7    9.00  320 332 360 400  180 181 184 188 doublescan -hsync +vsync (22.5 kHz d)
[   398.590] (II) modeset(0): Modeline "320x180"x118.6    8.88  320 344 360 400  180 181 184 187 doublescan +hsync -vsync (22.2 kHz d)
[   398.591] (II) modeset(0): EDID for output VGA-1
[   398.771] (II) modeset(0): EDID for output HDMI-1
[   398.771] (II) modeset(0): EDID for output DP-1
[   398.773] (II) modeset(0): EDID for output HDMI-2
[   398.787] (II) modeset(0): EDID for output HDMI-3
[   398.787] (II) modeset(0): Manufacturer: DEL  Model: 4048  Serial#: 1262963788
[   398.787] (II) modeset(0): Year: 2009  Week: 32
[   398.787] (II) modeset(0): EDID Version: 1.3
[   398.787] (II) modeset(0): Digital Display Input
[   398.787] (II) modeset(0): Max Image Size [cm]: horiz.: 38  vert.: 30
[   398.787] (II) modeset(0): Gamma: 2.20
[   398.787] (II) modeset(0): DPMS capabilities: StandBy Suspend Off
[   398.787] (II) modeset(0): Supported color encodings: RGB 4:4:4 YCrCb 4:4:4 
[   398.787] (II) modeset(0): Default color space is primary color space
[   398.787] (II) modeset(0): First detailed timing is preferred mode
[   398.787] (II) modeset(0): redX: 0.640 redY: 0.330   greenX: 0.300 greenY: 0.600
[   398.787] (II) modeset(0): blueX: 0.150 blueY: 0.060   whiteX: 0.313 whiteY: 0.329
[   398.787] (II) modeset(0): Supported established timings:
[   398.787] (II) modeset(0): 720x400@70Hz
[   398.787] (II) modeset(0): 640x480@60Hz
[   398.787] (II) modeset(0): 640x480@75Hz
[   398.787] (II) modeset(0): 800x600@60Hz
[   398.787] (II) modeset(0): 800x600@75Hz
[   398.787] (II) modeset(0): 1024x768@60Hz
[   398.787] (II) modeset(0): 1024x768@75Hz
[   398.787] (II) modeset(0): 1280x1024@75Hz
[   398.787] (II) modeset(0): Manufacturer's mask: 0
[   398.787] (II) modeset(0): Supported standard timings:
[   398.787] (II) modeset(0): #0: hsize: 1152  vsize 864  refresh: 75  vid: 20337
[   398.788] (II) modeset(0): #1: hsize: 1280  vsize 1024  refresh: 60  vid: 32897
[   398.788] (II) modeset(0): Supported detailed timing:
[   398.788] (II) modeset(0): clock: 108.0 MHz   Image Size:  376 x 301 mm
[   398.788] (II) modeset(0): h_active: 1280  h_sync: 1328  h_sync_end 1440 h_blank_end 1688 h_border: 0
[   398.788] (II) modeset(0): v_active: 1024  v_sync: 1025  v_sync_end 1028 v_blanking: 1066 v_border: 0
[   398.788] (II) modeset(0): Serial No: D307J982KGLL
[   398.788] (II) modeset(0): Monitor name: DEL 1908FPBLK
[   398.788] (II) modeset(0): Ranges: V min: 56 V max: 76 Hz, H min: 30 H max: 81 kHz, PixClock max 145 MHz
[   398.788] (II) modeset(0): EDID (in hex):
[   398.788] (II) modeset(0): 	00ffffffffffff0010ac48404c4c474b
[   398.788] (II) modeset(0): 	2013010380261e78eeee95a3544c9926
[   398.788] (II) modeset(0): 	0f5054a54b00714f8180010101010101
[   398.788] (II) modeset(0): 	010101010101302a009851002a403070
[   398.788] (II) modeset(0): 	1300782d1100001e000000ff00443330
[   398.788] (II) modeset(0): 	374a3938324b474c4c0a000000fc0044
[   398.788] (II) modeset(0): 	454c20313930384650424c4b000000fd
[   398.788] (II) modeset(0): 	00384c1e510e000a2020202020200016
[   398.788] (II) modeset(0): Printing probed modes for output HDMI-3
[   398.788] (II) modeset(0): Modeline "1280x1024"x60.0  108.00  1280 1328 1440 1688  1024 1025 1028 1066 +hsync +vsync (64.0 kHz eP)
[   398.788] (II) modeset(0): Modeline "1280x1024"x75.0  135.00  1280 1296 1440 1688  1024 1025 1028 1066 +hsync +vsync (80.0 kHz e)
[   398.788] (II) modeset(0): Modeline "1152x864"x75.0  108.00  1152 1216 1344 1600  864 865 868 900 +hsync +vsync (67.5 kHz e)
[   398.788] (II) modeset(0): Modeline "1024x768"x75.0   78.75  1024 1040 1136 1312  768 769 772 800 +hsync +vsync (60.0 kHz e)
[   398.788] (II) modeset(0): Modeline "1024x768"x60.0   65.00  1024 1048 1184 1344  768 771 777 806 -hsync -vsync (48.4 kHz e)
[   398.788] (II) modeset(0): Modeline "800x600"x75.0   49.50  800 816 896 1056  600 601 604 625 +hsync +vsync (46.9 kHz e)
[   398.788] (II) modeset(0): Modeline "800x600"x60.3   40.00  800 840 968 1056  600 601 605 628 +hsync +vsync (37.9 kHz e)
[   398.788] (II) modeset(0): Modeline "640x480"x75.0   31.50  640 656 720 840  480 481 484 500 -hsync -vsync (37.5 kHz e)
[   398.788] (II) modeset(0): Modeline "640x480"x59.9   25.18  640 656 752 800  480 490 492 525 -hsync -vsync (31.5 kHz e)
[   398.788] (II) modeset(0): Modeline "720x400"x70.1   28.32  720 738 846 900  400 412 414 449 -hsync +vsync (31.5 kHz e)
[   398.788] (II) modeset(0): EDID for output DP-2
[   398.867] (II) modeset(0): EDID for output DP-3
[   398.867] (II) modeset(0): Output LVDS-1 connected
[   398.867] (II) modeset(0): Output VGA-1 disconnected
[   398.867] (II) modeset(0): Output HDMI-1 disconnected
[   398.867] (II) modeset(0): Output DP-1 disconnected
[   398.867] (II) modeset(0): Output HDMI-2 disconnected
[   398.867] (II) modeset(0): Output HDMI-3 connected
[   398.867] (II) modeset(0): Output DP-2 disconnected
[   398.867] (II) modeset(0): Output DP-3 disconnected
[   398.867] (II) modeset(0): Using spanning desktop for initial modes
[   398.867] (II) modeset(0): Output LVDS-1 using initial mode 1366x768 +0+0
[   398.867] (II) modeset(0): Output HDMI-3 using initial mode 1280x1024 +1366+0
[   398.867] (==) modeset(0): Using gamma correction (1.0, 1.0, 1.0)
[   398.867] (==) modeset(0): DPI set to (96, 96)
[   398.867] (II) Loading sub module "fb"
[   398.867] (II) LoadModule: "fb"
[   398.867] (II) Loading /usr/lib/xorg/modules/libfb.so
[   398.867] (II) Module fb: vendor="X.Org Foundation"
[   398.867] 	compiled for 1.20.3, module version = 1.0.0
[   398.867] 	ABI class: X.Org ANSI C Emulation, version 0.4
[   398.867] (II) UnloadModule: "vesa"
[   398.867] (II) Unloading vesa
[   398.940] (==) modeset(0): Backing store enabled
[   398.940] (==) modeset(0): Silken mouse disabled
[   399.055] (II) modeset(0): Initializing kms color map for depth 24, 8 bpc.
[   399.056] (==) modeset(0): DPMS enabled
[   399.057] (II) modeset(0): [DRI2] Setup complete
[   399.057] (II) modeset(0): [DRI2]   DRI driver: i965
[   399.057] (II) modeset(0): [DRI2]   VDPAU driver: i965
[   399.057] (II) Initializing extension Generic Event Extension
[   399.057] (II) Initializing extension SHAPE
[   399.057] (II) Initializing extension MIT-SHM
[   399.057] (II) Initializing extension XInputExtension
[   399.057] (II) Initializing extension XTEST
[   399.057] (II) Initializing extension BIG-REQUESTS
[   399.057] (II) Initializing extension SYNC
[   399.057] (II) Initializing extension XKEYBOARD
[   399.057] (II) Initializing extension XC-MISC
[   399.057] (II) Initializing extension SECURITY
[   399.057] (II) Initializing extension XFIXES
[   399.057] (II) Initializing extension RENDER
[   399.057] (II) Initializing extension RANDR
[   399.057] (II) Initializing extension COMPOSITE
[   399.057] (II) Initializing extension DAMAGE
[   399.057] (II) Initializing extension MIT-SCREEN-SAVER
[   399.057] (II) Initializing extension DOUBLE-BUFFER
[   399.057] (II) Initializing extension RECORD
[   399.057] (II) Initializing extension DPMS
[   399.057] (II) Initializing extension Present
[   399.058] (II) Initializing extension DRI3
[   399.058] (II) Initializing extension X-Resource
[   399.058] (II) Initializing extension XVideo
[   399.058] (II) Initializing extension XVideo-MotionCompensation
[   399.058] (II) Initializing extension GLX
[   399.074] (II) AIGLX: Loaded and initialized i965
[   399.074] (II) GLX: Initialized DRI2 GL provider for screen 0
[   399.074] (II) Initializing extension XFree86-VidModeExtension
[   399.074] (II) Initializing extension XFree86-DGA
[   399.074] (II) Initializing extension XFree86-DRI
[   399.074] (II) Initializing extension DRI2
[   399.075] (II) modeset(0): Damage tracking initialized
[   399.075] (II) modeset(0): Setting screen physical size to 700 x 270
[   399.153] (II) config/udev: Adding input device Power Button (/dev/input/event2)
[   399.153] (**) Power Button: Applying InputClass "libinput keyboard catchall"
[   399.153] (II) LoadModule: "libinput"
[   399.154] (II) Loading /usr/lib/xorg/modules/input/libinput_drv.so
[   399.155] (II) Module libinput: vendor="X.Org Foundation"
[   399.155] 	compiled for 1.20.3, module version = 0.28.2
[   399.155] 	Module class: X.Org XInput Driver
[   399.155] 	ABI class: X.Org XInput driver, version 24.1
[   399.155] (II) Using input driver 'libinput' for 'Power Button'
[   399.156] (II) systemd-logind: got fd for /dev/input/event2 13:66 fd 14 paused 0
[   399.156] (**) Power Button: always reports core events
[   399.156] (**) Option "Device" "/dev/input/event2"
[   399.156] (**) Option "_source" "server/udev"
[   399.159] (II) event2  - Power Button: is tagged by udev as: Keyboard
[   399.159] (II) event2  - Power Button: device is a keyboard
[   399.159] (II) event2  - Power Button: device removed
[   399.159] (**) Option "config_info" "udev:/sys/devices/LNXSYSTM:00/LNXPWRBN:00/input/input2/event2"
[   399.159] (II) XINPUT: Adding extended input device "Power Button" (type: KEYBOARD, id 6)
[   399.160] (II) event2  - Power Button: is tagged by udev as: Keyboard
[   399.160] (II) event2  - Power Button: device is a keyboard
[   399.161] (II) config/udev: Adding input device Video Bus (/dev/input/event21)
[   399.161] (**) Video Bus: Applying InputClass "libinput keyboard catchall"
[   399.161] (II) Using input driver 'libinput' for 'Video Bus'
[   399.162] (II) systemd-logind: got fd for /dev/input/event21 13:85 fd 17 paused 0
[   399.162] (**) Video Bus: always reports core events
[   399.162] (**) Option "Device" "/dev/input/event21"
[   399.162] (**) Option "_source" "server/udev"
[   399.164] (II) event21 - Video Bus: is tagged by udev as: Keyboard
[   399.164] (II) event21 - Video Bus: device is a keyboard
[   399.164] (II) event21 - Video Bus: device removed
[   399.164] (**) Option "config_info" "udev:/sys/devices/LNXSYSTM:00/LNXSYBUS:00/PNP0A08:00/LNXVIDEO:00/input/input25/event21"
[   399.164] (II) XINPUT: Adding extended input device "Video Bus" (type: KEYBOARD, id 7)
[   399.166] (II) event21 - Video Bus: is tagged by udev as: Keyboard
[   399.166] (II) event21 - Video Bus: device is a keyboard
[   399.167] (II) config/udev: Adding input device Lid Switch (/dev/input/event0)
[   399.167] (II) No input driver specified, ignoring this device.
[   399.167] (II) This device may have been added with another device file.
[   399.167] (II) config/udev: Adding input device Sleep Button (/dev/input/event1)
[   399.167] (**) Sleep Button: Applying InputClass "libinput keyboard catchall"
[   399.167] (II) Using input driver 'libinput' for 'Sleep Button'
[   399.168] (II) systemd-logind: got fd for /dev/input/event1 13:65 fd 18 paused 0
[   399.169] (**) Sleep Button: always reports core events
[   399.169] (**) Option "Device" "/dev/input/event1"
[   399.169] (**) Option "_source" "server/udev"
[   399.170] (II) event1  - Sleep Button: is tagged by udev as: Keyboard
[   399.170] (II) event1  - Sleep Button: device is a keyboard
[   399.170] (II) event1  - Sleep Button: device removed
[   399.170] (**) Option "config_info" "udev:/sys/devices/LNXSYSTM:00/LNXSYBUS:00/PNP0C0E:00/input/input1/event1"
[   399.170] (II) XINPUT: Adding extended input device "Sleep Button" (type: KEYBOARD, id 8)
[   399.172] (II) event1  - Sleep Button: is tagged by udev as: Keyboard
[   399.172] (II) event1  - Sleep Button: device is a keyboard
[   399.175] (II) config/udev: Adding input device Razer Razer Firefly (/dev/input/event4)
[   399.175] (**) Razer Razer Firefly: Applying InputClass "libinput pointer catchall"
[   399.175] (II) Using input driver 'libinput' for 'Razer Razer Firefly'
[   399.176] (II) systemd-logind: got fd for /dev/input/event4 13:68 fd 19 paused 0
[   399.176] (**) Razer Razer Firefly: always reports core events
[   399.176] (**) Option "Device" "/dev/input/event4"
[   399.176] (**) Option "_source" "server/udev"
[   399.179] (II) event4  - Razer Razer Firefly: is tagged by udev as: Mouse
[   399.179] (II) event4  - Razer Razer Firefly: device is a pointer
[   399.179] (II) event4  - Razer Razer Firefly: device removed
[   399.179] (**) Option "config_info" "udev:/sys/devices/pci0000:00/0000:00:1a.0/usb1/1-1/1-1.5/1-1.5.1/1-1.5.1:1.0/0003:1532:0C00.0001/input/input5/event4"
[   399.179] (II) XINPUT: Adding extended input device "Razer Razer Firefly" (type: MOUSE, id 9)
[   399.179] (**) Option "AccelerationScheme" "none"
[   399.179] (**) Razer Razer Firefly: (accel) selected scheme none/0
[   399.179] (**) Razer Razer Firefly: (accel) acceleration factor: 2.000
[   399.179] (**) Razer Razer Firefly: (accel) acceleration threshold: 4
[   399.183] (II) event4  - Razer Razer Firefly: is tagged by udev as: Mouse
[   399.183] (II) event4  - Razer Razer Firefly: device is a pointer
[   399.184] (II) config/udev: Adding input device Razer Razer Firefly (/dev/input/mouse0)
[   399.184] (II) No input driver specified, ignoring this device.
[   399.184] (II) This device may have been added with another device file.
[   399.186] (II) config/udev: Adding input device Razer Razer Firefly Keyboard (/dev/input/event5)
[   399.186] (**) Razer Razer Firefly Keyboard: Applying InputClass "libinput keyboard catchall"
[   399.186] (II) Using input driver 'libinput' for 'Razer Razer Firefly Keyboard'
[   399.187] (II) systemd-logind: got fd for /dev/input/event5 13:69 fd 20 paused 0
[   399.187] (**) Razer Razer Firefly Keyboard: always reports core events
[   399.187] (**) Option "Device" "/dev/input/event5"
[   399.187] (**) Option "_source" "server/udev"
[   399.190] (II) event5  - Razer Razer Firefly Keyboard: is tagged by udev as: Keyboard
[   399.190] (II) event5  - Razer Razer Firefly Keyboard: device is a keyboard
[   399.191] (II) event5  - Razer Razer Firefly Keyboard: device removed
[   399.191] (**) Option "config_info" "udev:/sys/devices/pci0000:00/0000:00:1a.0/usb1/1-1/1-1.5/1-1.5.1/1-1.5.1:1.1/0003:1532:0C00.0002/input/input6/event5"
[   399.191] (II) XINPUT: Adding extended input device "Razer Razer Firefly Keyboard" (type: KEYBOARD, id 10)
[   399.192] (II) event5  - Razer Razer Firefly Keyboard: is tagged by udev as: Keyboard
[   399.192] (II) event5  - Razer Razer Firefly Keyboard: device is a keyboard
[   399.193] (II) config/udev: Adding input device Razer Razer Firefly Consumer Control (/dev/input/event6)
[   399.193] (**) Razer Razer Firefly Consumer Control: Applying InputClass "libinput keyboard catchall"
[   399.193] (II) Using input driver 'libinput' for 'Razer Razer Firefly Consumer Control'
[   399.195] (II) systemd-logind: got fd for /dev/input/event6 13:70 fd 21 paused 0
[   399.195] (**) Razer Razer Firefly Consumer Control: always reports core events
[   399.195] (**) Option "Device" "/dev/input/event6"
[   399.195] (**) Option "_source" "server/udev"
[   399.199] (II) event6  - Razer Razer Firefly Consumer Control: is tagged by udev as: Keyboard
[   399.199] (II) event6  - Razer Razer Firefly Consumer Control: device is a keyboard
[   399.199] (II) event6  - Razer Razer Firefly Consumer Control: device removed
[   399.199] (II) libinput: Razer Razer Firefly Consumer Control: needs a virtual subdevice
[   399.199] (**) Option "config_info" "udev:/sys/devices/pci0000:00/0000:00:1a.0/usb1/1-1/1-1.5/1-1.5.1/1-1.5.1:1.1/0003:1532:0C00.0002/input/input7/event6"
[   399.199] (II) XINPUT: Adding extended input device "Razer Razer Firefly Consumer Control" (type: MOUSE, id 11)
[   399.199] (**) Option "AccelerationScheme" "none"
[   399.199] (**) Razer Razer Firefly Consumer Control: (accel) selected scheme none/0
[   399.199] (**) Razer Razer Firefly Consumer Control: (accel) acceleration factor: 2.000
[   399.199] (**) Razer Razer Firefly Consumer Control: (accel) acceleration threshold: 4
[   399.202] (II) event6  - Razer Razer Firefly Consumer Control: is tagged by udev as: Keyboard
[   399.202] (II) event6  - Razer Razer Firefly Consumer Control: device is a keyboard
[   399.203] (II) config/udev: Adding input device Razer Razer Firefly System Control (/dev/input/event7)
[   399.203] (**) Razer Razer Firefly System Control: Applying InputClass "libinput keyboard catchall"
[   399.203] (II) Using input driver 'libinput' for 'Razer Razer Firefly System Control'
[   399.204] (II) systemd-logind: got fd for /dev/input/event7 13:71 fd 22 paused 0
[   399.204] (**) Razer Razer Firefly System Control: always reports core events
[   399.204] (**) Option "Device" "/dev/input/event7"
[   399.204] (**) Option "_source" "server/udev"
[   399.205] (II) event7  - Razer Razer Firefly System Control: is tagged by udev as: Keyboard
[   399.205] (II) event7  - Razer Razer Firefly System Control: device is a keyboard
[   399.205] (II) event7  - Razer Razer Firefly System Control: device removed
[   399.205] (**) Option "config_info" "udev:/sys/devices/pci0000:00/0000:00:1a.0/usb1/1-1/1-1.5/1-1.5.1/1-1.5.1:1.1/0003:1532:0C00.0002/input/input8/event7"
[   399.205] (II) XINPUT: Adding extended input device "Razer Razer Firefly System Control" (type: KEYBOARD, id 12)
[   399.207] (II) event7  - Razer Razer Firefly System Control: is tagged by udev as: Keyboard
[   399.207] (II) event7  - Razer Razer Firefly System Control: device is a keyboard
[   399.208] (II) config/udev: Adding input device Razer Razer Firefly (/dev/input/event8)
[   399.208] (II) No input driver specified, ignoring this device.
[   399.208] (II) This device may have been added with another device file.
[   399.209] (II) config/udev: Adding input device Razer Razer Firefly (/dev/input/event9)
[   399.209] (**) Razer Razer Firefly: Applying InputClass "libinput keyboard catchall"
[   399.209] (II) Using input driver 'libinput' for 'Razer Razer Firefly'
[   399.210] (II) systemd-logind: got fd for /dev/input/event9 13:73 fd 23 paused 0
[   399.210] (**) Razer Razer Firefly: always reports core events
[   399.210] (**) Option "Device" "/dev/input/event9"
[   399.210] (**) Option "_source" "server/udev"
[   399.212] (II) event9  - Razer Razer Firefly: is tagged by udev as: Keyboard
[   399.212] (II) event9  - Razer Razer Firefly: device is a keyboard
[   399.212] (II) event9  - Razer Razer Firefly: device removed
[   399.212] (**) Option "config_info" "udev:/sys/devices/pci0000:00/0000:00:1a.0/usb1/1-1/1-1.5/1-1.5.1/1-1.5.1:1.2/0003:1532:0C00.0003/input/input10/event9"
[   399.212] (II) XINPUT: Adding extended input device "Razer Razer Firefly" (type: KEYBOARD, id 13)
[   399.213] (II) event9  - Razer Razer Firefly: is tagged by udev as: Keyboard
[   399.213] (II) event9  - Razer Razer Firefly: device is a keyboard
[   399.214] (II) config/udev: Adding input device Weltrend USB Mouse (/dev/input/event10)
[   399.214] (**) Weltrend USB Mouse: Applying InputClass "libinput keyboard catchall"
[   399.214] (II) Using input driver 'libinput' for 'Weltrend USB Mouse'
[   399.216] (II) systemd-logind: got fd for /dev/input/event10 13:74 fd 24 paused 0
[   399.216] (**) Weltrend USB Mouse: always reports core events
[   399.216] (**) Option "Device" "/dev/input/event10"
[   399.216] (**) Option "_source" "server/udev"
[   399.218] (II) event10 - Weltrend USB Mouse: is tagged by udev as: Keyboard
[   399.218] (II) event10 - Weltrend USB Mouse: device is a keyboard
[   399.219] (II) event10 - Weltrend USB Mouse: device removed
[   399.219] (**) Option "config_info" "udev:/sys/devices/pci0000:00/0000:00:1a.0/usb1/1-1/1-1.5/1-1.5.2/1-1.5.2:1.0/0003:040B:0A67.0004/input/input11/event10"
[   399.219] (II) XINPUT: Adding extended input device "Weltrend USB Mouse" (type: KEYBOARD, id 14)
[   399.221] (II) event10 - Weltrend USB Mouse: is tagged by udev as: Keyboard
[   399.221] (II) event10 - Weltrend USB Mouse: device is a keyboard
[   399.223] (II) config/udev: Adding input device Weltrend USB Mouse System Control (/dev/input/event11)
[   399.223] (**) Weltrend USB Mouse System Control: Applying InputClass "libinput keyboard catchall"
[   399.223] (II) Using input driver 'libinput' for 'Weltrend USB Mouse System Control'
[   399.224] (II) systemd-logind: got fd for /dev/input/event11 13:75 fd 25 paused 0
[   399.224] (**) Weltrend USB Mouse System Control: always reports core events
[   399.224] (**) Option "Device" "/dev/input/event11"
[   399.224] (**) Option "_source" "server/udev"
[   399.226] (II) event11 - Weltrend USB Mouse System Control: is tagged by udev as: Keyboard
[   399.227] (II) event11 - Weltrend USB Mouse System Control: device is a keyboard
[   399.227] (II) event11 - Weltrend USB Mouse System Control: device removed
[   399.227] (**) Option "config_info" "udev:/sys/devices/pci0000:00/0000:00:1a.0/usb1/1-1/1-1.5/1-1.5.2/1-1.5.2:1.1/0003:040B:0A67.0005/input/input12/event11"
[   399.227] (II) XINPUT: Adding extended input device "Weltrend USB Mouse System Control" (type: KEYBOARD, id 15)
[   399.229] (II) event11 - Weltrend USB Mouse System Control: is tagged by udev as: Keyboard
[   399.229] (II) event11 - Weltrend USB Mouse System Control: device is a keyboard
[   399.230] (II) config/udev: Adding input device Weltrend USB Mouse Consumer Control (/dev/input/event12)
[   399.230] (**) Weltrend USB Mouse Consumer Control: Applying InputClass "libinput keyboard catchall"
[   399.230] (II) Using input driver 'libinput' for 'Weltrend USB Mouse Consumer Control'
[   399.231] (II) systemd-logind: got fd for /dev/input/event12 13:76 fd 26 paused 0
[   399.231] (**) Weltrend USB Mouse Consumer Control: always reports core events
[   399.231] (**) Option "Device" "/dev/input/event12"
[   399.231] (**) Option "_source" "server/udev"
[   399.232] (II) event12 - Weltrend USB Mouse Consumer Control: is tagged by udev as: Keyboard
[   399.232] (II) event12 - Weltrend USB Mouse Consumer Control: device is a keyboard
[   399.232] (II) event12 - Weltrend USB Mouse Consumer Control: device removed
[   399.232] (**) Option "config_info" "udev:/sys/devices/pci0000:00/0000:00:1a.0/usb1/1-1/1-1.5/1-1.5.2/1-1.5.2:1.1/0003:040B:0A67.0005/input/input13/event12"
[   399.232] (II) XINPUT: Adding extended input device "Weltrend USB Mouse Consumer Control" (type: KEYBOARD, id 16)
[   399.234] (II) event12 - Weltrend USB Mouse Consumer Control: is tagged by udev as: Keyboard
[   399.234] (II) event12 - Weltrend USB Mouse Consumer Control: device is a keyboard
[   399.234] (II) config/udev: Adding input device Weltrend USB Mouse Keyboard (/dev/input/event13)
[   399.234] (**) Weltrend USB Mouse Keyboard: Applying InputClass "libinput keyboard catchall"
[   399.234] (II) Using input driver 'libinput' for 'Weltrend USB Mouse Keyboard'
[   399.235] (II) systemd-logind: got fd for /dev/input/event13 13:77 fd 27 paused 0
[   399.235] (**) Weltrend USB Mouse Keyboard: always reports core events
[   399.235] (**) Option "Device" "/dev/input/event13"
[   399.235] (**) Option "_source" "server/udev"
[   399.238] (II) event13 - Weltrend USB Mouse Keyboard: is tagged by udev as: Keyboard
[   399.238] (II) event13 - Weltrend USB Mouse Keyboard: device is a keyboard
[   399.239] (II) event13 - Weltrend USB Mouse Keyboard: device removed
[   399.239] (**) Option "config_info" "udev:/sys/devices/pci0000:00/0000:00:1a.0/usb1/1-1/1-1.5/1-1.5.2/1-1.5.2:1.1/0003:040B:0A67.0005/input/input14/event13"
[   399.239] (II) XINPUT: Adding extended input device "Weltrend USB Mouse Keyboard" (type: KEYBOARD, id 17)
[   399.242] (II) event13 - Weltrend USB Mouse Keyboard: is tagged by udev as: Keyboard
[   399.242] (II) event13 - Weltrend USB Mouse Keyboard: device is a keyboard
[   399.243] (II) config/udev: Adding input device USB Optical Mouse (/dev/input/event14)
[   399.243] (**) USB Optical Mouse: Applying InputClass "libinput pointer catchall"
[   399.243] (II) Using input driver 'libinput' for 'USB Optical Mouse'
[   399.244] (II) systemd-logind: got fd for /dev/input/event14 13:78 fd 28 paused 0
[   399.244] (**) USB Optical Mouse: always reports core events
[   399.244] (**) Option "Device" "/dev/input/event14"
[   399.244] (**) Option "_source" "server/udev"
[   399.245] (II) event14 - USB Optical Mouse: is tagged by udev as: Mouse
[   399.245] (II) event14 - USB Optical Mouse: device is a pointer
[   399.245] (II) event14 - USB Optical Mouse: device removed
[   399.245] (**) Option "config_info" "udev:/sys/devices/pci0000:00/0000:00:1a.0/usb1/1-1/1-1.5/1-1.5.3/1-1.5.3:1.0/0003:0461:4D20.0006/input/input15/event14"
[   399.245] (II) XINPUT: Adding extended input device "USB Optical Mouse" (type: MOUSE, id 18)
[   399.245] (**) Option "AccelerationScheme" "none"
[   399.245] (**) USB Optical Mouse: (accel) selected scheme none/0
[   399.245] (**) USB Optical Mouse: (accel) acceleration factor: 2.000
[   399.245] (**) USB Optical Mouse: (accel) acceleration threshold: 4
[   399.247] (II) event14 - USB Optical Mouse: is tagged by udev as: Mouse
[   399.247] (II) event14 - USB Optical Mouse: device is a pointer
[   399.248] (II) config/udev: Adding input device USB Optical Mouse (/dev/input/mouse1)
[   399.248] (II) No input driver specified, ignoring this device.
[   399.248] (II) This device may have been added with another device file.
[   399.249] (II) config/udev: Adding input device Logitech Gaming Mouse G502 (/dev/input/event15)
[   399.249] (**) Logitech Gaming Mouse G502: Applying InputClass "libinput pointer catchall"
[   399.249] (II) Using input driver 'libinput' for 'Logitech Gaming Mouse G502'
[   399.250] (II) systemd-logind: got fd for /dev/input/event15 13:79 fd 29 paused 0
[   399.250] (**) Logitech Gaming Mouse G502: always reports core events
[   399.250] (**) Option "Device" "/dev/input/event15"
[   399.250] (**) Option "_source" "server/udev"
[   399.253] (II) event15 - Logitech Gaming Mouse G502: is tagged by udev as: Mouse
[   399.253] (II) event15 - Logitech Gaming Mouse G502: device set to 2400 DPI
[   399.253] (II) event15 - Logitech Gaming Mouse G502: device is a pointer
[   399.253] (II) event15 - Logitech Gaming Mouse G502: device removed
[   399.253] (**) Option "config_info" "udev:/sys/devices/pci0000:00/0000:00:1a.0/usb1/1-1/1-1.5/1-1.5.4/1-1.5.4:1.0/0003:046D:C332.0007/input/input16/event15"
[   399.253] (II) XINPUT: Adding extended input device "Logitech Gaming Mouse G502" (type: MOUSE, id 19)
[   399.253] (**) Option "AccelerationScheme" "none"
[   399.254] (**) Logitech Gaming Mouse G502: (accel) selected scheme none/0
[   399.254] (**) Logitech Gaming Mouse G502: (accel) acceleration factor: 2.000
[   399.254] (**) Logitech Gaming Mouse G502: (accel) acceleration threshold: 4
[   399.256] (II) event15 - Logitech Gaming Mouse G502: is tagged by udev as: Mouse
[   399.256] (II) event15 - Logitech Gaming Mouse G502: device set to 2400 DPI
[   399.256] (II) event15 - Logitech Gaming Mouse G502: device is a pointer
[   399.258] (II) config/udev: Adding input device Logitech Gaming Mouse G502 (/dev/input/mouse2)
[   399.258] (II) No input driver specified, ignoring this device.
[   399.258] (II) This device may have been added with another device file.
[   399.259] (II) config/udev: Adding input device Logitech Gaming Mouse G502 Keyboard (/dev/input/event16)
[   399.259] (**) Logitech Gaming Mouse G502 Keyboard: Applying InputClass "libinput keyboard catchall"
[   399.259] (II) Using input driver 'libinput' for 'Logitech Gaming Mouse G502 Keyboard'
[   399.261] (II) systemd-logind: got fd for /dev/input/event16 13:80 fd 30 paused 0
[   399.261] (**) Logitech Gaming Mouse G502 Keyboard: always reports core events
[   399.261] (**) Option "Device" "/dev/input/event16"
[   399.261] (**) Option "_source" "server/udev"
[   399.264] (II) event16 - Logitech Gaming Mouse G502 Keyboard: is tagged by udev as: Keyboard
[   399.264] (II) event16 - Logitech Gaming Mouse G502 Keyboard: device is a keyboard
[   399.264] (II) event16 - Logitech Gaming Mouse G502 Keyboard: device removed
[   399.264] (**) Option "config_info" "udev:/sys/devices/pci0000:00/0000:00:1a.0/usb1/1-1/1-1.5/1-1.5.4/1-1.5.4:1.1/0003:046D:C332.0008/input/input17/event16"
[   399.264] (II) XINPUT: Adding extended input device "Logitech Gaming Mouse G502 Keyboard" (type: KEYBOARD, id 20)
[   399.266] (II) event16 - Logitech Gaming Mouse G502 Keyboard: is tagged by udev as: Keyboard
[   399.266] (II) event16 - Logitech Gaming Mouse G502 Keyboard: device is a keyboard
[   399.266] (II) config/udev: Adding input device Logitech Gaming Mouse G502 Consumer Control (/dev/input/event17)
[   399.266] (**) Logitech Gaming Mouse G502 Consumer Control: Applying InputClass "libinput keyboard catchall"
[   399.266] (II) Using input driver 'libinput' for 'Logitech Gaming Mouse G502 Consumer Control'
[   399.268] (II) systemd-logind: got fd for /dev/input/event17 13:81 fd 31 paused 0
[   399.268] (**) Logitech Gaming Mouse G502 Consumer Control: always reports core events
[   399.268] (**) Option "Device" "/dev/input/event17"
[   399.268] (**) Option "_source" "server/udev"
[   399.269] (II) event17 - Logitech Gaming Mouse G502 Consumer Control: is tagged by udev as: Keyboard
[   399.269] (II) event17 - Logitech Gaming Mouse G502 Consumer Control: device is a keyboard
[   399.269] (II) event17 - Logitech Gaming Mouse G502 Consumer Control: device removed
[   399.269] (II) libinput: Logitech Gaming Mouse G502 Consumer Control: needs a virtual subdevice
[   399.269] (**) Option "config_info" "udev:/sys/devices/pci0000:00/0000:00:1a.0/usb1/1-1/1-1.5/1-1.5.4/1-1.5.4:1.1/0003:046D:C332.0008/input/input18/event17"
[   399.269] (II) XINPUT: Adding extended input device "Logitech Gaming Mouse G502 Consumer Control" (type: MOUSE, id 21)
[   399.269] (**) Option "AccelerationScheme" "none"
[   399.269] (**) Logitech Gaming Mouse G502 Consumer Control: (accel) selected scheme none/0
[   399.269] (**) Logitech Gaming Mouse G502 Consumer Control: (accel) acceleration factor: 2.000
[   399.269] (**) Logitech Gaming Mouse G502 Consumer Control: (accel) acceleration threshold: 4
[   399.270] (II) event17 - Logitech Gaming Mouse G502 Consumer Control: is tagged by udev as: Keyboard
[   399.270] (II) event17 - Logitech Gaming Mouse G502 Consumer Control: device is a keyboard
[   399.271] (II) config/udev: Adding input device Logitech Gaming Mouse G502 System Control (/dev/input/event18)
[   399.271] (**) Logitech Gaming Mouse G502 System Control: Applying InputClass "libinput keyboard catchall"
[   399.271] (II) Using input driver 'libinput' for 'Logitech Gaming Mouse G502 System Control'
[   399.272] (II) systemd-logind: got fd for /dev/input/event18 13:82 fd 32 paused 0
[   399.272] (**) Logitech Gaming Mouse G502 System Control: always reports core events
[   399.272] (**) Option "Device" "/dev/input/event18"
[   399.272] (**) Option "_source" "server/udev"
[   399.273] (II) event18 - Logitech Gaming Mouse G502 System Control: is tagged by udev as: Keyboard
[   399.274] (II) event18 - Logitech Gaming Mouse G502 System Control: device is a keyboard
[   399.274] (II) event18 - Logitech Gaming Mouse G502 System Control: device removed
[   399.274] (**) Option "config_info" "udev:/sys/devices/pci0000:00/0000:00:1a.0/usb1/1-1/1-1.5/1-1.5.4/1-1.5.4:1.1/0003:046D:C332.0008/input/input19/event18"
[   399.274] (II) XINPUT: Adding extended input device "Logitech Gaming Mouse G502 System Control" (type: KEYBOARD, id 22)
[   399.275] (II) event18 - Logitech Gaming Mouse G502 System Control: is tagged by udev as: Keyboard
[   399.275] (II) event18 - Logitech Gaming Mouse G502 System Control: device is a keyboard
[   399.275] (II) config/udev: Adding input device HDA Intel PCH Mic (/dev/input/event23)
[   399.275] (II) No input driver specified, ignoring this device.
[   399.275] (II) This device may have been added with another device file.
[   399.276] (II) config/udev: Adding input device HDA Intel PCH Dock Mic (/dev/input/event24)
[   399.276] (II) No input driver specified, ignoring this device.
[   399.276] (II) This device may have been added with another device file.
[   399.276] (II) config/udev: Adding input device HDA Intel PCH Dock Headphone (/dev/input/event25)
[   399.276] (II) No input driver specified, ignoring this device.
[   399.276] (II) This device may have been added with another device file.
[   399.276] (II) config/udev: Adding input device HDA Intel PCH Headphone (/dev/input/event26)
[   399.276] (II) No input driver specified, ignoring this device.
[   399.276] (II) This device may have been added with another device file.
[   399.277] (II) config/udev: Adding input device HDA Intel PCH HDMI/DP,pcm=3 (/dev/input/event27)
[   399.277] (II) No input driver specified, ignoring this device.
[   399.277] (II) This device may have been added with another device file.
[   399.277] (II) config/udev: Adding input device HDA Intel PCH HDMI/DP,pcm=7 (/dev/input/event28)
[   399.277] (II) No input driver specified, ignoring this device.
[   399.277] (II) This device may have been added with another device file.
[   399.277] (II) config/udev: Adding input device HDA Intel PCH HDMI/DP,pcm=8 (/dev/input/event29)
[   399.277] (II) No input driver specified, ignoring this device.
[   399.277] (II) This device may have been added with another device file.
[   399.277] (II) config/udev: Adding input device AT Translated Set 2 keyboard (/dev/input/event3)
[   399.277] (**) AT Translated Set 2 keyboard: Applying InputClass "libinput keyboard catchall"
[   399.277] (II) Using input driver 'libinput' for 'AT Translated Set 2 keyboard'
[   399.279] (II) systemd-logind: got fd for /dev/input/event3 13:67 fd 33 paused 0
[   399.279] (**) AT Translated Set 2 keyboard: always reports core events
[   399.279] (**) Option "Device" "/dev/input/event3"
[   399.279] (**) Option "_source" "server/udev"
[   399.280] (II) event3  - AT Translated Set 2 keyboard: is tagged by udev as: Keyboard
[   399.280] (II) event3  - AT Translated Set 2 keyboard: device is a keyboard
[   399.281] (II) event3  - AT Translated Set 2 keyboard: device removed
[   399.281] (**) Option "config_info" "udev:/sys/devices/platform/i8042/serio0/input/input3/event3"
[   399.281] (II) XINPUT: Adding extended input device "AT Translated Set 2 keyboard" (type: KEYBOARD, id 23)
[   399.282] (II) event3  - AT Translated Set 2 keyboard: is tagged by udev as: Keyboard
[   399.282] (II) event3  - AT Translated Set 2 keyboard: device is a keyboard
[   399.284] (II) config/udev: Adding input device SynPS/2 Synaptics TouchPad (/dev/input/event20)
[   399.284] (**) SynPS/2 Synaptics TouchPad: Applying InputClass "libinput touchpad catchall"
[   399.284] (II) Using input driver 'libinput' for 'SynPS/2 Synaptics TouchPad'
[   399.285] (II) systemd-logind: got fd for /dev/input/event20 13:84 fd 34 paused 0
[   399.285] (**) SynPS/2 Synaptics TouchPad: always reports core events
[   399.285] (**) Option "Device" "/dev/input/event20"
[   399.285] (**) Option "_source" "server/udev"
[   399.286] (II) event20 - SynPS/2 Synaptics TouchPad: is tagged by udev as: Touchpad
[   399.287] (II) event20 - SynPS/2 Synaptics TouchPad: device is a touchpad
[   399.287] (II) event20 - SynPS/2 Synaptics TouchPad: device removed
[   399.287] (**) Option "config_info" "udev:/sys/devices/platform/i8042/serio1/input/input22/event20"
[   399.287] (II) XINPUT: Adding extended input device "SynPS/2 Synaptics TouchPad" (type: TOUCHPAD, id 24)
[   399.288] (**) Option "AccelerationScheme" "none"
[   399.288] (**) SynPS/2 Synaptics TouchPad: (accel) selected scheme none/0
[   399.288] (**) SynPS/2 Synaptics TouchPad: (accel) acceleration factor: 2.000
[   399.288] (**) SynPS/2 Synaptics TouchPad: (accel) acceleration threshold: 4
[   399.289] (II) event20 - SynPS/2 Synaptics TouchPad: is tagged by udev as: Touchpad
[   399.290] (II) event20 - SynPS/2 Synaptics TouchPad: device is a touchpad
[   399.290] (II) config/udev: Adding input device SynPS/2 Synaptics TouchPad (/dev/input/mouse3)
[   399.290] (II) No input driver specified, ignoring this device.
[   399.290] (II) This device may have been added with another device file.
[   399.291] (II) config/udev: Adding input device TPPS/2 IBM TrackPoint (/dev/input/event22)
[   399.291] (**) TPPS/2 IBM TrackPoint: Applying InputClass "libinput pointer catchall"
[   399.291] (II) Using input driver 'libinput' for 'TPPS/2 IBM TrackPoint'
[   399.292] (II) systemd-logind: got fd for /dev/input/event22 13:86 fd 35 paused 0
[   399.292] (**) TPPS/2 IBM TrackPoint: always reports core events
[   399.292] (**) Option "Device" "/dev/input/event22"
[   399.292] (**) Option "_source" "server/udev"
[   399.293] (II) event22 - TPPS/2 IBM TrackPoint: is tagged by udev as: Mouse Pointingstick
[   399.293] (II) event22 - TPPS/2 IBM TrackPoint: device is a pointer
[   399.294] (II) event22 - TPPS/2 IBM TrackPoint: device removed
[   399.295] (**) Option "config_info" "udev:/sys/devices/platform/i8042/serio1/serio2/input/input24/event22"
[   399.295] (II) XINPUT: Adding extended input device "TPPS/2 IBM TrackPoint" (type: MOUSE, id 25)
[   399.295] (**) Option "AccelerationScheme" "none"
[   399.295] (**) TPPS/2 IBM TrackPoint: (accel) selected scheme none/0
[   399.295] (**) TPPS/2 IBM TrackPoint: (accel) acceleration factor: 2.000
[   399.295] (**) TPPS/2 IBM TrackPoint: (accel) acceleration threshold: 4
[   399.296] (II) event22 - TPPS/2 IBM TrackPoint: is tagged by udev as: Mouse Pointingstick
[   399.296] (II) event22 - TPPS/2 IBM TrackPoint: device is a pointer
[   399.298] (II) config/udev: Adding input device TPPS/2 IBM TrackPoint (/dev/input/mouse4)
[   399.298] (II) No input driver specified, ignoring this device.
[   399.298] (II) This device may have been added with another device file.
[   399.298] (II) config/udev: Adding input device ThinkPad Extra Buttons (/dev/input/event19)
[   399.298] (**) ThinkPad Extra Buttons: Applying InputClass "libinput keyboard catchall"
[   399.298] (II) Using input driver 'libinput' for 'ThinkPad Extra Buttons'
[   399.299] (II) systemd-logind: got fd for /dev/input/event19 13:83 fd 36 paused 0
[   399.299] (**) ThinkPad Extra Buttons: always reports core events
[   399.299] (**) Option "Device" "/dev/input/event19"
[   399.299] (**) Option "_source" "server/udev"
[   399.300] (II) event19 - ThinkPad Extra Buttons: is tagged by udev as: Keyboard Switch
[   399.300] (II) event19 - ThinkPad Extra Buttons: device is a keyboard
[   399.300] (II) event19 - ThinkPad Extra Buttons: device is a switch device
[   399.300] (II) event19 - ThinkPad Extra Buttons: device removed
[   399.300] (**) Option "config_info" "udev:/sys/devices/platform/thinkpad_acpi/input/input23/event19"
[   399.300] (II) XINPUT: Adding extended input device "ThinkPad Extra Buttons" (type: KEYBOARD, id 26)
[   399.301] (II) event19 - ThinkPad Extra Buttons: is tagged by udev as: Keyboard Switch
[   399.301] (II) event19 - ThinkPad Extra Buttons: device is a keyboard
[   399.301] (II) event19 - ThinkPad Extra Buttons: device is a switch device
[   399.305] (**) Razer Razer Firefly Consumer Control: Applying InputClass "libinput keyboard catchall"
[   399.305] (II) Using input driver 'libinput' for 'Razer Razer Firefly Consumer Control'
[   399.305] (II) systemd-logind: returning pre-existing fd for /dev/input/event6 13:70
[   399.305] (**) Razer Razer Firefly Consumer Control: always reports core events
[   399.305] (**) Option "Device" "/dev/input/event6"
[   399.305] (**) Option "_source" "_driver/libinput"
[   399.305] (II) libinput: Razer Razer Firefly Consumer Control: is a virtual subdevice
[   399.305] (**) Option "config_info" "udev:/sys/devices/pci0000:00/0000:00:1a.0/usb1/1-1/1-1.5/1-1.5.1/1-1.5.1:1.1/0003:1532:0C00.0002/input/input7/event6"
[   399.305] (II) XINPUT: Adding extended input device "Razer Razer Firefly Consumer Control" (type: KEYBOARD, id 27)
[   399.305] (**) Logitech Gaming Mouse G502 Consumer Control: Applying InputClass "libinput keyboard catchall"
[   399.305] (II) Using input driver 'libinput' for 'Logitech Gaming Mouse G502 Consumer Control'
[   399.305] (II) systemd-logind: returning pre-existing fd for /dev/input/event17 13:81
[   399.305] (**) Logitech Gaming Mouse G502 Consumer Control: always reports core events
[   399.305] (**) Option "Device" "/dev/input/event17"
[   399.305] (**) Option "_source" "_driver/libinput"
[   399.305] (II) libinput: Logitech Gaming Mouse G502 Consumer Control: is a virtual subdevice
[   399.305] (**) Option "config_info" "udev:/sys/devices/pci0000:00/0000:00:1a.0/usb1/1-1/1-1.5/1-1.5.4/1-1.5.4:1.1/0003:046D:C332.0008/input/input18/event17"
[   399.305] (II) XINPUT: Adding extended input device "Logitech Gaming Mouse G502 Consumer Control" (type: KEYBOARD, id 28)
[   399.403] (II) modeset(0): EDID vendor "LGD", prod id 723
[   399.403] (II) modeset(0): Printing DDC gathered Modelines:
[   399.403] (II) modeset(0): Modeline "1366x768"x0.0   74.80  1366 1414 1446 1578  768 770 775 790 +hsync -vsync (47.4 kHz eP)
[   399.781] (II) modeset(0): EDID vendor "LGD", prod id 723
[   399.781] (II) modeset(0): Printing DDC gathered Modelines:
[   399.781] (II) modeset(0): Modeline "1366x768"x0.0   74.80  1366 1414 1446 1578  768 770 775 790 +hsync -vsync (47.4 kHz eP)
[   400.058] (II) modeset(0): EDID vendor "LGD", prod id 723
[   400.058] (II) modeset(0): Printing DDC gathered Modelines:
[   400.058] (II) modeset(0): Modeline "1366x768"x0.0   74.80  1366 1414 1446 1578  768 770 775 790 +hsync -vsync (47.4 kHz eP)
[   491.498] (II) modeset(0): EDID vendor "LGD", prod id 723
[   491.498] (II) modeset(0): Printing DDC gathered Modelines:
[   491.498] (II) modeset(0): Modeline "1366x768"x0.0   74.80  1366 1414 1446 1578  768 770 775 790 +hsync -vsync (47.4 kHz eP)
[   491.777] (II) modeset(0): EDID vendor "LGD", prod id 723
[   491.777] (II) modeset(0): Printing DDC gathered Modelines:
[   491.777] (II) modeset(0): Modeline "1366x768"x0.0   74.80  1366 1414 1446 1578  768 770 775 790 +hsync -vsync (47.4 kHz eP)
[   503.117] (II) modeset(0): Allocate new frame buffer 2390x1280 stride
[   503.285] (II) modeset(0): EDID vendor "LGD", prod id 723
[   503.285] (II) modeset(0): Printing DDC gathered Modelines:
[   503.285] (II) modeset(0): Modeline "1366x768"x0.0   74.80  1366 1414 1446 1578  768 770 775 790 +hsync -vsync (47.4 kHz eP)
[   503.565] (II) modeset(0): EDID vendor "LGD", prod id 723
[   503.565] (II) modeset(0): Printing DDC gathered Modelines:
[   503.565] (II) modeset(0): Modeline "1366x768"x0.0   74.80  1366 1414 1446 1578  768 770 775 790 +hsync -vsync (47.4 kHz eP)
[   503.842] (II) modeset(0): EDID vendor "LGD", prod id 723
[   503.842] (II) modeset(0): Printing DDC gathered Modelines:
[   503.842] (II) modeset(0): Modeline "1366x768"x0.0   74.80  1366 1414 1446 1578  768 770 775 790 +hsync -vsync (47.4 kHz eP)
[   504.121] (II) modeset(0): EDID vendor "LGD", prod id 723
[   504.121] (II) modeset(0): Printing DDC gathered Modelines:
[   504.121] (II) modeset(0): Modeline "1366x768"x0.0   74.80  1366 1414 1446 1578  768 770 775 790 +hsync -vsync (47.4 kHz eP)
[   504.400] (II) modeset(0): EDID vendor "LGD", prod id 723
[   504.400] (II) modeset(0): Printing DDC gathered Modelines:
[   504.401] (II) modeset(0): Modeline "1366x768"x0.0   74.80  1366 1414 1446 1578  768 770 775 790 +hsync -vsync (47.4 kHz eP)
[   504.679] (II) modeset(0): EDID vendor "LGD", prod id 723
[   504.679] (II) modeset(0): Printing DDC gathered Modelines:
[   504.679] (II) modeset(0): Modeline "1366x768"x0.0   74.80  1366 1414 1446 1578  768 770 775 790 +hsync -vsync (47.4 kHz eP)
[   504.959] (II) modeset(0): EDID vendor "LGD", prod id 723
[   504.960] (II) modeset(0): Printing DDC gathered Modelines:
[   504.960] (II) modeset(0): Modeline "1366x768"x0.0   74.80  1366 1414 1446 1578  768 770 775 790 +hsync -vsync (47.4 kHz eP)
[   505.240] (II) modeset(0): EDID vendor "LGD", prod id 723
[   505.240] (II) modeset(0): Printing DDC gathered Modelines:
[   505.240] (II) modeset(0): Modeline "1366x768"x0.0   74.80  1366 1414 1446 1578  768 770 775 790 +hsync -vsync (47.4 kHz eP)
[   505.517] (II) modeset(0): EDID vendor "LGD", prod id 723
[   505.517] (II) modeset(0): Printing DDC gathered Modelines:
[   505.517] (II) modeset(0): Modeline "1366x768"x0.0   74.80  1366 1414 1446 1578  768 770 775 790 +hsync -vsync (47.4 kHz eP)
[   506.989] (II) modeset(0): EDID vendor "LGD", prod id 723
[   506.989] (II) modeset(0): Printing DDC gathered Modelines:
[   506.989] (II) modeset(0): Modeline "1366x768"x0.0   74.80  1366 1414 1446 1578  768 770 775 790 +hsync -vsync (47.4 kHz eP)
[   524.610] (II) modeset(0): EDID vendor "LGD", prod id 723
[   524.610] (II) modeset(0): Printing DDC gathered Modelines:
[   524.610] (II) modeset(0): Modeline "1366x768"x0.0   74.80  1366 1414 1446 1578  768 770 775 790 +hsync -vsync (47.4 kHz eP)
[   547.884] (II) modeset(0): EDID vendor "LGD", prod id 723
[   547.884] (II) modeset(0): Printing DDC gathered Modelines:
[   547.884] (II) modeset(0): Modeline "1366x768"x0.0   74.80  1366 1414 1446 1578  768 770 775 790 +hsync -vsync (47.4 kHz eP)
[   606.279] (II) modeset(0): EDID vendor "LGD", prod id 723
[   606.279] (II) modeset(0): Printing DDC gathered Modelines:
[   606.279] (II) modeset(0): Modeline "1366x768"x0.0   74.80  1366 1414 1446 1578  768 770 775 790 +hsync -vsync (47.4 kHz eP)
[   608.704] (II) modeset(0): EDID vendor "LGD", prod id 723
[   608.704] (II) modeset(0): Printing DDC gathered Modelines:
[   608.704] (II) modeset(0): Modeline "1366x768"x0.0   74.80  1366 1414 1446 1578  768 770 775 790 +hsync -vsync (47.4 kHz eP)
[   626.721] (II) event3  - AT Translated Set 2 keyboard: SYN_DROPPED event - some input events have been lost.
[   626.722] (II) event14 - USB Optical Mouse: SYN_DROPPED event - some input events have been lost.
[   627.141] (II) modeset(0): EDID vendor "LGD", prod id 723
[   627.141] (II) modeset(0): Printing DDC gathered Modelines:
[   627.141] (II) modeset(0): Modeline "1366x768"x0.0   74.80  1366 1414 1446 1578  768 770 775 790 +hsync -vsync (47.4 kHz eP)
[   805.286] (II) modeset(0): EDID vendor "LGD", prod id 723
[   805.286] (II) modeset(0): Printing DDC gathered Modelines:
[   805.286] (II) modeset(0): Modeline "1366x768"x0.0   74.80  1366 1414 1446 1578  768 770 775 790 +hsync -vsync (47.4 kHz eP)
[   805.562] (EE) client bug: timer event14 debounce: offset negative (-179ms)
[   805.562] (EE) client bug: timer event14 debounce short: offset negative (-192ms)
[  1002.344] (II) modeset(0): EDID vendor "LGD", prod id 723
[  1002.344] (II) modeset(0): Printing DDC gathered Modelines:
[  1002.344] (II) modeset(0): Modeline "1366x768"x0.0   74.80  1366 1414 1446 1578  768 770 775 790 +hsync -vsync (47.4 kHz eP)
[  1062.266] (II) modeset(0): EDID vendor "LGD", prod id 723
[  1062.266] (II) modeset(0): Printing DDC gathered Modelines:
[  1062.266] (II) modeset(0): Modeline "1366x768"x0.0   74.80  1366 1414 1446 1578  768 770 775 790 +hsync -vsync (47.4 kHz eP)
[  1062.542] (EE) client bug: timer event14 debounce: offset negative (-209ms)
[  1062.542] (EE) client bug: timer event14 debounce short: offset negative (-222ms)
[  1068.145] (II) modeset(0): EDID vendor "LGD", prod id 723
[  1068.145] (II) modeset(0): Printing DDC gathered Modelines:
[  1068.145] (II) modeset(0): Modeline "1366x768"x0.0   74.80  1366 1414 1446 1578  768 770 775 790 +hsync -vsync (47.4 kHz eP)
[  1216.506] (II) modeset(0): EDID vendor "LGD", prod id 723
[  1216.506] (II) modeset(0): Printing DDC gathered Modelines:
[  1216.506] (II) modeset(0): Modeline "1366x768"x0.0   74.80  1366 1414 1446 1578  768 770 775 790 +hsync -vsync (47.4 kHz eP)
[  1216.783] (EE) client bug: timer event14 debounce: offset negative (-187ms)
[  1216.783] (EE) client bug: timer event14 debounce short: offset negative (-200ms)
[  1229.498] (II) modeset(0): EDID vendor "LGD", prod id 723
[  1229.498] (II) modeset(0): Printing DDC gathered Modelines:
[  1229.498] (II) modeset(0): Modeline "1366x768"x0.0   74.80  1366 1414 1446 1578  768 770 775 790 +hsync -vsync (47.4 kHz eP)
[  1263.104] (II) modeset(0): EDID vendor "LGD", prod id 723
[  1263.104] (II) modeset(0): Printing DDC gathered Modelines:
[  1263.104] (II) modeset(0): Modeline "1366x768"x0.0   74.80  1366 1414 1446 1578  768 770 775 790 +hsync -vsync (47.4 kHz eP)
[  1263.379] (EE) client bug: timer event14 debounce: offset negative (-199ms)
[  1263.379] (EE) client bug: timer event14 debounce short: offset negative (-212ms)
[  1380.749] (II) modeset(0): EDID vendor "LGD", prod id 723
[  1380.749] (II) modeset(0): Printing DDC gathered Modelines:
[  1380.749] (II) modeset(0): Modeline "1366x768"x0.0   74.80  1366 1414 1446 1578  768 770 775 790 +hsync -vsync (47.4 kHz eP)
[  1402.894] (II) modeset(0): EDID vendor "LGD", prod id 723
[  1402.894] (II) modeset(0): Printing DDC gathered Modelines:
[  1402.894] (II) modeset(0): Modeline "1366x768"x0.0   74.80  1366 1414 1446 1578  768 770 775 790 +hsync -vsync (47.4 kHz eP)
[  1499.730] (II) modeset(0): EDID vendor "LGD", prod id 723
[  1499.730] (II) modeset(0): Printing DDC gathered Modelines:
[  1499.730] (II) modeset(0): Modeline "1366x768"x0.0   74.80  1366 1414 1446 1578  768 770 775 790 +hsync -vsync (47.4 kHz eP)
[  1511.926] (II) modeset(0): EDID vendor "LGD", prod id 723
[  1511.926] (II) modeset(0): Printing DDC gathered Modelines:
[  1511.926] (II) modeset(0): Modeline "1366x768"x0.0   74.80  1366 1414 1446 1578  768 770 775 790 +hsync -vsync (47.4 kHz eP)
[  1524.493] (II) modeset(0): EDID vendor "LGD", prod id 723
[  1524.493] (II) modeset(0): Printing DDC gathered Modelines:
[  1524.493] (II) modeset(0): Modeline "1366x768"x0.0   74.80  1366 1414 1446 1578  768 770 775 790 +hsync -vsync (47.4 kHz eP)
[  1524.769] (EE) client bug: timer event14 debounce: offset negative (-199ms)
[  1524.769] (EE) client bug: timer event14 debounce short: offset negative (-212ms)
[  1545.849] (II) modeset(0): EDID vendor "LGD", prod id 723
[  1545.849] (II) modeset(0): Printing DDC gathered Modelines:
[  1545.849] (II) modeset(0): Modeline "1366x768"x0.0   74.80  1366 1414 1446 1578  768 770 775 790 +hsync -vsync (47.4 kHz eP)
[  1546.123] (EE) client bug: timer event14 debounce: offset negative (-201ms)
[  1546.123] (EE) client bug: timer event14 debounce short: offset negative (-214ms)
[  1548.318] (II) modeset(0): EDID vendor "LGD", prod id 723
[  1548.318] (II) modeset(0): Printing DDC gathered Modelines:
[  1548.318] (II) modeset(0): Modeline "1366x768"x0.0   74.80  1366 1414 1446 1578  768 770 775 790 +hsync -vsync (47.4 kHz eP)
[  1587.498] (**) Option "fd" "14"
[  1587.499] (II) event2  - Power Button: device removed
[  1587.500] (**) Option "fd" "17"
[  1587.500] (II) event21 - Video Bus: device removed
[  1587.501] (**) Option "fd" "18"
[  1587.501] (II) event1  - Sleep Button: device removed
[  1587.502] (**) Option "fd" "19"
[  1587.503] (II) event4  - Razer Razer Firefly: device removed
[  1587.503] (**) Option "fd" "20"
[  1587.503] (II) event5  - Razer Razer Firefly Keyboard: device removed
[  1587.503] (**) Option "fd" "21"
[  1587.504] (**) Option "fd" "22"
[  1587.504] (II) event7  - Razer Razer Firefly System Control: device removed
[  1587.504] (**) Option "fd" "23"
[  1587.504] (II) event9  - Razer Razer Firefly: device removed
[  1587.504] (**) Option "fd" "24"
[  1587.504] (II) event10 - Weltrend USB Mouse: device removed
[  1587.504] (**) Option "fd" "25"
[  1587.504] (II) event11 - Weltrend USB Mouse System Control: device removed
[  1587.505] (**) Option "fd" "26"
[  1587.505] (II) event12 - Weltrend USB Mouse Consumer Control: device removed
[  1587.505] (**) Option "fd" "27"
[  1587.505] (II) event13 - Weltrend USB Mouse Keyboard: device removed
[  1587.506] (**) Option "fd" "28"
[  1587.506] (II) event14 - USB Optical Mouse: device removed
[  1587.506] (**) Option "fd" "29"
[  1587.506] (II) event15 - Logitech Gaming Mouse G502: device removed
[  1587.506] (**) Option "fd" "30"
[  1587.506] (II) event16 - Logitech Gaming Mouse G502 Keyboard: device removed
[  1587.507] (**) Option "fd" "31"
[  1587.507] (**) Option "fd" "32"
[  1587.507] (II) event18 - Logitech Gaming Mouse G502 System Control: device removed
[  1587.507] (**) Option "fd" "33"
[  1587.507] (II) event3  - AT Translated Set 2 keyboard: device removed
[  1587.508] (**) Option "fd" "34"
[  1587.508] (II) event20 - SynPS/2 Synaptics TouchPad: device removed
[  1587.508] (**) Option "fd" "35"
[  1587.508] (II) event22 - TPPS/2 IBM TrackPoint: device removed
[  1587.508] (**) Option "fd" "36"
[  1587.508] (II) event19 - ThinkPad Extra Buttons: device removed
[  1587.508] (**) Option "fd" "21"
[  1587.508] (II) event6  - Razer Razer Firefly Consumer Control: device removed
[  1587.508] (**) Option "fd" "31"
[  1587.508] (II) event17 - Logitech Gaming Mouse G502 Consumer Control: device removed
[  1587.508] (II) AIGLX: Suspending AIGLX clients for VT switch
[  1587.562] (II) systemd-logind: got pause for 13:71
[  1587.562] (II) systemd-logind: got pause for 13:67
[  1587.562] (II) systemd-logind: got pause for 13:84
[  1587.562] (II) systemd-logind: got pause for 13:77
[  1587.562] (II) systemd-logind: got pause for 226:0
[  1587.562] (II) systemd-logind: got pause for 13:65
[  1587.562] (II) systemd-logind: got pause for 13:82
[  1587.562] (II) systemd-logind: got pause for 13:69
[  1587.562] (II) systemd-logind: got pause for 13:85
[  1587.562] (II) systemd-logind: got pause for 13:78
[  1587.562] (II) systemd-logind: got pause for 13:70
[  1587.563] (II) systemd-logind: got pause for 13:75
[  1587.563] (II) systemd-logind: got pause for 13:80
[  1587.563] (II) systemd-logind: got pause for 13:79
[  1587.563] (II) systemd-logind: got pause for 13:74
[  1587.563] (II) systemd-logind: got pause for 13:83
[  1587.563] (II) systemd-logind: got pause for 13:76
[  1587.563] (II) systemd-logind: got pause for 13:66
[  1587.563] (II) systemd-logind: got pause for 13:73
[  1587.563] (II) systemd-logind: got pause for 13:86
[  1587.563] (II) systemd-logind: got pause for 13:81
[  1587.564] (II) systemd-logind: got pause for 13:68
[  1593.495] (II) systemd-logind: got resume for 13:71
[  1593.509] (II) systemd-logind: got resume for 13:67
[  1593.532] (II) systemd-logind: got resume for 13:84
[  1593.560] (II) systemd-logind: got resume for 13:77
[  1593.560] (II) systemd-logind: got resume for 226:0
[  1593.560] (II) AIGLX: Resuming AIGLX clients after VT switch
[  1593.619] (II) modeset(0): EDID vendor "LGD", prod id 723
[  1593.619] (II) modeset(0): Printing DDC gathered Modelines:
[  1593.619] (II) modeset(0): Modeline "1366x768"x0.0   74.80  1366 1414 1446 1578  768 770 775 790 +hsync -vsync (47.4 kHz eP)
[  1593.926] (II) event7  - Razer Razer Firefly System Control: is tagged by udev as: Keyboard
[  1593.926] (II) event7  - Razer Razer Firefly System Control: device is a keyboard
[  1593.930] (II) event13 - Weltrend USB Mouse Keyboard: is tagged by udev as: Keyboard
[  1593.930] (II) event13 - Weltrend USB Mouse Keyboard: device is a keyboard
[  1593.931] (II) event3  - AT Translated Set 2 keyboard: is tagged by udev as: Keyboard
[  1593.931] (II) event3  - AT Translated Set 2 keyboard: device is a keyboard
[  1593.932] (II) event20 - SynPS/2 Synaptics TouchPad: is tagged by udev as: Touchpad
[  1593.933] (II) event20 - SynPS/2 Synaptics TouchPad: device is a touchpad
[  1593.935] (II) systemd-logind: got resume for 13:65
[  1593.935] (II) event1  - Sleep Button: is tagged by udev as: Keyboard
[  1593.935] (II) event1  - Sleep Button: device is a keyboard
[  1593.936] (II) systemd-logind: got resume for 13:82
[  1593.937] (II) event18 - Logitech Gaming Mouse G502 System Control: is tagged by udev as: Keyboard
[  1593.937] (II) event18 - Logitech Gaming Mouse G502 System Control: device is a keyboard
[  1593.937] (II) systemd-logind: got resume for 13:69
[  1593.938] (II) event5  - Razer Razer Firefly Keyboard: is tagged by udev as: Keyboard
[  1593.938] (II) event5  - Razer Razer Firefly Keyboard: device is a keyboard
[  1593.939] (II) systemd-logind: got resume for 13:85
[  1593.939] (II) event21 - Video Bus: is tagged by udev as: Keyboard
[  1593.939] (II) event21 - Video Bus: device is a keyboard
[  1593.939] (II) systemd-logind: got resume for 13:78
[  1593.940] (II) event14 - USB Optical Mouse: is tagged by udev as: Mouse
[  1593.941] (II) event14 - USB Optical Mouse: device is a pointer
[  1593.941] (II) systemd-logind: got resume for 13:70
[  1593.943] (II) event6  - Razer Razer Firefly Consumer Control: is tagged by udev as: Keyboard
[  1593.943] (II) event6  - Razer Razer Firefly Consumer Control: device is a keyboard
[  1593.943] (II) systemd-logind: got resume for 13:75
[  1593.944] (II) event11 - Weltrend USB Mouse System Control: is tagged by udev as: Keyboard
[  1593.944] (II) event11 - Weltrend USB Mouse System Control: device is a keyboard
[  1593.944] (II) systemd-logind: got resume for 13:80
[  1593.945] (II) event16 - Logitech Gaming Mouse G502 Keyboard: is tagged by udev as: Keyboard
[  1593.945] (II) event16 - Logitech Gaming Mouse G502 Keyboard: device is a keyboard
[  1593.946] (II) systemd-logind: got resume for 13:79
[  1593.947] (II) event15 - Logitech Gaming Mouse G502: is tagged by udev as: Mouse
[  1593.947] (II) event15 - Logitech Gaming Mouse G502: device set to 2400 DPI
[  1593.947] (II) event15 - Logitech Gaming Mouse G502: device is a pointer
[  1593.947] (II) systemd-logind: got resume for 13:74
[  1593.948] (II) event10 - Weltrend USB Mouse: is tagged by udev as: Keyboard
[  1593.948] (II) event10 - Weltrend USB Mouse: device is a keyboard
[  1593.949] (II) systemd-logind: got resume for 13:83
[  1593.949] (II) event19 - ThinkPad Extra Buttons: is tagged by udev as: Keyboard Switch
[  1593.949] (II) event19 - ThinkPad Extra Buttons: device is a keyboard
[  1593.949] (II) event19 - ThinkPad Extra Buttons: device is a switch device
[  1593.950] (II) systemd-logind: got resume for 13:76
[  1593.951] (II) event12 - Weltrend USB Mouse Consumer Control: is tagged by udev as: Keyboard
[  1593.951] (II) event12 - Weltrend USB Mouse Consumer Control: device is a keyboard
[  1593.951] (II) systemd-logind: got resume for 13:66
[  1593.952] (II) event2  - Power Button: is tagged by udev as: Keyboard
[  1593.952] (II) event2  - Power Button: device is a keyboard
[  1593.952] (II) systemd-logind: got resume for 13:73
[  1593.953] (II) event9  - Razer Razer Firefly: is tagged by udev as: Keyboard
[  1593.953] (II) event9  - Razer Razer Firefly: device is a keyboard
[  1593.953] (II) systemd-logind: got resume for 13:86
[  1593.954] (II) event22 - TPPS/2 IBM TrackPoint: is tagged by udev as: Mouse Pointingstick
[  1593.954] (II) event22 - TPPS/2 IBM TrackPoint: device is a pointer
[  1593.956] (II) systemd-logind: got resume for 13:81
[  1593.957] (II) event17 - Logitech Gaming Mouse G502 Consumer Control: is tagged by udev as: Keyboard
[  1593.957] (II) event17 - Logitech Gaming Mouse G502 Consumer Control: device is a keyboard
[  1593.957] (II) systemd-logind: got resume for 13:68
[  1593.958] (II) event4  - Razer Razer Firefly: is tagged by udev as: Mouse
[  1593.959] (II) event4  - Razer Razer Firefly: device is a pointer
[  1595.699] (**) Option "fd" "31"
[  1595.699] (II) event2  - Power Button: device removed
[  1595.700] (**) Option "fd" "23"
[  1595.700] (II) event21 - Video Bus: device removed
[  1595.701] (**) Option "fd" "32"
[  1595.701] (II) event1  - Sleep Button: device removed
[  1595.701] (**) Option "fd" "36"
[  1595.701] (II) event4  - Razer Razer Firefly: device removed
[  1595.701] (**) Option "fd" "22"
[  1595.701] (II) event5  - Razer Razer Firefly Keyboard: device removed
[  1595.702] (**) Option "fd" "25"
[  1595.702] (**) Option "fd" "17"
[  1595.702] (II) event7  - Razer Razer Firefly System Control: device removed
[  1595.702] (**) Option "fd" "33"
[  1595.702] (II) event9  - Razer Razer Firefly: device removed
[  1595.703] (**) Option "fd" "29"
[  1595.703] (II) event10 - Weltrend USB Mouse: device removed
[  1595.703] (**) Option "fd" "26"
[  1595.703] (II) event11 - Weltrend USB Mouse System Control: device removed
[  1595.703] (**) Option "fd" "60"
[  1595.703] (II) event12 - Weltrend USB Mouse Consumer Control: device removed
[  1595.703] (**) Option "fd" "20"
[  1595.703] (II) event13 - Weltrend USB Mouse Keyboard: device removed
[  1595.704] (**) Option "fd" "24"
[  1595.704] (II) event14 - USB Optical Mouse: device removed
[  1595.704] (**) Option "fd" "28"
[  1595.704] (II) event15 - Logitech Gaming Mouse G502: device removed
[  1595.704] (**) Option "fd" "27"
[  1595.704] (II) event16 - Logitech Gaming Mouse G502 Keyboard: device removed
[  1595.704] (**) Option "fd" "35"
[  1595.705] (**) Option "fd" "14"
[  1595.705] (II) event18 - Logitech Gaming Mouse G502 System Control: device removed
[  1595.705] (**) Option "fd" "18"
[  1595.705] (II) event3  - AT Translated Set 2 keyboard: device removed
[  1595.706] (**) Option "fd" "19"
[  1595.706] (II) event20 - SynPS/2 Synaptics TouchPad: device removed
[  1595.706] (**) Option "fd" "34"
[  1595.706] (II) event22 - TPPS/2 IBM TrackPoint: device removed
[  1595.706] (**) Option "fd" "30"
[  1595.706] (II) event19 - ThinkPad Extra Buttons: device removed
[  1595.706] (**) Option "fd" "25"
[  1595.706] (II) event6  - Razer Razer Firefly Consumer Control: device removed
[  1595.706] (**) Option "fd" "35"
[  1595.707] (II) event17 - Logitech Gaming Mouse G502 Consumer Control: device removed
[  1595.707] (II) AIGLX: Suspending AIGLX clients for VT switch
[  1595.760] (II) systemd-logind: got pause for 13:71
[  1595.760] (II) systemd-logind: got pause for 13:67
[  1595.760] (II) systemd-logind: got pause for 13:84
[  1595.760] (II) systemd-logind: got pause for 13:77
[  1595.760] (II) systemd-logind: got pause for 226:0
[  1595.760] (II) systemd-logind: got pause for 13:65
[  1595.760] (II) systemd-logind: got pause for 13:82
[  1595.760] (II) systemd-logind: got pause for 13:69
[  1595.760] (II) systemd-logind: got pause for 13:85
[  1595.760] (II) systemd-logind: got pause for 13:78
[  1595.760] (II) systemd-logind: got pause for 13:70
[  1595.761] (II) systemd-logind: got pause for 13:75
[  1595.761] (II) systemd-logind: got pause for 13:80
[  1595.761] (II) systemd-logind: got pause for 13:79
[  1595.761] (II) systemd-logind: got pause for 13:74
[  1595.761] (II) systemd-logind: got pause for 13:83
[  1595.761] (II) systemd-logind: got pause for 13:76
[  1595.761] (II) systemd-logind: got pause for 13:66
[  1595.761] (II) systemd-logind: got pause for 13:73
[  1595.761] (II) systemd-logind: got pause for 13:86
[  1595.761] (II) systemd-logind: got pause for 13:81
[  1595.762] (II) systemd-logind: got pause for 13:68
[  1637.462] (II) systemd-logind: got resume for 13:71
[  1637.478] (II) systemd-logind: got resume for 13:67
[  1637.504] (II) systemd-logind: got resume for 13:84
[  1637.525] (II) systemd-logind: got resume for 13:77
[  1637.525] (II) systemd-logind: got resume for 226:0
[  1637.525] (II) AIGLX: Resuming AIGLX clients after VT switch
[  1637.587] (II) modeset(0): EDID vendor "LGD", prod id 723
[  1637.587] (II) modeset(0): Printing DDC gathered Modelines:
[  1637.587] (II) modeset(0): Modeline "1366x768"x0.0   74.80  1366 1414 1446 1578  768 770 775 790 +hsync -vsync (47.4 kHz eP)
[  1637.890] (II) event7  - Razer Razer Firefly System Control: is tagged by udev as: Keyboard
[  1637.890] (II) event7  - Razer Razer Firefly System Control: device is a keyboard
[  1637.892] (II) event13 - Weltrend USB Mouse Keyboard: is tagged by udev as: Keyboard
[  1637.892] (II) event13 - Weltrend USB Mouse Keyboard: device is a keyboard
[  1637.893] (II) event3  - AT Translated Set 2 keyboard: is tagged by udev as: Keyboard
[  1637.893] (II) event3  - AT Translated Set 2 keyboard: device is a keyboard
[  1637.894] (II) event20 - SynPS/2 Synaptics TouchPad: is tagged by udev as: Touchpad
[  1637.895] (II) event20 - SynPS/2 Synaptics TouchPad: device is a touchpad
[  1637.896] (II) systemd-logind: got resume for 13:65
[  1637.897] (II) event1  - Sleep Button: is tagged by udev as: Keyboard
[  1637.897] (II) event1  - Sleep Button: device is a keyboard
[  1637.897] (II) systemd-logind: got resume for 13:82
[  1637.898] (II) event18 - Logitech Gaming Mouse G502 System Control: is tagged by udev as: Keyboard
[  1637.898] (II) event18 - Logitech Gaming Mouse G502 System Control: device is a keyboard
[  1637.898] (II) systemd-logind: got resume for 13:69
[  1637.900] (II) event5  - Razer Razer Firefly Keyboard: is tagged by udev as: Keyboard
[  1637.900] (II) event5  - Razer Razer Firefly Keyboard: device is a keyboard
[  1637.900] (II) systemd-logind: got resume for 13:85
[  1637.901] (II) event21 - Video Bus: is tagged by udev as: Keyboard
[  1637.901] (II) event21 - Video Bus: device is a keyboard
[  1637.901] (II) systemd-logind: got resume for 13:78
[  1637.902] (II) event14 - USB Optical Mouse: is tagged by udev as: Mouse
[  1637.902] (II) event14 - USB Optical Mouse: device is a pointer
[  1637.902] (II) systemd-logind: got resume for 13:70
[  1637.904] (II) event6  - Razer Razer Firefly Consumer Control: is tagged by udev as: Keyboard
[  1637.904] (II) event6  - Razer Razer Firefly Consumer Control: device is a keyboard
[  1637.904] (II) systemd-logind: got resume for 13:75
[  1637.905] (II) event11 - Weltrend USB Mouse System Control: is tagged by udev as: Keyboard
[  1637.905] (II) event11 - Weltrend USB Mouse System Control: device is a keyboard
[  1637.906] (II) systemd-logind: got resume for 13:80
[  1637.907] (II) event16 - Logitech Gaming Mouse G502 Keyboard: is tagged by udev as: Keyboard
[  1637.907] (II) event16 - Logitech Gaming Mouse G502 Keyboard: device is a keyboard
[  1637.907] (II) systemd-logind: got resume for 13:79
[  1637.909] (II) event15 - Logitech Gaming Mouse G502: is tagged by udev as: Mouse
[  1637.909] (II) event15 - Logitech Gaming Mouse G502: device set to 2400 DPI
[  1637.909] (II) event15 - Logitech Gaming Mouse G502: device is a pointer
[  1637.909] (II) systemd-logind: got resume for 13:74
[  1637.910] (II) event10 - Weltrend USB Mouse: is tagged by udev as: Keyboard
[  1637.910] (II) event10 - Weltrend USB Mouse: device is a keyboard
[  1637.910] (II) systemd-logind: got resume for 13:83
[  1637.911] (II) event19 - ThinkPad Extra Buttons: is tagged by udev as: Keyboard Switch
[  1637.911] (II) event19 - ThinkPad Extra Buttons: device is a keyboard
[  1637.911] (II) event19 - ThinkPad Extra Buttons: device is a switch device
[  1637.911] (II) systemd-logind: got resume for 13:76
[  1637.913] (II) event12 - Weltrend USB Mouse Consumer Control: is tagged by udev as: Keyboard
[  1637.913] (II) event12 - Weltrend USB Mouse Consumer Control: device is a keyboard
[  1637.913] (II) systemd-logind: got resume for 13:66
[  1637.913] (II) event2  - Power Button: is tagged by udev as: Keyboard
[  1637.914] (II) event2  - Power Button: device is a keyboard
[  1637.914] (II) systemd-logind: got resume for 13:73
[  1637.915] (II) event9  - Razer Razer Firefly: is tagged by udev as: Keyboard
[  1637.915] (II) event9  - Razer Razer Firefly: device is a keyboard
[  1637.915] (II) systemd-logind: got resume for 13:86
[  1637.916] (II) event22 - TPPS/2 IBM TrackPoint: is tagged by udev as: Mouse Pointingstick
[  1637.916] (II) event22 - TPPS/2 IBM TrackPoint: device is a pointer
[  1637.918] (II) systemd-logind: got resume for 13:81
[  1637.919] (II) event17 - Logitech Gaming Mouse G502 Consumer Control: is tagged by udev as: Keyboard
[  1637.919] (II) event17 - Logitech Gaming Mouse G502 Consumer Control: device is a keyboard
[  1637.920] (II) systemd-logind: got resume for 13:68
[  1637.921] (II) event4  - Razer Razer Firefly: is tagged by udev as: Mouse
[  1637.921] (II) event4  - Razer Razer Firefly: device is a pointer
[  1664.236] (**) Option "fd" "32"
[  1664.236] (II) event2  - Power Button: device removed
[  1664.238] (**) Option "fd" "24"
[  1664.238] (II) event21 - Video Bus: device removed
[  1664.238] (**) Option "fd" "33"
[  1664.238] (II) event1  - Sleep Button: device removed
[  1664.238] (**) Option "fd" "58"
[  1664.238] (II) event4  - Razer Razer Firefly: device removed
[  1664.238] (**) Option "fd" "23"
[  1664.238] (II) event5  - Razer Razer Firefly Keyboard: device removed
[  1664.238] (**) Option "fd" "26"
[  1664.239] (**) Option "fd" "17"
[  1664.239] (II) event7  - Razer Razer Firefly System Control: device removed
[  1664.239] (**) Option "fd" "34"
[  1664.239] (II) event9  - Razer Razer Firefly: device removed
[  1664.239] (**) Option "fd" "30"
[  1664.239] (II) event10 - Weltrend USB Mouse: device removed
[  1664.239] (**) Option "fd" "27"
[  1664.239] (II) event11 - Weltrend USB Mouse System Control: device removed
[  1664.239] (**) Option "fd" "61"
[  1664.239] (II) event12 - Weltrend USB Mouse Consumer Control: device removed
[  1664.239] (**) Option "fd" "20"
[  1664.239] (II) event13 - Weltrend USB Mouse Keyboard: device removed
[  1664.239] (**) Option "fd" "25"
[  1664.239] (II) event14 - USB Optical Mouse: device removed
[  1664.239] (**) Option "fd" "29"
[  1664.239] (II) event15 - Logitech Gaming Mouse G502: device removed
[  1664.240] (**) Option "fd" "28"
[  1664.240] (II) event16 - Logitech Gaming Mouse G502 Keyboard: device removed
[  1664.240] (**) Option "fd" "36"
[  1664.240] (**) Option "fd" "14"
[  1664.240] (II) event18 - Logitech Gaming Mouse G502 System Control: device removed
[  1664.240] (**) Option "fd" "18"
[  1664.240] (II) event3  - AT Translated Set 2 keyboard: device removed
[  1664.240] (**) Option "fd" "19"
[  1664.240] (II) event20 - SynPS/2 Synaptics TouchPad: device removed
[  1664.240] (**) Option "fd" "35"
[  1664.240] (II) event22 - TPPS/2 IBM TrackPoint: device removed
[  1664.241] (**) Option "fd" "31"
[  1664.241] (II) event19 - ThinkPad Extra Buttons: device removed
[  1664.241] (**) Option "fd" "26"
[  1664.241] (II) event6  - Razer Razer Firefly Consumer Control: device removed
[  1664.241] (**) Option "fd" "36"
[  1664.241] (II) event17 - Logitech Gaming Mouse G502 Consumer Control: device removed
[  1664.241] (II) AIGLX: Suspending AIGLX clients for VT switch
[  1664.288] (II) systemd-logind: got pause for 13:71
[  1664.288] (II) systemd-logind: got pause for 13:67
[  1664.288] (II) systemd-logind: got pause for 13:84
[  1664.288] (II) systemd-logind: got pause for 13:77
[  1664.288] (II) systemd-logind: got pause for 226:0
[  1664.288] (II) systemd-logind: got pause for 13:65
[  1664.288] (II) systemd-logind: got pause for 13:82
[  1664.288] (II) systemd-logind: got pause for 13:69
[  1664.288] (II) systemd-logind: got pause for 13:85
[  1664.288] (II) systemd-logind: got pause for 13:78
[  1664.288] (II) systemd-logind: got pause for 13:70
[  1664.288] (II) systemd-logind: got pause for 13:75
[  1664.288] (II) systemd-logind: got pause for 13:80
[  1664.288] (II) systemd-logind: got pause for 13:79
[  1664.288] (II) systemd-logind: got pause for 13:74
[  1664.288] (II) systemd-logind: got pause for 13:83
[  1664.288] (II) systemd-logind: got pause for 13:76
[  1664.288] (II) systemd-logind: got pause for 13:66
[  1664.288] (II) systemd-logind: got pause for 13:73
[  1664.288] (II) systemd-logind: got pause for 13:86
[  1664.288] (II) systemd-logind: got pause for 13:81
[  1664.288] (II) systemd-logind: got pause for 13:68
[  1723.339] (II) systemd-logind: got resume for 13:71
[  1723.355] (II) systemd-logind: got resume for 13:67
[  1723.392] (II) systemd-logind: got resume for 13:84
[  1723.420] (II) systemd-logind: got resume for 13:77
[  1723.420] (II) systemd-logind: got resume for 226:0
[  1723.420] (II) AIGLX: Resuming AIGLX clients after VT switch
[  1723.492] (II) modeset(0): EDID vendor "LGD", prod id 723
[  1723.492] (II) modeset(0): Printing DDC gathered Modelines:
[  1723.492] (II) modeset(0): Modeline "1366x768"x0.0   74.80  1366 1414 1446 1578  768 770 775 790 +hsync -vsync (47.4 kHz eP)
[  1723.800] (II) event7  - Razer Razer Firefly System Control: is tagged by udev as: Keyboard
[  1723.800] (II) event7  - Razer Razer Firefly System Control: device is a keyboard
[  1723.804] (II) event13 - Weltrend USB Mouse Keyboard: is tagged by udev as: Keyboard
[  1723.804] (II) event13 - Weltrend USB Mouse Keyboard: device is a keyboard
[  1723.805] (II) event3  - AT Translated Set 2 keyboard: is tagged by udev as: Keyboard
[  1723.805] (II) event3  - AT Translated Set 2 keyboard: device is a keyboard
[  1723.806] (II) event20 - SynPS/2 Synaptics TouchPad: is tagged by udev as: Touchpad
[  1723.807] (II) event20 - SynPS/2 Synaptics TouchPad: device is a touchpad
[  1723.809] (II) systemd-logind: got resume for 13:65
[  1723.810] (II) event1  - Sleep Button: is tagged by udev as: Keyboard
[  1723.810] (II) event1  - Sleep Button: device is a keyboard
[  1723.810] (II) systemd-logind: got resume for 13:82
[  1723.812] (II) event18 - Logitech Gaming Mouse G502 System Control: is tagged by udev as: Keyboard
[  1723.812] (II) event18 - Logitech Gaming Mouse G502 System Control: device is a keyboard
[  1723.812] (II) systemd-logind: got resume for 13:69
[  1723.813] (II) event5  - Razer Razer Firefly Keyboard: is tagged by udev as: Keyboard
[  1723.813] (II) event5  - Razer Razer Firefly Keyboard: device is a keyboard
[  1723.813] (II) systemd-logind: got resume for 13:85
[  1723.814] (II) event21 - Video Bus: is tagged by udev as: Keyboard
[  1723.814] (II) event21 - Video Bus: device is a keyboard
[  1723.814] (II) systemd-logind: got resume for 13:78
[  1723.815] (II) event14 - USB Optical Mouse: is tagged by udev as: Mouse
[  1723.815] (II) event14 - USB Optical Mouse: device is a pointer
[  1723.816] (II) systemd-logind: got resume for 13:70
[  1723.817] (II) event6  - Razer Razer Firefly Consumer Control: is tagged by udev as: Keyboard
[  1723.817] (II) event6  - Razer Razer Firefly Consumer Control: device is a keyboard
[  1723.817] (II) systemd-logind: got resume for 13:75
[  1723.818] (II) event11 - Weltrend USB Mouse System Control: is tagged by udev as: Keyboard
[  1723.818] (II) event11 - Weltrend USB Mouse System Control: device is a keyboard
[  1723.818] (II) systemd-logind: got resume for 13:80
[  1723.820] (II) event16 - Logitech Gaming Mouse G502 Keyboard: is tagged by udev as: Keyboard
[  1723.820] (II) event16 - Logitech Gaming Mouse G502 Keyboard: device is a keyboard
[  1723.820] (II) systemd-logind: got resume for 13:79
[  1723.821] (II) event15 - Logitech Gaming Mouse G502: is tagged by udev as: Mouse
[  1723.821] (II) event15 - Logitech Gaming Mouse G502: device set to 2400 DPI
[  1723.821] (II) event15 - Logitech Gaming Mouse G502: device is a pointer
[  1723.821] (II) systemd-logind: got resume for 13:74
[  1723.822] (II) event10 - Weltrend USB Mouse: is tagged by udev as: Keyboard
[  1723.822] (II) event10 - Weltrend USB Mouse: device is a keyboard
[  1723.823] (II) systemd-logind: got resume for 13:83
[  1723.823] (II) event19 - ThinkPad Extra Buttons: is tagged by udev as: Keyboard Switch
[  1723.823] (II) event19 - ThinkPad Extra Buttons: device is a keyboard
[  1723.823] (II) event19 - ThinkPad Extra Buttons: device is a switch device
[  1723.824] (II) systemd-logind: got resume for 13:76
[  1723.826] (II) event12 - Weltrend USB Mouse Consumer Control: is tagged by udev as: Keyboard
[  1723.826] (II) event12 - Weltrend USB Mouse Consumer Control: device is a keyboard
[  1723.826] (II) systemd-logind: got resume for 13:66
[  1723.826] (II) event2  - Power Button: is tagged by udev as: Keyboard
[  1723.826] (II) event2  - Power Button: device is a keyboard
[  1723.827] (II) systemd-logind: got resume for 13:73
[  1723.828] (II) event9  - Razer Razer Firefly: is tagged by udev as: Keyboard
[  1723.828] (II) event9  - Razer Razer Firefly: device is a keyboard
[  1723.828] (II) systemd-logind: got resume for 13:86
[  1723.829] (II) event22 - TPPS/2 IBM TrackPoint: is tagged by udev as: Mouse Pointingstick
[  1723.829] (II) event22 - TPPS/2 IBM TrackPoint: device is a pointer
[  1723.830] (II) systemd-logind: got resume for 13:81
[  1723.832] (II) event17 - Logitech Gaming Mouse G502 Consumer Control: is tagged by udev as: Keyboard
[  1723.832] (II) event17 - Logitech Gaming Mouse G502 Consumer Control: device is a keyboard
[  1723.832] (II) systemd-logind: got resume for 13:68
[  1723.833] (II) event4  - Razer Razer Firefly: is tagged by udev as: Mouse
[  1723.833] (II) event4  - Razer Razer Firefly: device is a pointer
[  2060.087] (II) modeset(0): EDID vendor "LGD", prod id 723
[  2060.087] (II) modeset(0): Printing DDC gathered Modelines:
[  2060.087] (II) modeset(0): Modeline "1366x768"x0.0   74.80  1366 1414 1446 1578  768 770 775 790 +hsync -vsync (47.4 kHz eP)
[  2060.362] (EE) client bug: timer event14 debounce: offset negative (-219ms)
[  2060.362] (EE) client bug: timer event14 debounce short: offset negative (-232ms)
[  2060.362] (EE) client bug: timer event14 debounce: offset negative (-67ms)
[  2060.362] (EE) client bug: timer event14 debounce: offset negative (-3ms)
[  2060.362] (EE) client bug: timer event14 debounce short: offset negative (-16ms)
