2018-12-28 13:39:28,622 [ain Thread]   INFO -        #com.intellij.idea.Main - ------------------------------------------------------ IDE STARTED ------------------------------------------------------ 
2018-12-28 13:39:29,110 [e-1136-b06]   INFO -        #com.intellij.idea.Main - IDE: Android Studio (build #AI-181.5540.7.32.5056338, 08 Oct 2018 21:29) 
2018-12-28 13:39:29,111 [e-1136-b06]   INFO -        #com.intellij.idea.Main - OS: Linux (4.19.12-arch1-1-arch, amd64) 
2018-12-28 13:39:29,111 [e-1136-b06]   INFO -        #com.intellij.idea.Main - JRE: 1.8.0_152-release-1136-b06 (JetBrains s.r.o) 
2018-12-28 13:39:29,111 [e-1136-b06]   INFO -        #com.intellij.idea.Main - JVM: 25.152-b06 (OpenJDK 64-Bit Server VM) 
2018-12-28 13:39:29,143 [e-1136-b06]   INFO -        #com.intellij.idea.Main - JVM Args: -Xms256m -Xmx1280m -XX:ReservedCodeCacheSize=240m -XX:+UseConcMarkSweepGC -XX:SoftRefLRUPolicyMSPerMB=50 -Dsun.io.useCanonCaches=false -Djava.net.preferIPv4Stack=true -Djna.nosys=true -Djna.boot.library.path= -da -Dawt.useSystemAAFontSettings=lcd -Dsun.java2d.renderer=sun.java2d.marlin.MarlinRenderingEngine -XX:ErrorFile=/home/john/java_error_in_STUDIO_%p.log -XX:HeapDumpPath=/home/john/java_error_in_STUDIO.hprof -Didea.paths.selector=AndroidStudio3.2 -Djb.vmOptionsFile=/opt/android-studio/bin/studio64.vmoptions -Didea.platform.prefix=AndroidStudio -Didea.jre.check=true 
2018-12-28 13:39:29,143 [e-1136-b06]   INFO -        #com.intellij.idea.Main - ext: /opt/android-studio/jre/jre/lib/ext: [localedata.jar, nashorn.jar, dnsns.jar, sunpkcs11.jar, cldrdata.jar, sunjce_provider.jar, meta-index, jaccess.jar, zipfs.jar, sunec.jar] 
2018-12-28 13:39:29,143 [e-1136-b06]   INFO -        #com.intellij.idea.Main - JNU charset: ANSI_X3.4-1968 
2018-12-28 13:39:29,203 [e-1136-b06]   INFO -        #com.intellij.idea.Main - JNA library (64-bit) loaded in 59 ms 
2018-12-28 13:39:29,692 [e-1136-b06]   INFO -     #com.intellij.util.ui.JBUI - User scale factor: 1.0 
2018-12-28 13:39:29,692 [e-1136-b06]   INFO -     #com.intellij.util.ui.JBUI - System scale factor: 1.0 (IDE-managed HiDPI) 
2018-12-28 13:39:49,437 [entQueue-0]   INFO - .intellij.idea.IdeaApplication - CPU cores: 4; ForkJoinPool.commonPool: java.util.concurrent.ForkJoinPool@42a3a3dd[Running, parallelism = 3, size = 0, active = 0, running = 0, steals = 0, tasks = 0, submissions = 0]; factory: com.intellij.concurrency.IdeaForkJoinWorkerThreadFactory@9f8f395 
2018-12-28 13:39:49,730 [entQueue-0]   INFO - .intellij.idea.IdeaApplication - WM detected: dwm 
2018-12-28 13:39:52,264 [entQueue-0]   INFO - llij.ide.plugins.PluginManager - Cannot find optional descriptor duplicates-groovy.xml 
2018-12-28 13:39:53,004 [entQueue-0]   INFO - llij.ide.plugins.PluginManager - 38 plugins initialized in 2941 ms 
2018-12-28 13:39:53,006 [entQueue-0]   INFO - llij.ide.plugins.PluginManager - Loaded bundled plugins: Android APK Support (1.0), Android Games (1.0), Android NDK Support (1.0), Android Support (10.3.2.1), App Links Assistant (0.1), CVS Integration (11), Copyright (8.1), Coverage (181.5540.7.32.5056338), EditorConfig (181.5540.7.32.5056338), Firebase App Indexing (0.1), Firebase Services (0.1), Firebase Testing (1.0), Git Integration (8.1), GitHub (181.5540.7.32.5056338), Google Cloud Tools Core (0.2.8), Google Cloud Tools For Android Studio (0.2.8), Google Developers Samples (0.3.1), Google Login (1.0), Google Services (0.1), Gradle (181.5540.7.32.5056338), Groovy (9.0), I18n for Java (181.5540.7.32.5056338), IDEA CORE (181.5540.7.32.5056338), IntelliLang (8.0), JUnit (1.0), Java Bytecode Decompiler (181.5540.7.32.5056338), Java Stream Debugger (181.5540.7.32.5056338), Kotlin (1.2.71-release-Studio3.2-1), Mercurial Integration (10.0), Properties Support (181.5540.7.32.5056338), Settings Repository (181.5540.7.32.5056338), Smali Support (1.0), Subversion Integration (1.1), Task Management (1.0), Terminal (0.1), Test Recorder (1.0), TestNG-J (8.0), YAML (181.5540.7.32.5056338) 
2018-12-28 13:39:58,329 [entQueue-0]   INFO - ellij.vfs.persistent.FSRecords - Marking VFS as corrupted: '/home/john/.AndroidStudio3.2/system/caches/names.dat' does not exist 
2018-12-28 13:39:58,333 [entQueue-0]   INFO - ellij.util.io.PagedFileStorage - lower=100; upper=500; buffer=10; max=1226 
2018-12-28 13:39:58,459 [entQueue-0]   INFO - pl.local.NativeFileWatcherImpl - Starting file watcher: /opt/android-studio/bin/fsnotifier64 
2018-12-28 13:39:58,503 [entQueue-0]   INFO - pl.local.NativeFileWatcherImpl - Native file watcher is operational. 
2018-12-28 13:40:02,041 [e-1136-b06]   WARN - nSystem.impl.ActionManagerImpl - keymap "Xcode" not found [Plugin: Git4Idea] 
2018-12-28 13:40:02,223 [e-1136-b06]   WARN - nSystem.impl.ActionManagerImpl - keymap "Xcode" not found [Plugin: hg4idea] 
2018-12-28 13:40:02,412 [e-1136-b06]   WARN - nSystem.impl.ActionManagerImpl - keymap "Xcode" not found [Plugin: com.android.tools.ndk] 
2018-12-28 13:40:02,415 [e-1136-b06]   WARN - nSystem.impl.ActionManagerImpl - keymap "Xcode" not found [Plugin: com.android.tools.ndk] 
2018-12-28 13:40:02,416 [e-1136-b06]   WARN - nSystem.impl.ActionManagerImpl - keymap "Xcode" not found [Plugin: com.android.tools.ndk] 
2018-12-28 13:40:02,575 [e-1136-b06]   INFO - .history.utils.LocalHistoryLog - local history version mismatch (was: 0, expected: 6), rebuilding... 
2018-12-28 13:40:02,575 [e-1136-b06]   INFO - .history.utils.LocalHistoryLog - FS has been rebuild, rebuilding local history... 
2018-12-28 13:40:03,456 [d thread 1]   INFO - .openapi.application.Preloader - Finished preloading com.intellij.ide.ui.OptionsTopHitProvider$Activity@2bdc5c63 
2018-12-28 13:40:03,959 [e-1136-b06]   INFO - til.net.ssl.CertificateManager - Default SSL context initialized 
2018-12-28 13:40:04,164 [d thread 3]   INFO - rains.ide.BuiltInServerManager - built-in server started, port 63342 
2018-12-28 13:40:04,451 [e-1136-b06]   INFO - gs.impl.UpdateCheckerComponent - channel: release 
2018-12-28 13:40:06,481 [e-1136-b06]   INFO - il.indexing.FileBasedIndexImpl - Index exts enumerated:1820, number of extensions:35 
2018-12-28 13:40:06,511 [e-1136-b06]   INFO - il.indexing.FileBasedIndexImpl - Index scheduled:29 
2018-12-28 13:40:06,683 [e-1136-b06]   INFO - tellij.psi.stubs.StubIndexImpl - All stub exts enumerated:170, number of extensions:50 
2018-12-28 13:40:06,690 [e-1136-b06]   INFO - tellij.psi.stubs.StubIndexImpl - stub exts update scheduled:6 
2018-12-28 13:40:10,401 [d thread 3]   INFO - ij.psi.stubs.StubUpdatingIndex - Following new file types will be indexed:Groovy,kotlin_builtins,JAVA,Kotlin,HTML,XML,Properties,CLASS,GDBCommands,KJSM,LLDBCommands 
2018-12-28 13:40:12,532 [e-1136-b06]   INFO - ellij.project.impl.ProjectImpl - 21 project components initialized in 3836 ms 
2018-12-28 13:40:14,259 [d thread 3]   INFO - pl$FileIndexDataInitialization - Initialization done:7750 
2018-12-28 13:40:14,407 [d thread 3]   INFO - exImpl$StubIndexInitialization - Initialization done:147 
2018-12-28 13:40:15,320 [e-1136-b06]   INFO - com.intellij.ide.ui.UISettings - Loaded: fontSize=12, fontScale=1.0; restored: fontSize=12, fontScale=1.0 
2018-12-28 13:40:21,871 [e-1136-b06]   INFO - plication.impl.ApplicationImpl - 88 application components initialized in 31816ms 
2018-12-28 13:40:21,939 [e-1136-b06]   INFO - .intellij.idea.IdeaApplication - App initialization took 55773 ms 
2018-12-28 13:40:23,655 [d thread 4]   INFO - dea.updater.SdkComponentSource - Downloading file:/opt/android-studio/plugins/sdk-updates/offline-repo/offline-repo.xml 
2018-12-28 13:40:25,031 [d thread 5]   WARN - ess.util.ProgressIndicatorBase - This progress indicator is indeterminate, this may lead to visual inconsistency. Please call setIndeterminate(false) before you start progress. 
2018-12-28 13:40:25,032 [d thread 5]   INFO - s.RepoProgressIndicatorAdapter - Downloading file:/opt/android-studio/plugins/sdk-updates/offline-repo/offline-repo.xml 
2018-12-28 13:40:25,359 [d thread 4]   INFO - dea.updater.SdkComponentSource - Downloading https://dl.google.com/android/repository/repository2-1.xml 
2018-12-28 13:40:25,367 [d thread 5]   INFO - s.RepoProgressIndicatorAdapter - File /home/john/.android/repositories.cfg could not be loaded. 
2018-12-28 13:40:25,373 [d thread 5]   INFO - s.RepoProgressIndicatorAdapter - Downloading https://dl.google.com/android/repository/repository2-1.xml 
2018-12-28 13:40:25,664 [d thread 1]   INFO - .openapi.application.Preloader - Finished preloading com.intellij.openapi.actionSystem.impl.ActionPreloader@5fc7c49e 
2018-12-28 13:40:26,868 [d thread 4]   INFO - dea.updater.SdkComponentSource - Downloading https://dl.google.com/android/repository/addons_list-3.xml 
2018-12-28 13:40:26,959 [d thread 5]   INFO - s.RepoProgressIndicatorAdapter - Downloading https://dl.google.com/android/repository/addons_list-3.xml 
2018-12-28 13:40:27,149 [d thread 4]   INFO - dea.updater.SdkComponentSource - Downloading https://dl.google.com/android/repository/sys-img/android/sys-img2-1.xml 
2018-12-28 13:40:27,224 [d thread 5]   INFO - s.RepoProgressIndicatorAdapter - Downloading https://dl.google.com/android/repository/sys-img/android/sys-img2-1.xml 
2018-12-28 13:40:27,971 [d thread 5]   INFO - s.RepoProgressIndicatorAdapter - Downloading https://dl.google.com/android/repository/sys-img/android-wear/sys-img2-1.xml 
2018-12-28 13:40:28,010 [d thread 4]   INFO - dea.updater.SdkComponentSource - Downloading https://dl.google.com/android/repository/sys-img/android-wear/sys-img2-1.xml 
2018-12-28 13:40:28,235 [d thread 5]   INFO - s.RepoProgressIndicatorAdapter - Downloading https://dl.google.com/android/repository/sys-img/android-wear-cn/sys-img2-1.xml 
2018-12-28 13:40:28,363 [d thread 4]   INFO - dea.updater.SdkComponentSource - Downloading https://dl.google.com/android/repository/sys-img/android-wear-cn/sys-img2-1.xml 
2018-12-28 13:40:28,500 [d thread 5]   INFO - s.RepoProgressIndicatorAdapter - Downloading https://dl.google.com/android/repository/sys-img/android-tv/sys-img2-1.xml 
2018-12-28 13:40:28,659 [d thread 4]   INFO - dea.updater.SdkComponentSource - Downloading https://dl.google.com/android/repository/sys-img/android-tv/sys-img2-1.xml 
2018-12-28 13:40:28,874 [d thread 5]   INFO - s.RepoProgressIndicatorAdapter - Downloading https://dl.google.com/android/repository/sys-img/google_apis/sys-img2-1.xml 
2018-12-28 13:40:28,982 [d thread 4]   INFO - dea.updater.SdkComponentSource - Downloading https://dl.google.com/android/repository/sys-img/google_apis/sys-img2-1.xml 
2018-12-28 13:40:29,262 [d thread 5]   INFO - s.RepoProgressIndicatorAdapter - Downloading https://dl.google.com/android/repository/sys-img/google_apis_playstore/sys-img2-1.xml 
2018-12-28 13:40:29,506 [d thread 4]   INFO - dea.updater.SdkComponentSource - Downloading https://dl.google.com/android/repository/sys-img/google_apis_playstore/sys-img2-1.xml 
2018-12-28 13:40:29,561 [d thread 5]   INFO - s.RepoProgressIndicatorAdapter - Downloading https://dl.google.com/android/repository/addon2-1.xml 
2018-12-28 13:40:29,845 [d thread 4]   INFO - dea.updater.SdkComponentSource - Downloading https://dl.google.com/android/repository/addon2-1.xml 
2018-12-28 13:40:30,491 [d thread 5]   INFO - s.RepoProgressIndicatorAdapter - Downloading https://dl.google.com/android/repository/glass/addon2-1.xml 
2018-12-28 13:40:30,515 [d thread 4]   INFO - dea.updater.SdkComponentSource - Downloading https://dl.google.com/android/repository/glass/addon2-1.xml 
2018-12-28 13:40:30,750 [d thread 5]   INFO - s.RepoProgressIndicatorAdapter - Downloading https://dl.google.com/android/repository/extras/intel/addon2-1.xml 
2018-12-28 13:40:30,775 [d thread 4]   INFO - dea.updater.SdkComponentSource - Downloading https://dl.google.com/android/repository/extras/intel/addon2-1.xml 
2018-12-28 13:40:31,512 [d thread 4]   INFO - dea.updater.SdkComponentSource - File /home/john/.android/repositories.cfg could not be loaded. 
2018-12-28 13:40:36,055 [e-1136-b06]   INFO - j.ide.ui.OptionsTopHitProvider - 2970 ms spent to cache options in application 
2018-12-28 13:40:36,056 [e-1136-b06]   INFO - rtup.GradleSpecificInitializer - Found Studio home directory at: '/opt/android-studio' 
2018-12-28 13:40:36,056 [e-1136-b06]   INFO - rtup.GradleSpecificInitializer - Looking for Android SDK at '/opt/android-studio/sdk' 
2018-12-28 13:40:36,058 [e-1136-b06]   INFO - rtup.GradleSpecificInitializer - Looking for Android SDK at '/opt/sdk' 
2018-12-28 13:40:36,058 [e-1136-b06]   INFO - rtup.GradleSpecificInitializer - Unable to locate SDK within the Android studio installation. 
2018-12-28 13:40:36,058 [e-1136-b06]   INFO - rtup.GradleSpecificInitializer - Checking if ANDROID_HOME is set: 'ANDROID_HOME' is 'null' 
2018-12-28 13:40:36,058 [e-1136-b06]   INFO - rtup.GradleSpecificInitializer - Unable to locate last SDK used by Android tools 
2018-12-28 13:40:36,058 [e-1136-b06]   INFO - .startup.AndroidSdkInitializer - Found Studio home directory at: '/opt/android-studio' 
2018-12-28 13:40:36,058 [e-1136-b06]   INFO - .startup.AndroidSdkInitializer - Looking for Android SDK at '/opt/android-studio/sdk' 
2018-12-28 13:40:36,059 [e-1136-b06]   INFO - .startup.AndroidSdkInitializer - Looking for Android SDK at '/opt/sdk' 
2018-12-28 13:40:36,059 [e-1136-b06]   INFO - .startup.AndroidSdkInitializer - Unable to locate SDK within the Android studio installation. 
2018-12-28 13:40:36,075 [e-1136-b06]   INFO - .startup.AndroidSdkInitializer - Checking if ANDROID_HOME is set: 'ANDROID_HOME' is 'null' 
2018-12-28 13:40:36,075 [e-1136-b06]   INFO - .startup.AndroidSdkInitializer - Unable to locate last SDK used by Android tools 
2018-12-28 13:40:36,195 [d thread 1]   INFO - .openapi.application.Preloader - Finished preloading com.intellij.ide.ui.search.SearchableOptionPreloader@556af336 
2018-12-28 13:40:38,851 [d thread 1]   INFO - .openapi.application.Preloader - Finished preloading com.intellij.codeInsight.completion.CompletionPreloader@4b050b24 
2018-12-28 13:40:38,894 [d thread 1]   INFO - .openapi.application.Preloader - Finished preloading com.intellij.ide.actions.GotoClassPresentationUpdater@2068f082 
2018-12-28 13:41:08,713 [e-1136-b06]   INFO - rd.FirstRunWizardFrameProvider - Overriding welcome frame to be resizable 
2018-12-28 13:41:11,133 [e-1136-b06]   INFO - stubs.SerializationManagerImpl - START StubSerializationManager SHUTDOWN 
2018-12-28 13:41:11,137 [e-1136-b06]   INFO - stubs.SerializationManagerImpl - END StubSerializationManager SHUTDOWN 
2018-12-28 13:41:11,138 [e-1136-b06]   INFO - il.indexing.FileBasedIndexImpl - START INDEX SHUTDOWN 
2018-12-28 13:41:11,447 [e-1136-b06]   INFO - il.indexing.FileBasedIndexImpl - END INDEX SHUTDOWN 
2018-12-28 13:41:11,463 [e-1136-b06]   INFO - org.jetbrains.io.BuiltInServer - web server stopped 
2018-12-28 13:41:11,492 [e-1136-b06]   INFO - Types.impl.FileTypeManagerImpl - FileTypeManager: 1 auto-detected files
Elapsed time on auto-detect: 26 ms 
2018-12-28 13:41:11,555 [notifier64]   INFO - pl.local.NativeFileWatcherImpl - Watcher terminated with exit code 0 
2018-12-28 13:41:11,560 [e-1136-b06]   INFO - newvfs.persistent.PersistentFS - VFS dispose started 
2018-12-28 13:41:11,568 [e-1136-b06]   INFO - newvfs.persistent.PersistentFS - VFS dispose completed 
2018-12-28 13:41:11,617 [wn tracker]   INFO -        #com.intellij.idea.Main - ------------------------------------------------------ IDE SHUTDOWN ------------------------------------------------------ 
2018-12-28 13:41:11,628 [wn tracker]   INFO - org.jetbrains.io.BuiltInServer - web server stopped 
