00:00:00.097580 main     VirtualBox XPCOM Server 6.0.2 r127994 linux.amd64 (Jan 15 2019 20:58:16) release log
00:00:00.097589 main     Log opened 2019-01-21T20:05:21.704492000Z
00:00:00.097591 main     Build Type: release
00:00:00.097601 main     OS Product: Linux
00:00:00.097605 main     OS Release: 4.19.12-arch1-1-ARCH
00:00:00.097608 main     OS Version: #1 SMP PREEMPT Fri Dec 21 13:56:54 UTC 2018
00:00:00.097709 main     DMI Product Name: 4291EK2
00:00:00.097740 main     DMI Product Version: ThinkPad X220
00:00:00.097849 main     Host RAM: 7858MB (7.6GB) total, 6831MB (6.6GB) available
00:00:00.097858 main     Executable: /usr/lib/virtualbox/VBoxSVC
00:00:00.097859 main     Process ID: 7118
00:00:00.097861 main     Package type: LINUX_64BITS_GENERIC (OSE)
00:00:00.103359 main     IPC socket path: /tmp/.vbox-john-ipc/ipcd
00:00:00.229434 nspr-2   VirtualBox: object creation starts
00:00:00.230982 nspr-2   Home directory: '/home/john/.config/VirtualBox'
00:00:00.245215 nspr-2   Loading settings file "/home/john/.config/VirtualBox/VirtualBox.xml" with version "1.12-linux"
00:00:00.306368 nspr-2   NetIfAdpCtlOut: VBoxNetAdpCtl: Error while retrieving link speed for wlp3s0: VBoxNetAdpCtl: ioctl failed: Operation not supported
00:00:00.308231 nspr-2   NAT: resolv.conf: nameserver 192.168.1.1
00:00:00.308295 nspr-2   HostDnsMonitor::updateInfo
00:00:00.308338 nspr-2   HostDnsMonitor: old information
00:00:00.308350 nspr-2     no server entries
00:00:00.308362 nspr-2     no domain set
00:00:00.308371 nspr-2     no search string entries
00:00:00.308382 nspr-2   HostDnsMonitor: new information
00:00:00.308392 nspr-2     server 1: 192.168.1.1
00:00:00.308404 nspr-2     no domain set
00:00:00.308413 nspr-2     no search string entries
00:00:00.316662 nspr-2   Support driver version mismatch: DriverVersion=0x290001 ClientVersion=0x290008 rc=VERR_VERSION_MISMATCH
00:00:00.483138 nspr-2   VD: VDInit finished with VINF_SUCCESS
00:00:00.516147 nspr-2   ERROR [COM]: aRC=NS_ERROR_FAILURE (0x80004005) aIID={d55176e5-6730-4e9e-fc1f-a59b1f44f78f} aComponent={SystemPropertiesWrap} aText={Cannot determine default Guest Additions ISO location. Most likely they are not available}, preserve=false aResultDetail=0
00:00:00.715107 nspr-2   Loading settings file "/home/john/.Genymobile/Genymotion/deployed/Google Pixel 2/Google Pixel 2.vbox" with version "1.12-linux"
00:00:00.772769 nspr-2   Loading settings file "/home/john/VirtualBox VMs/mondofied/mondofied.vbox" with version "1.16-linux"
00:00:00.773892 nspr-2   VirtualBox: object created
00:00:02.968332 nspr-2   WARNING [COM]: aRC=NS_ERROR_FAILURE (0x80004005) aIID={dbe11e5f-7f10-46e7-94c4-1e95bf4b6627} aComponent={HostWrap} aText={VirtualBox is not currently allowed to access USB devices.  You can change this by adding your user to the 'vboxusers' group.  Please see the user manual for a more detailed explanation}, preserve=true  aResultDetail=0
00:00:03.000773 nspr-3   Support driver version mismatch: DriverVersion=0x290001 ClientVersion=0x290008 rc=VERR_VERSION_MISMATCH
00:00:03.110293 nspr-4   WARNING [COM]: aRC=NS_ERROR_FAILURE (0x80004005) aIID={dbe11e5f-7f10-46e7-94c4-1e95bf4b6627} aComponent={HostWrap} aText={VirtualBox is not currently allowed to access USB devices.  You can change this by adding your user to the 'vboxusers' group.  Please see the user manual for a more detailed explanation}, preserve=true  aResultDetail=0
00:00:03.111921 nspr-2   WARNING [COM]: aRC=NS_ERROR_FAILURE (0x80004005) aIID={dbe11e5f-7f10-46e7-94c4-1e95bf4b6627} aComponent={HostWrap} aText={VirtualBox is not currently allowed to access USB devices.  You can change this by adding your user to the 'vboxusers' group.  Please see the user manual for a more detailed explanation}, preserve=true  aResultDetail=0
00:00:03.694814 nspr-3   Saving settings file "/home/john/.config/VirtualBox/VirtualBox.xml" with version "1.12-linux"
00:00:03.786687 nspr-5   Saving settings file "/home/john/.config/VirtualBox/VirtualBox.xml" with version "1.12-linux"
00:00:05.120533 nspr-2   Saving settings file "/home/john/.config/VirtualBox/VirtualBox.xml" with version "1.12-linux"
00:00:05.186763 nspr-3   Saving settings file "/home/john/.config/VirtualBox/VirtualBox.xml" with version "1.12-linux"
00:00:05.250373 nspr-2   Saving settings file "/home/john/.config/VirtualBox/VirtualBox.xml" with version "1.12-linux"
00:00:05.312403 nspr-5   Saving settings file "/home/john/.config/VirtualBox/VirtualBox.xml" with version "1.12-linux"
00:00:05.367158 nspr-4   Saving settings file "/home/john/.config/VirtualBox/VirtualBox.xml" with version "1.12-linux"
00:00:05.800553 nspr-3   Saving settings file "/home/john/.config/VirtualBox/VirtualBox.xml" with version "1.12-linux"
00:00:05.997838 nspr-3   Saving settings file "/home/john/.config/VirtualBox/VirtualBox.xml" with version "1.12-linux"
00:00:11.693676 main     VirtualBox: object deletion starts
00:00:11.693822 main     ERROR [COM]: aRC=VBOX_E_OBJECT_IN_USE (0x80bb000c) aIID={ad47ad09-787b-44ab-b343-a082a3f2dfb1} aComponent={MediumWrap} aText={Medium '/home/john/.Genymobile/Genymotion/deployed/Google Pixel 2/Snapshots/{69b9d6e2-ffa7-431c-8261-909840cd5678}.vmdk' cannot be closed because it is still attached to 1 virtual machines}, preserve=false aResultDetail=0
00:00:11.693906 main     ERROR [COM]: aRC=VBOX_E_OBJECT_IN_USE (0x80bb000c) aIID={ad47ad09-787b-44ab-b343-a082a3f2dfb1} aComponent={MediumWrap} aText={Medium '/home/john/.Genymobile/Genymotion/deployed/Google Pixel 2/android_system_disk.vmdk' cannot be closed because it is still attached to 1 virtual machines}, preserve=false aResultDetail=0
00:00:11.693950 main     ERROR [COM]: aRC=VBOX_E_OBJECT_IN_USE (0x80bb000c) aIID={ad47ad09-787b-44ab-b343-a082a3f2dfb1} aComponent={MediumWrap} aText={Medium '/home/john/.Genymobile/Genymotion/deployed/Google Pixel 2/Snapshots/{45a72c19-03dd-4d5c-99f2-17399ce8aaf5}.vmdk' cannot be closed because it is still attached to 1 virtual machines}, preserve=false aResultDetail=0
00:00:11.693986 main     ERROR [COM]: aRC=VBOX_E_OBJECT_IN_USE (0x80bb000c) aIID={ad47ad09-787b-44ab-b343-a082a3f2dfb1} aComponent={MediumWrap} aText={Medium '/home/john/.Genymobile/Genymotion/deployed/Google Pixel 2/android_data_disk.vmdk' cannot be closed because it is still attached to 1 virtual machines}, preserve=false aResultDetail=0
00:00:11.694531 main     ERROR [COM]: aRC=VBOX_E_OBJECT_IN_USE (0x80bb000c) aIID={ad47ad09-787b-44ab-b343-a082a3f2dfb1} aComponent={MediumWrap} aText={Medium '/home/john/VirtualBox VMs/mondofied/mondofied.vdi' cannot be closed because it is still attached to 1 virtual machines}, preserve=false aResultDetail=0
00:00:11.776424 Watcher  ERROR [COM]: aRC=E_ACCESSDENIED (0x80070005) aIID={d0a0163f-e254-4e5b-a1f2-011cf991c38d} aComponent={VirtualBoxWrap} aText={The object is not ready}, preserve=false aResultDetail=0
00:00:16.695444 main     {00007fd5bc0193d0} HostPowerServiceLinux::~HostPowerServiceLinux: RTThreadWait() for 5000 ms failed with VERR_TIMEOUT
00:00:16.695677 main     VirtualBox: object deleted
