VirtualBox VM 5.2.22 r126257 linux.amd64 (Dec 25 2018 23:59:23) release log
00:00:00.573164 Log opened 2019-01-05T17:05:13.981435000Z
00:00:00.573166 Build Type: release
00:00:00.573171 OS Product: Linux
00:00:00.573173 OS Release: 4.19.12-arch1-1-ARCH
00:00:00.573175 OS Version: #1 SMP PREEMPT Fri Dec 21 13:56:54 UTC 2018
00:00:00.573246 DMI Product Name: 4291EK2
00:00:00.573275 DMI Product Version: ThinkPad X220
00:00:00.573341 Host RAM: 7858MB (7.6GB) total, 6303MB (6.1GB) available
00:00:00.573347 Executable: /usr/lib/virtualbox/VirtualBox
00:00:00.573349 Process ID: 7618
00:00:00.573350 Package type: LINUX_64BITS_GENERIC (OSE)
00:00:00.608878 Installed Extension Packs:
00:00:00.608946   None installed!
00:00:00.613909 Console: Machine state changed to 'Starting'
00:00:00.614395 Qt version: 5.12.0
00:00:00.614410 X11 Window Manager code: 0
00:00:00.620843 SUP: Opened VMMR0.r0 (/usr/lib/virtualbox/VMMR0.r0) at 0xXXXXXXXXXXXXXXXX.
00:00:00.623067 Guest OS type: 'ArchLinux_64'
00:00:00.627809 GUI: UIMediumEnumerator: Medium-enumeration finished!
00:00:00.628986 fHMForced=true - 64-bit guest
00:00:00.629467 X Server details: vendor: The X.Org Foundation, release: 12003000, protocol version: 11.0, display string: :0
00:00:00.629496 Using XKB for keycode to scan code conversion
00:00:00.634200 GUI: UIDesktopWidgetWatchdog::sltHandleHostScreenAvailableGeometryCalculated: Screen 0 work area is actually resized to: 2070x13 x 576x505
00:00:00.638270 File system of '/home/john/dwn/archlinux-2019.01.01-x86_64.iso' (DVD) is ext4
00:00:00.646243 File system of '/home/john/VirtualBox VMs/arch/Snapshots' (snapshots) is unknown
00:00:00.646266 File system of '/home/john/VirtualBox VMs/arch/arch.vhd' is ext4
00:00:00.647547 GUI: UIDesktopWidgetWatchdog::sltHandleHostScreenAvailableGeometryCalculated: Screen 1 work area is actually resized to: 2358x518 x 288x505
00:00:00.668654 Shared clipboard service loaded
00:00:00.668685 Shared clipboard mode: Off
00:00:00.669932 Drag and drop service loaded
00:00:00.669950 Drag and drop mode: Off
00:00:00.672005 Guest Control service loaded
00:00:00.675366 ************************* CFGM dump *************************
00:00:00.675369 [/] (level 0)
00:00:00.675374   CSAMEnabled       <integer> = 0x0000000000000001 (1)
00:00:00.675377   CpuExecutionCap   <integer> = 0x0000000000000064 (100)
00:00:00.675379   EnablePAE         <integer> = 0x0000000000000000 (0)
00:00:00.675380   HMEnabled         <integer> = 0x0000000000000001 (1)
00:00:00.675381   MemBalloonSize    <integer> = 0x0000000000000000 (0)
00:00:00.675383   Name              <string>  = "arch" (cb=5)
00:00:00.675431   NumCPUs           <integer> = 0x0000000000000001 (1)
00:00:00.675433   PATMEnabled       <integer> = 0x0000000000000001 (1)
00:00:00.675434   PageFusionAllowed <integer> = 0x0000000000000000 (0)
00:00:00.675435   RamHoleSize       <integer> = 0x0000000020000000 (536 870 912, 512 MB)
00:00:00.675437   RamSize           <integer> = 0x0000000040000000 (1 073 741 824, 1 024 MB)
00:00:00.675439   RawR0Enabled      <integer> = 0x0000000000000001 (1)
00:00:00.675441   RawR3Enabled      <integer> = 0x0000000000000001 (1)
00:00:00.675442   TimerMillies      <integer> = 0x000000000000000a (10)
00:00:00.675443   UUID              <bytes>   = "98 9f db 11 bc e6 64 41 ad 89 57 ed 1b 03 39 e8" (cb=16)
00:00:00.675448 
00:00:00.675448 [/CPUM/] (level 1)
00:00:00.675450   GuestCpuName       <string>  = "host" (cb=5)
00:00:00.675451   PortableCpuIdLevel <integer> = 0x0000000000000000 (0)
00:00:00.675453   SpecCtrl           <integer> = 0x0000000000000000 (0)
00:00:00.675454 
00:00:00.675454 [/DBGC/] (level 1)
00:00:00.675455   GlobalInitScript <string>  = "/home/john/.config/VirtualBox/dbgc-init" (cb=40)
00:00:00.675457   HistoryFile      <string>  = "/home/john/.config/VirtualBox/dbgc-history" (cb=43)
00:00:00.675458   LocalInitScript  <string>  = "/home/john/VirtualBox VMs/arch/dbgc-init" (cb=41)
00:00:00.675459 
00:00:00.675459 [/DBGF/] (level 1)
00:00:00.675460   Path <string>  = "/home/john/VirtualBox VMs/arch/debug/;/home/john/VirtualBox VMs/arch/;/home/john/" (cb=82)
00:00:00.675461 
00:00:00.675462 [/Devices/] (level 1)
00:00:00.675463 
00:00:00.675464 [/Devices/8237A/] (level 2)
00:00:00.675465 
00:00:00.675466 [/Devices/8237A/0/] (level 3)
00:00:00.675467   Trusted <integer> = 0x0000000000000001 (1)
00:00:00.675468 
00:00:00.675469 [/Devices/GIMDev/] (level 2)
00:00:00.675470 
00:00:00.675471 [/Devices/GIMDev/0/] (level 3)
00:00:00.675472   Trusted <integer> = 0x0000000000000001 (1)
00:00:00.675473 
00:00:00.675474 [/Devices/VMMDev/] (level 2)
00:00:00.675475 
00:00:00.675476 [/Devices/VMMDev/0/] (level 3)
00:00:00.675477   PCIBusNo      <integer> = 0x0000000000000000 (0)
00:00:00.675478   PCIDeviceNo   <integer> = 0x0000000000000004 (4)
00:00:00.675480   PCIFunctionNo <integer> = 0x0000000000000000 (0)
00:00:00.675481   Trusted       <integer> = 0x0000000000000001 (1)
00:00:00.675482 
00:00:00.675483 [/Devices/VMMDev/0/Config/] (level 4)
00:00:00.675485   GuestCoreDumpDir <string>  = "/home/john/VirtualBox VMs/arch/Snapshots" (cb=41)
00:00:00.675486 
00:00:00.675486 [/Devices/VMMDev/0/LUN#0/] (level 4)
00:00:00.675488   Driver <string>  = "HGCM" (cb=5)
00:00:00.675489 
00:00:00.675489 [/Devices/VMMDev/0/LUN#0/Config/] (level 5)
00:00:00.675492   Object <integer> = 0x00007f3fa8000b70 (139 911 378 242 416)
00:00:00.675494 
00:00:00.675494 [/Devices/VMMDev/0/LUN#999/] (level 4)
00:00:00.675496   Driver <string>  = "MainStatus" (cb=11)
00:00:00.675497 
00:00:00.675498 [/Devices/VMMDev/0/LUN#999/Config/] (level 5)
00:00:00.675500   First   <integer> = 0x0000000000000000 (0)
00:00:00.675502   Last    <integer> = 0x0000000000000000 (0)
00:00:00.675502   papLeds <integer> = 0x00007f3fc8003b18 (139 911 915 125 528)
00:00:00.675504 
00:00:00.675504 [/Devices/acpi/] (level 2)
00:00:00.675505 
00:00:00.675505 [/Devices/acpi/0/] (level 3)
00:00:00.675507   PCIBusNo      <integer> = 0x0000000000000000 (0)
00:00:00.675508   PCIDeviceNo   <integer> = 0x0000000000000007 (7)
00:00:00.675508   PCIFunctionNo <integer> = 0x0000000000000000 (0)
00:00:00.675509   Trusted       <integer> = 0x0000000000000001 (1)
00:00:00.675510 
00:00:00.675510 [/Devices/acpi/0/Config/] (level 4)
00:00:00.675512   CpuHotPlug          <integer> = 0x0000000000000000 (0)
00:00:00.675513   FdcEnabled          <integer> = 0x0000000000000000 (0)
00:00:00.675522   HostBusPciAddress   <integer> = 0x0000000000000000 (0)
00:00:00.675523   HpetEnabled         <integer> = 0x0000000000000000 (0)
00:00:00.675524   IOAPIC              <integer> = 0x0000000000000001 (1)
00:00:00.675525   IocPciAddress       <integer> = 0x0000000000010000 (65 536)
00:00:00.675526   NumCPUs             <integer> = 0x0000000000000001 (1)
00:00:00.675527   Parallel0IoPortBase <integer> = 0x0000000000000000 (0)
00:00:00.675528   Parallel0Irq        <integer> = 0x0000000000000000 (0)
00:00:00.675529   Parallel1IoPortBase <integer> = 0x0000000000000000 (0)
00:00:00.675530   Parallel1Irq        <integer> = 0x0000000000000000 (0)
00:00:00.675530   Serial0IoPortBase   <integer> = 0x0000000000000000 (0)
00:00:00.675531   Serial0Irq          <integer> = 0x0000000000000000 (0)
00:00:00.675532   Serial1IoPortBase   <integer> = 0x0000000000000000 (0)
00:00:00.675533   Serial1Irq          <integer> = 0x0000000000000000 (0)
00:00:00.675534   ShowCpu             <integer> = 0x0000000000000001 (1)
00:00:00.675535   ShowRtc             <integer> = 0x0000000000000000 (0)
00:00:00.675536   SmcEnabled          <integer> = 0x0000000000000000 (0)
00:00:00.675537 
00:00:00.675537 [/Devices/acpi/0/LUN#0/] (level 4)
00:00:00.675538   Driver <string>  = "ACPIHost" (cb=9)
00:00:00.675539 
00:00:00.675539 [/Devices/acpi/0/LUN#0/Config/] (level 5)
00:00:00.675541 
00:00:00.675541 [/Devices/ahci/] (level 2)
00:00:00.675542 
00:00:00.675543 [/Devices/ahci/0/] (level 3)
00:00:00.675544   PCIBusNo      <integer> = 0x0000000000000000 (0)
00:00:00.675545   PCIDeviceNo   <integer> = 0x000000000000000d (13)
00:00:00.675546   PCIFunctionNo <integer> = 0x0000000000000000 (0)
00:00:00.675547   Trusted       <integer> = 0x0000000000000001 (1)
00:00:00.675548 
00:00:00.675548 [/Devices/ahci/0/Config/] (level 4)
00:00:00.675549   Bootable  <integer> = 0x0000000000000001 (1)
00:00:00.675550   PortCount <integer> = 0x0000000000000001 (1)
00:00:00.675551 
00:00:00.675551 [/Devices/ahci/0/Config/Port0/] (level 5)
00:00:00.675553   Hotpluggable <integer> = 0x0000000000000000 (0)
00:00:00.675554 
00:00:00.675555 [/Devices/ahci/0/LUN#0/] (level 4)
00:00:00.675557   Driver <string>  = "VD" (cb=3)
00:00:00.675558 
00:00:00.675559 [/Devices/ahci/0/LUN#0/Config/] (level 5)
00:00:00.675561   BlockCache <integer> = 0x0000000000000001 (1)
00:00:00.675562   Format     <string>  = "VHD" (cb=4)
00:00:00.675564   Mountable  <integer> = 0x0000000000000000 (0)
00:00:00.675565   Path       <string>  = "/home/john/VirtualBox VMs/arch/arch.vhd" (cb=40)
00:00:00.675566   Type       <string>  = "HardDisk" (cb=9)
00:00:00.675567   UseNewIo   <integer> = 0x0000000000000001 (1)
00:00:00.675568 
00:00:00.675569 [/Devices/ahci/0/LUN#999/] (level 4)
00:00:00.675571   Driver <string>  = "MainStatus" (cb=11)
00:00:00.675572 
00:00:00.675573 [/Devices/ahci/0/LUN#999/Config/] (level 5)
00:00:00.675575   DeviceInstance        <string>  = "ahci/0" (cb=7)
00:00:00.675607   First                 <integer> = 0x0000000000000000 (0)
00:00:00.675609   Last                  <integer> = 0x0000000000000000 (0)
00:00:00.675610   pConsole              <integer> = 0x00007f3fc8003330 (139 911 915 123 504)
00:00:00.675611   papLeds               <integer> = 0x00007f3fc8003718 (139 911 915 124 504)
00:00:00.675613   pmapMediumAttachments <integer> = 0x00007f3fc8003b38 (139 911 915 125 560)
00:00:00.675614 
00:00:00.675615 [/Devices/apic/] (level 2)
00:00:00.675616 
00:00:00.675616 [/Devices/apic/0/] (level 3)
00:00:00.675618   Trusted <integer> = 0x0000000000000001 (1)
00:00:00.675618 
00:00:00.675619 [/Devices/apic/0/Config/] (level 4)
00:00:00.675620   IOAPIC  <integer> = 0x0000000000000001 (1)
00:00:00.675621   Mode    <integer> = 0x0000000000000003 (3)
00:00:00.675622   NumCPUs <integer> = 0x0000000000000001 (1)
00:00:00.675623 
00:00:00.675623 [/Devices/e1000/] (level 2)
00:00:00.675624 
00:00:00.675624 [/Devices/e1000/0/] (level 3)
00:00:00.675626   PCIBusNo      <integer> = 0x0000000000000000 (0)
00:00:00.675627   PCIDeviceNo   <integer> = 0x0000000000000003 (3)
00:00:00.675628   PCIFunctionNo <integer> = 0x0000000000000000 (0)
00:00:00.675629   Trusted       <integer> = 0x0000000000000001 (1)
00:00:00.675629 
00:00:00.675630 [/Devices/e1000/0/Config/] (level 4)
00:00:00.675631   AdapterType    <integer> = 0x0000000000000000 (0)
00:00:00.675632   CableConnected <integer> = 0x0000000000000001 (1)
00:00:00.675633   LineSpeed      <integer> = 0x0000000000000000 (0)
00:00:00.675633   MAC            <bytes>   = "08 00 27 13 32 e9" (cb=6)
00:00:00.675635 
00:00:00.675636 [/Devices/e1000/0/LUN#0/] (level 4)
00:00:00.675637   Driver <string>  = "NAT" (cb=4)
00:00:00.675638 
00:00:00.675638 [/Devices/e1000/0/LUN#0/Config/] (level 5)
00:00:00.675640   AliasMode       <integer> = 0x0000000000000000 (0)
00:00:00.675641   BootFile        <string>  = "arch.pxe" (cb=9)
00:00:00.675641   DNSProxy        <integer> = 0x0000000000000000 (0)
00:00:00.675642   Network         <string>  = "10.0.2.0/24" (cb=12)
00:00:00.675643   PassDomain      <integer> = 0x0000000000000001 (1)
00:00:00.675644   TFTPPrefix      <string>  = "/home/john/.config/VirtualBox/TFTP" (cb=35)
00:00:00.675645   UseHostResolver <integer> = 0x0000000000000000 (0)
00:00:00.675646 
00:00:00.675646 [/Devices/e1000/0/LUN#999/] (level 4)
00:00:00.675647   Driver <string>  = "MainStatus" (cb=11)
00:00:00.675648 
00:00:00.675648 [/Devices/e1000/0/LUN#999/Config/] (level 5)
00:00:00.675650   First   <integer> = 0x0000000000000000 (0)
00:00:00.675650   Last    <integer> = 0x0000000000000000 (0)
00:00:00.675651   papLeds <integer> = 0x00007f3fc80039f8 (139 911 915 125 240)
00:00:00.675653 
00:00:00.675653 [/Devices/i8254/] (level 2)
00:00:00.675654 
00:00:00.675655 [/Devices/i8254/0/] (level 3)
00:00:00.675656 
00:00:00.675656 [/Devices/i8254/0/Config/] (level 4)
00:00:00.675657 
00:00:00.675658 [/Devices/i8259/] (level 2)
00:00:00.675659 
00:00:00.675659 [/Devices/i8259/0/] (level 3)
00:00:00.675660   Trusted <integer> = 0x0000000000000001 (1)
00:00:00.675661 
00:00:00.675661 [/Devices/i8259/0/Config/] (level 4)
00:00:00.675663 
00:00:00.675663 [/Devices/ichac97/] (level 2)
00:00:00.675664 
00:00:00.675664 [/Devices/ichac97/0/] (level 3)
00:00:00.675666   PCIBusNo      <integer> = 0x0000000000000000 (0)
00:00:00.675667   PCIDeviceNo   <integer> = 0x0000000000000005 (5)
00:00:00.675667   PCIFunctionNo <integer> = 0x0000000000000000 (0)
00:00:00.675668   Trusted       <integer> = 0x0000000000000001 (1)
00:00:00.675669 
00:00:00.675669 [/Devices/ichac97/0/AudioConfig/] (level 4)
00:00:00.675671 
00:00:00.675671 [/Devices/ichac97/0/Config/] (level 4)
00:00:00.675672   Codec        <string>  = "AD1980" (cb=7)
00:00:00.675673   DebugEnabled <integer> = 0x0000000000000000 (0)
00:00:00.675674   DebugPathOut <string>  = "" (cb=1)
00:00:00.675675 
00:00:00.675675 [/Devices/ichac97/0/LUN#0/] (level 4)
00:00:00.675676   Driver <string>  = "AUDIO" (cb=6)
00:00:00.675677 
00:00:00.675677 [/Devices/ichac97/0/LUN#0/AttachedDriver/] (level 5)
00:00:00.675679   Driver <string>  = "PulseAudio" (cb=11)
00:00:00.675680 
00:00:00.675680 [/Devices/ichac97/0/LUN#0/AttachedDriver/Config/] (level 6)
00:00:00.675682   StreamName <string>  = "arch" (cb=5)
00:00:00.675682 
00:00:00.675683 [/Devices/ichac97/0/LUN#0/Config/] (level 5)
00:00:00.675684   BufferSizeMs    <integer> = 0x0000000000000000 (0)
00:00:00.675685   DriverName      <string>  = "PulseAudio" (cb=11)
00:00:00.675686   InputEnabled    <integer> = 0x0000000000000000 (0)
00:00:00.675687   OutputEnabled   <integer> = 0x0000000000000001 (1)
00:00:00.675687   PeriodSizeMs    <integer> = 0x0000000000000000 (0)
00:00:00.675688   PreBufferSizeMs <integer> = 0x00000000ffffffff (4 294 967 295)
00:00:00.675689 
00:00:00.675690 [/Devices/ioapic/] (level 2)
00:00:00.675691 
00:00:00.675691 [/Devices/ioapic/0/] (level 3)
00:00:00.675692   Trusted <integer> = 0x0000000000000001 (1)
00:00:00.675693 
00:00:00.675693 [/Devices/ioapic/0/Config/] (level 4)
00:00:00.675695   NumCPUs <integer> = 0x0000000000000001 (1)
00:00:00.675695 
00:00:00.675696 [/Devices/mc146818/] (level 2)
00:00:00.675697 
00:00:00.675697 [/Devices/mc146818/0/] (level 3)
00:00:00.675699 
00:00:00.675699 [/Devices/mc146818/0/Config/] (level 4)
00:00:00.675700   UseUTC <integer> = 0x0000000000000001 (1)
00:00:00.675701 
00:00:00.675701 [/Devices/parallel/] (level 2)
00:00:00.675702 
00:00:00.675703 [/Devices/pcarch/] (level 2)
00:00:00.675704 
00:00:00.675704 [/Devices/pcarch/0/] (level 3)
00:00:00.675705   Trusted <integer> = 0x0000000000000001 (1)
00:00:00.675706 
00:00:00.675707 [/Devices/pcarch/0/Config/] (level 4)
00:00:00.675708 
00:00:00.675708 [/Devices/pcbios/] (level 2)
00:00:00.675710 
00:00:00.675710 [/Devices/pcbios/0/] (level 3)
00:00:00.675712   Trusted <integer> = 0x0000000000000001 (1)
00:00:00.675714 
00:00:00.675714 [/Devices/pcbios/0/Config/] (level 4)
00:00:00.675717   APIC               <integer> = 0x0000000000000001 (1)
00:00:00.675719   BootDevice0        <string>  = "FLOPPY" (cb=7)
00:00:00.675720   BootDevice1        <string>  = "DVD" (cb=4)
00:00:00.675721   BootDevice2        <string>  = "IDE" (cb=4)
00:00:00.675723   BootDevice3        <string>  = "NONE" (cb=5)
00:00:00.675724   FloppyDevice       <string>  = "i82078" (cb=7)
00:00:00.675725   HardDiskDevice     <string>  = "piix3ide" (cb=9)
00:00:00.675726   IOAPIC             <integer> = 0x0000000000000001 (1)
00:00:00.675728   McfgBase           <integer> = 0x0000000000000000 (0)
00:00:00.675729   McfgLength         <integer> = 0x0000000000000000 (0)
00:00:00.675758   NumCPUs            <integer> = 0x0000000000000001 (1)
00:00:00.675760   PXEDebug           <integer> = 0x0000000000000000 (0)
00:00:00.675761   SataHardDiskDevice <string>  = "ahci" (cb=5)
00:00:00.675762   SataLUN1           <integer> = 0x0000000000000000 (0)
00:00:00.675763   UUID               <bytes>   = "98 9f db 11 bc e6 64 41 ad 89 57 ed 1b 03 39 e8" (cb=16)
00:00:00.675766 
00:00:00.675766 [/Devices/pcbios/0/Config/NetBoot/] (level 5)
00:00:00.675768 
00:00:00.675768 [/Devices/pcbios/0/Config/NetBoot/0/] (level 6)
00:00:00.675770   NIC           <integer> = 0x0000000000000000 (0)
00:00:00.675771   PCIBusNo      <integer> = 0x0000000000000000 (0)
00:00:00.675772   PCIDeviceNo   <integer> = 0x0000000000000003 (3)
00:00:00.675772   PCIFunctionNo <integer> = 0x0000000000000000 (0)
00:00:00.675773 
00:00:00.675774 [/Devices/pci/] (level 2)
00:00:00.675775 
00:00:00.675775 [/Devices/pci/0/] (level 3)
00:00:00.675777   Trusted <integer> = 0x0000000000000001 (1)
00:00:00.675777 
00:00:00.675778 [/Devices/pci/0/Config/] (level 4)
00:00:00.675779   IOAPIC <integer> = 0x0000000000000001 (1)
00:00:00.675780 
00:00:00.675780 [/Devices/pcibridge/] (level 2)
00:00:00.675781 
00:00:00.675782 [/Devices/pckbd/] (level 2)
00:00:00.675783 
00:00:00.675783 [/Devices/pckbd/0/] (level 3)
00:00:00.675784   Trusted <integer> = 0x0000000000000001 (1)
00:00:00.675785 
00:00:00.675785 [/Devices/pckbd/0/Config/] (level 4)
00:00:00.675787 
00:00:00.675787 [/Devices/pckbd/0/LUN#0/] (level 4)
00:00:00.675788   Driver <string>  = "KeyboardQueue" (cb=14)
00:00:00.675789 
00:00:00.675789 [/Devices/pckbd/0/LUN#0/AttachedDriver/] (level 5)
00:00:00.675791   Driver <string>  = "MainKeyboard" (cb=13)
00:00:00.675792 
00:00:00.675792 [/Devices/pckbd/0/LUN#0/AttachedDriver/Config/] (level 6)
00:00:00.675794   Object <integer> = 0x000055f693d57830 (94 517 530 556 464)
00:00:00.675795 
00:00:00.675795 [/Devices/pckbd/0/LUN#0/Config/] (level 5)
00:00:00.675797   QueueSize <integer> = 0x0000000000000040 (64)
00:00:00.675798 
00:00:00.675798 [/Devices/pckbd/0/LUN#1/] (level 4)
00:00:00.675800   Driver <string>  = "MouseQueue" (cb=11)
00:00:00.675800 
00:00:00.675801 [/Devices/pckbd/0/LUN#1/AttachedDriver/] (level 5)
00:00:00.675802   Driver <string>  = "MainMouse" (cb=10)
00:00:00.675803 
00:00:00.675803 [/Devices/pckbd/0/LUN#1/AttachedDriver/Config/] (level 6)
00:00:00.675805   Object <integer> = 0x00007f3fc8007b90 (139 911 915 142 032)
00:00:00.675806 
00:00:00.675806 [/Devices/pckbd/0/LUN#1/Config/] (level 5)
00:00:00.675808   QueueSize <integer> = 0x0000000000000080 (128)
00:00:00.675809 
00:00:00.675809 [/Devices/pcnet/] (level 2)
00:00:00.675810 
00:00:00.675810 [/Devices/piix3ide/] (level 2)
00:00:00.675811 
00:00:00.675812 [/Devices/piix3ide/0/] (level 3)
00:00:00.675813   PCIBusNo      <integer> = 0x0000000000000000 (0)
00:00:00.675814   PCIDeviceNo   <integer> = 0x0000000000000001 (1)
00:00:00.675815   PCIFunctionNo <integer> = 0x0000000000000001 (1)
00:00:00.675816   Trusted       <integer> = 0x0000000000000001 (1)
00:00:00.675816 
00:00:00.675817 [/Devices/piix3ide/0/Config/] (level 4)
00:00:00.675818   Type <string>  = "PIIX4" (cb=6)
00:00:00.675819 
00:00:00.675819 [/Devices/piix3ide/0/LUN#2/] (level 4)
00:00:00.675821   Driver <string>  = "VD" (cb=3)
00:00:00.675821 
00:00:00.675822 [/Devices/piix3ide/0/LUN#2/Config/] (level 5)
00:00:00.675823   Format    <string>  = "RAW" (cb=4)
00:00:00.675824   Mountable <integer> = 0x0000000000000001 (1)
00:00:00.675825   Path      <string>  = "/home/john/dwn/archlinux-2019.01.01-x86_64.iso" (cb=47)
00:00:00.675826   ReadOnly  <integer> = 0x0000000000000001 (1)
00:00:00.675826   Type      <string>  = "DVD" (cb=4)
00:00:00.675827 
00:00:00.675828 [/Devices/piix3ide/0/LUN#999/] (level 4)
00:00:00.675829   Driver <string>  = "MainStatus" (cb=11)
00:00:00.675830 
00:00:00.675830 [/Devices/piix3ide/0/LUN#999/Config/] (level 5)
00:00:00.675831   DeviceInstance        <string>  = "piix3ide/0" (cb=11)
00:00:00.675832   First                 <integer> = 0x0000000000000000 (0)
00:00:00.675833   Last                  <integer> = 0x0000000000000003 (3)
00:00:00.675834   pConsole              <integer> = 0x00007f3fc8003330 (139 911 915 123 504)
00:00:00.675836   papLeds               <integer> = 0x00007f3fc80036f8 (139 911 915 124 472)
00:00:00.675838   pmapMediumAttachments <integer> = 0x00007f3fc8003b38 (139 911 915 125 560)
00:00:00.675839 
00:00:00.675839 [/Devices/serial/] (level 2)
00:00:00.675840 
00:00:00.675841 [/Devices/usb-ohci/] (level 2)
00:00:00.675842 
00:00:00.675842 [/Devices/usb-ohci/0/] (level 3)
00:00:00.675844   PCIBusNo      <integer> = 0x0000000000000000 (0)
00:00:00.675844   PCIDeviceNo   <integer> = 0x0000000000000006 (6)
00:00:00.675845   PCIFunctionNo <integer> = 0x0000000000000000 (0)
00:00:00.675846   Trusted       <integer> = 0x0000000000000001 (1)
00:00:00.675847 
00:00:00.675847 [/Devices/usb-ohci/0/Config/] (level 4)
00:00:00.675848 
00:00:00.675849 [/Devices/usb-ohci/0/LUN#0/] (level 4)
00:00:00.675850   Driver <string>  = "VUSBRootHub" (cb=12)
00:00:00.675851 
00:00:00.675851 [/Devices/usb-ohci/0/LUN#0/Config/] (level 5)
00:00:00.675852 
00:00:00.675853 [/Devices/usb-ohci/0/LUN#999/] (level 4)
00:00:00.675854   Driver <string>  = "MainStatus" (cb=11)
00:00:00.675855 
00:00:00.675855 [/Devices/usb-ohci/0/LUN#999/Config/] (level 5)
00:00:00.675857   First   <integer> = 0x0000000000000000 (0)
00:00:00.675857   Last    <integer> = 0x0000000000000000 (0)
00:00:00.675858   papLeds <integer> = 0x00007f3fc8003b20 (139 911 915 125 536)
00:00:00.675860 
00:00:00.675860 [/Devices/vga/] (level 2)
00:00:00.675861 
00:00:00.675861 [/Devices/vga/0/] (level 3)
00:00:00.675863   PCIBusNo      <integer> = 0x0000000000000000 (0)
00:00:00.675864   PCIDeviceNo   <integer> = 0x0000000000000002 (2)
00:00:00.675866   PCIFunctionNo <integer> = 0x0000000000000000 (0)
00:00:00.675867   Trusted       <integer> = 0x0000000000000001 (1)
00:00:00.675868 
00:00:00.675869 [/Devices/vga/0/Config/] (level 4)
00:00:00.675871   CustomVideoModes <integer> = 0x0000000000000000 (0)
00:00:00.675872   FadeIn           <integer> = 0x0000000000000001 (1)
00:00:00.675874   FadeOut          <integer> = 0x0000000000000001 (1)
00:00:00.675876   HeightReduction  <integer> = 0x0000000000000000 (0)
00:00:00.675877   LogoFile         <string>  = "" (cb=1)
00:00:00.675878   LogoTime         <integer> = 0x0000000000000000 (0)
00:00:00.675880   MonitorCount     <integer> = 0x0000000000000001 (1)
00:00:00.675881   ShowBootMenu     <integer> = 0x0000000000000002 (2)
00:00:00.675882   VRamSize         <integer> = 0x0000000001000000 (16 777 216, 16 MB)
00:00:00.675904 
00:00:00.675905 [/Devices/vga/0/LUN#0/] (level 4)
00:00:00.675914   Driver <string>  = "MainDisplay" (cb=12)
00:00:00.675915 
00:00:00.675915 [/Devices/vga/0/LUN#0/Config/] (level 5)
00:00:00.675917   Object <integer> = 0x00007f3fc8008780 (139 911 915 145 088)
00:00:00.675918 
00:00:00.675919 [/Devices/vga/0/LUN#999/] (level 4)
00:00:00.675920   Driver <string>  = "MainStatus" (cb=11)
00:00:00.675920 
00:00:00.675921 [/Devices/vga/0/LUN#999/Config/] (level 5)
00:00:00.675922   First   <integer> = 0x0000000000000000 (0)
00:00:00.675923   Last    <integer> = 0x0000000000000000 (0)
00:00:00.675924   papLeds <integer> = 0x00007f3fc8003b30 (139 911 915 125 552)
00:00:00.675925 
00:00:00.675926 [/Devices/virtio-net/] (level 2)
00:00:00.675927 
00:00:00.675927 [/EM/] (level 1)
00:00:00.675928   TripleFaultReset <integer> = 0x0000000000000000 (0)
00:00:00.675929 
00:00:00.675930 [/GIM/] (level 1)
00:00:00.675931   Provider <string>  = "KVM" (cb=4)
00:00:00.675931 
00:00:00.675932 [/HM/] (level 1)
00:00:00.675933   64bitEnabled       <integer> = 0x0000000000000001 (1)
00:00:00.675934   EnableLargePages   <integer> = 0x0000000000000000 (0)
00:00:00.675935   EnableNestedPaging <integer> = 0x0000000000000001 (1)
00:00:00.675935   EnableUX           <integer> = 0x0000000000000001 (1)
00:00:00.675936   EnableVPID         <integer> = 0x0000000000000001 (1)
00:00:00.675937   Exclusive          <integer> = 0x0000000000000001 (1)
00:00:00.675938   HMForced           <integer> = 0x0000000000000001 (1)
00:00:00.675939   IBPBOnVMEntry      <integer> = 0x0000000000000000 (0)
00:00:00.675940   IBPBOnVMExit       <integer> = 0x0000000000000000 (0)
00:00:00.675941   L1DFlushOnSched    <integer> = 0x0000000000000001 (1)
00:00:00.675942   L1DFlushOnVMEntry  <integer> = 0x0000000000000000 (0)
00:00:00.675942   SpecCtrlByHost     <integer> = 0x0000000000000000 (0)
00:00:00.675943 
00:00:00.675944 [/MM/] (level 1)
00:00:00.675945   CanUseLargerHeap <integer> = 0x0000000000000000 (0)
00:00:00.675945 
00:00:00.675946 [/PDM/] (level 1)
00:00:00.675947 
00:00:00.675947 [/PDM/AsyncCompletion/] (level 2)
00:00:00.675948 
00:00:00.675949 [/PDM/AsyncCompletion/File/] (level 3)
00:00:00.675950 
00:00:00.675950 [/PDM/AsyncCompletion/File/BwGroups/] (level 4)
00:00:00.675952 
00:00:00.675952 [/PDM/BlkCache/] (level 2)
00:00:00.675953   CacheSize <integer> = 0x0000000000500000 (5 242 880, 5 MB)
00:00:00.675954 
00:00:00.675955 [/PDM/Devices/] (level 2)
00:00:00.675956 
00:00:00.675956 [/PDM/Drivers/] (level 2)
00:00:00.675957 
00:00:00.675958 [/PDM/Drivers/VBoxC/] (level 3)
00:00:00.675959   Path <string>  = "/usr/lib/virtualbox/components/VBoxC" (cb=37)
00:00:00.675959 
00:00:00.675960 [/PDM/NetworkShaper/] (level 2)
00:00:00.675961 
00:00:00.675961 [/PDM/NetworkShaper/BwGroups/] (level 3)
00:00:00.675963 
00:00:00.675963 [/TM/] (level 1)
00:00:00.675964   UTCOffset <integer> = 0x0000000000000000 (0)
00:00:00.675965 
00:00:00.675965 [/USB/] (level 1)
00:00:00.675966 
00:00:00.675966 [/USB/HidMouse/] (level 2)
00:00:00.675967 
00:00:00.675968 [/USB/HidMouse/0/] (level 3)
00:00:00.675969 
00:00:00.675969 [/USB/HidMouse/0/Config/] (level 4)
00:00:00.675971   Mode <string>  = "absolute" (cb=9)
00:00:00.675971 
00:00:00.675972 [/USB/HidMouse/0/LUN#0/] (level 4)
00:00:00.675973   Driver <string>  = "MouseQueue" (cb=11)
00:00:00.675974 
00:00:00.675974 [/USB/HidMouse/0/LUN#0/AttachedDriver/] (level 5)
00:00:00.675975   Driver <string>  = "MainMouse" (cb=10)
00:00:00.675976 
00:00:00.675976 [/USB/HidMouse/0/LUN#0/AttachedDriver/Config/] (level 6)
00:00:00.675978   Object <integer> = 0x00007f3fc8007b90 (139 911 915 142 032)
00:00:00.675979 
00:00:00.675980 [/USB/HidMouse/0/LUN#0/Config/] (level 5)
00:00:00.675981   QueueSize <integer> = 0x0000000000000080 (128)
00:00:00.675982 
00:00:00.675982 [/USB/USBProxy/] (level 2)
00:00:00.675983 
00:00:00.675984 [/USB/USBProxy/GlobalConfig/] (level 3)
00:00:00.675985 
00:00:00.675985 ********************* End of CFGM dump **********************
00:00:00.675990 VM: fHMEnabled=true  (configured) fRecompileUser=false fRecompileSupervisor=false
00:00:00.675992 VM: fRawRing1Enabled=false CSAM=true  PATM=true 
00:00:00.676124 HM: HMR3Init: VT-x w/ nested paging and unrestricted guest execution hw support
00:00:00.676157 MM: cbHyperHeap=0x100000 (1048576)
00:00:00.676819 CPUM: fXStateHostMask=0x7; initial: 0x7; host XCR0=0x7
00:00:00.678155 CPUM: Matched host CPU INTEL 0x6/0x2a/0x7 Intel_Core7_SandyBridge with CPU DB entry 'Intel Core i7-2635QM' (INTEL 0x6/0x2a/0x7 Intel_Core7_SandyBridge)
00:00:00.678197 CPUM: MXCSR_MASK=0xffff (host: 0xffff)
00:00:00.678203 CPUM: Disabled PCID without FSGSBASE to workaround buggy guests
00:00:00.678211 CPUM: Microcode revision 0x00000025
00:00:00.678613 PGM: HCPhysInterPD=00000000d3f6f000 HCPhysInterPaePDPT=00000000d3e08000 HCPhysInterPaePML4=00000000d1726000
00:00:00.678646 PGM: apInterPTs={000000005e8f7000,0000000026803000} apInterPaePTs={00000000572f0000,00000000d3e98000} apInterPaePDs={00000000ba349000,0000000025e9d000,000000002cc6f000,00000000281a8000} pInterPaePDPT64=00000000cdec8000
00:00:00.678655 PGM: Host paging mode: AMD64+PGE+NX
00:00:00.678675 PGM: PGMPool: cMaxPages=560 (u64MaxPages=545)
00:00:00.678692 PGM: pgmR3PoolInit: cMaxPages=0x230 cMaxUsers=0x460 cMaxPhysExts=0x460 fCacheEnable=true 
00:00:00.688812 TM: GIP - u32Mode=3 (Invariant) u32UpdateHz=75 u32UpdateIntervalNS=13333332 enmUseTscDelta=2 (Pratically Zero) fGetGipCpu=0xb cCpus=8
00:00:00.688838 TM: GIP - u64CpuHz=2 491 904 681 (0x948772a9)  SUPGetCpuHzFromGip => 2 491 904 681
00:00:00.688846 TM: GIP - CPU: iCpuSet=0x0 idCpu=0x0 idApic=0x0 iGipCpu=0x3 i64TSCDelta=0 enmState=3 u64CpuHz=2491904588(*) cErrors=0
00:00:00.688852 TM: GIP - CPU: iCpuSet=0x1 idCpu=0x1 idApic=0x1 iGipCpu=0x0 i64TSCDelta=0 enmState=3 u64CpuHz=2491904681(*) cErrors=0
00:00:00.688858 TM: GIP - CPU: iCpuSet=0x2 idCpu=0x2 idApic=0x2 iGipCpu=0x2 i64TSCDelta=0 enmState=3 u64CpuHz=2491904681(*) cErrors=0
00:00:00.688864 TM: GIP - CPU: iCpuSet=0x3 idCpu=0x3 idApic=0x3 iGipCpu=0x1 i64TSCDelta=0 enmState=3 u64CpuHz=2491904681(*) cErrors=0
00:00:00.688922 TM: cTSCTicksPerSecond=2 491 904 681 (0x948772a9) enmTSCMode=3 (Dynamic)
00:00:00.688925 TM: TSCTiedToExecution=false TSCNotTiedToHalt=false
00:00:00.689280 VMM: CoreCode: R3=00007f3fe4259000 R0=XXXXXXXXXXXXXXXX RC=a055b000 Phys=00000000d3465000 cb=0x1000
00:00:00.689399 IEM: TargetCpu=CURRENT, Microarch=Intel_Core7_SandyBridge
00:00:00.689459 GIM: Using provider 'KVM' (Implementation version: 0)
00:00:00.689469 CPUM: SetGuestCpuIdFeature: Enabled Hypervisor Present bit
00:00:00.716976 AIOMgr: Default manager type is 'Async'
00:00:00.717013 AIOMgr: Default file backend is 'NonBuffered'
00:00:00.717390 BlkCache: Cache successfully initialized. Cache size is 5242880 bytes
00:00:00.717406 BlkCache: Cache commit interval is 10000 ms
00:00:00.717413 BlkCache: Cache commit threshold is 2621440 bytes
00:00:00.719774 PcBios: [SMP] BIOS with 1 CPUs
00:00:00.719836 PcBios: Using the 386+ BIOS image.
00:00:00.720058 PcBios: MPS table at 000e1300
00:00:00.720980 PcBios: fCheckShutdownStatusForSoftReset=true   fClearShutdownStatusOnHardReset=true 
00:00:00.731430 SUP: Loaded VBoxDDR0.r0 (/usr/lib/virtualbox/VBoxDDR0.r0) at 0xXXXXXXXXXXXXXXXX - ModuleInit at XXXXXXXXXXXXXXXX and ModuleTerm at XXXXXXXXXXXXXXXX
00:00:00.731712 CPUM: SetGuestCpuIdFeature: Enabled xAPIC
00:00:00.731725 CPUM: SetGuestCpuIdFeature: Enabled x2APIC
00:00:00.732041 IOAPIC: Using implementation 2.0!
00:00:00.732088 PIT: mode=3 count=0x10000 (65536) - 18.20 Hz (ch=0)
00:00:00.735659 Shared Folders service loaded
00:00:00.739567 VGA: Using the 386+ BIOS image.
00:00:00.739937 DrvVD: Flushes will be ignored
00:00:00.739944 DrvVD: Async flushes will be passed to the disk
00:00:00.742128 VD: VDInit finished with VINF_SUCCESS
00:00:00.742296 AIOMgr: Endpoint for file '/home/john/VirtualBox VMs/arch/arch.vhd' (flags 000c0723) created successfully
00:00:00.827507 VD: Opening the disk took 85467392 ns
00:00:00.827587 AHCI: LUN#0: disk, PCHS=16383/16/63, total number of sectors 67108864
00:00:00.827859 AHCI#0: Reset the HBA
00:00:00.827870 VD#0: Cancelling all active requests
00:00:00.828111 PIIX3 ATA: LUN#0: no unit
00:00:00.828125 PIIX3 ATA: LUN#1: no unit
00:00:00.828205 DrvVD: Flushes will be ignored
00:00:00.828219 DrvVD: Async flushes will be passed to the disk
00:00:00.828272 VD: Opening the disk took 43498 ns
00:00:00.828371 PIIX3 ATA: LUN#2: CD/DVD, total number of sectors 308224, passthrough disabled
00:00:00.828385 PIIX3 ATA: LUN#3: no unit
00:00:00.828413 PIIX3 ATA: Ctl#0: finished processing RESET
00:00:00.828451 PIIX3 ATA: Ctl#1: finished processing RESET
00:00:00.828619 E1000#0 Chip=82540EM LinkUpDelay=3000ms EthernetCRC=on GSO=enabled Itr=disabled ItrRx=enabled TID=disabled R0=enabled GC=enabled
00:00:00.845349 NAT: Guest address guess set to 10.0.2.15 by initialization
00:00:00.845462 NAT: resolv.conf: nameserver 192.168.1.1
00:00:00.845480 NAT: DNS#0: 192.168.1.1
00:00:00.845961 Audio: Initializing PulseAudio driver
00:00:00.850741 PulseAudio: Using v12.2.0
00:00:00.855158 AC97: Reset
00:00:00.855764 VUSB: Attached 'HidMouse' to port 1 on RootHub#0 (FullSpeed)
00:00:00.855833 PGM: The CPU physical address width is 36 bits
00:00:00.855841 PGM: PGMR3InitFinalize: 4 MB PSE mask 0000000fffffffff
00:00:00.855875 TM: TMR3InitFinalize: fTSCModeSwitchAllowed=true 
00:00:00.859628 VMM: Enabled thread-context hooks
00:00:00.859643 HM: fWorldSwitcher=0x0 (fIbpbOnVmExit=0 fIbpbOnVmEntry=0 fL1dFlushOnVmEntry=0); fL1dFlushOnSched=0
00:00:00.859647 HM: Using VT-x implementation 2.0
00:00:00.859648 HM: Host CR4                        = 0x606e0
00:00:00.859649 HM: Host EFER                       = 0xd01
00:00:00.859650 HM: MSR_IA32_SMM_MONITOR_CTL        = 0x0
00:00:00.859650 HM: MSR_IA32_FEATURE_CONTROL        = 0x5
00:00:00.859651 HM: MSR_IA32_VMX_BASIC_INFO         = 0xda040000000010
00:00:00.859652 HM:   VMCS id                         = 0x10
00:00:00.859653 HM:   VMCS size                       = 1024 bytes
00:00:00.859653 HM:   VMCS physical address limit     = None
00:00:00.859654 HM:   VMCS memory type                = 0x6
00:00:00.859655 HM:   Dual-monitor treatment support  = true 
00:00:00.859656 HM:   OUTS & INS instruction-info     = true 
00:00:00.859656 HM:   Supports true capability MSRs   = true 
00:00:00.859657 HM: Max resume loops                = 8192
00:00:00.859657 HM: MSR_IA32_VMX_PINBASED_CTLS      = 0x7f00000016
00:00:00.859658 HM:   EXT_INT_EXIT
00:00:00.859659 HM:   NMI_EXIT
00:00:00.859659 HM:   VIRTUAL_NMI
00:00:00.859660 HM:   PREEMPT_TIMER
00:00:00.859660 HM:   POSTED_INTR (must be cleared)
00:00:00.859661 HM: MSR_IA32_VMX_PROCBASED_CTLS     = 0xfff9fffe0401e172
00:00:00.859662 HM:   INT_WINDOW_EXIT
00:00:00.859663 HM:   USE_TSC_OFFSETTING
00:00:00.859663 HM:   HLT_EXIT
00:00:00.859663 HM:   INVLPG_EXIT
00:00:00.859664 HM:   MWAIT_EXIT
00:00:00.859664 HM:   RDPMC_EXIT
00:00:00.859665 HM:   RDTSC_EXIT
00:00:00.859665 HM:   CR3_LOAD_EXIT (must be set)
00:00:00.859666 HM:   CR3_STORE_EXIT (must be set)
00:00:00.859666 HM:   CR8_LOAD_EXIT
00:00:00.859667 HM:   CR8_STORE_EXIT
00:00:00.859667 HM:   USE_TPR_SHADOW
00:00:00.859667 HM:   NMI_WINDOW_EXIT
00:00:00.859668 HM:   MOV_DR_EXIT
00:00:00.859668 HM:   UNCOND_IO_EXIT
00:00:00.859669 HM:   USE_IO_BITMAPS
00:00:00.859669 HM:   MONITOR_TRAP_FLAG
00:00:00.859669 HM:   USE_MSR_BITMAPS
00:00:00.859670 HM:   MONITOR_EXIT
00:00:00.859670 HM:   PAUSE_EXIT
00:00:00.859671 HM:   USE_SECONDARY_EXEC_CTRL
00:00:00.859671 HM: MSR_IA32_VMX_PROCBASED_CTLS2    = 0xff00000000
00:00:00.859672 HM:   VIRT_APIC
00:00:00.859673 HM:   EPT
00:00:00.859673 HM:   DESCRIPTOR_TABLE_EXIT
00:00:00.859674 HM:   RDTSCP
00:00:00.859674 HM:   VIRT_X2APIC
00:00:00.859674 HM:   VPID
00:00:00.859675 HM:   WBINVD_EXIT
00:00:00.859675 HM:   UNRESTRICTED_GUEST
00:00:00.859676 HM:   APIC_REG_VIRT (must be cleared)
00:00:00.859676 HM:   VIRT_INTR_DELIVERY (must be cleared)
00:00:00.859677 HM:   PAUSE_LOOP_EXIT (must be cleared)
00:00:00.859677 HM:   RDRAND_EXIT (must be cleared)
00:00:00.859678 HM:   INVPCID (must be cleared)
00:00:00.859678 HM:   VMFUNC (must be cleared)
00:00:00.859678 HM:   VMCS_SHADOWING (must be cleared)
00:00:00.859679 HM:   ENCLS_EXIT (must be cleared)
00:00:00.859679 HM:   RDSEED_EXIT (must be cleared)
00:00:00.859680 HM:   PML (must be cleared)
00:00:00.859680 HM:   EPT_VE (must be cleared)
00:00:00.859681 HM:   CONCEAL_FROM_PT (must be cleared)
00:00:00.859681 HM:   XSAVES_XRSTORS (must be cleared)
00:00:00.859682 HM:   TSC_SCALING (must be cleared)
00:00:00.859682 HM: MSR_IA32_VMX_ENTRY_CTLS         = 0xffff000011ff
00:00:00.859683 HM:   LOAD_DEBUG (must be set)
00:00:00.859683 HM:   IA32E_MODE_GUEST
00:00:00.859684 HM:   ENTRY_SMM
00:00:00.859684 HM:   DEACTIVATE_DUALMON
00:00:00.859685 HM:   LOAD_GUEST_PERF_MSR
00:00:00.859685 HM:   LOAD_GUEST_PAT_MSR
00:00:00.859686 HM:   LOAD_GUEST_EFER_MSR
00:00:00.859686 HM: MSR_IA32_VMX_EXIT_CTLS          = 0x7fffff00036dff
00:00:00.859687 HM:   SAVE_DEBUG (must be set)
00:00:00.859687 HM:   HOST_ADDR_SPACE_SIZE
00:00:00.859688 HM:   LOAD_PERF_MSR
00:00:00.859688 HM:   ACK_EXT_INT
00:00:00.859689 HM:   SAVE_GUEST_PAT_MSR
00:00:00.859689 HM:   LOAD_HOST_PAT_MSR
00:00:00.859689 HM:   SAVE_GUEST_EFER_MSR
00:00:00.859690 HM:   LOAD_HOST_EFER_MSR
00:00:00.859690 HM:   SAVE_VMX_PREEMPT_TIMER
00:00:00.859691 HM: MSR_IA32_VMX_EPT_VPID_CAP       = 0xf0106114141
00:00:00.859691 HM:   RWX_X_ONLY
00:00:00.859692 HM:   PAGE_WALK_LENGTH_4
00:00:00.859692 HM:   EMT_UC
00:00:00.859693 HM:   EMT_WB
00:00:00.859693 HM:   PDE_2M
00:00:00.859694 HM:   INVEPT
00:00:00.859694 HM:   INVEPT_SINGLE_CONTEXT
00:00:00.859695 HM:   INVEPT_ALL_CONTEXTS
00:00:00.859695 HM:   INVVPID
00:00:00.859696 HM:   INVVPID_INDIV_ADDR
00:00:00.859696 HM:   INVVPID_SINGLE_CONTEXT
00:00:00.859696 HM:   INVVPID_ALL_CONTEXTS
00:00:00.859697 HM:   INVVPID_SINGLE_CONTEXT_RETAIN_GLOBALS
00:00:00.859697 HM: MSR_IA32_VMX_MISC               = 0x100401e5
00:00:00.859698 HM:   PREEMPT_TSC_BIT                 = 0x5
00:00:00.859699 HM:   STORE_EFERLMA_VMEXIT            = true 
00:00:00.859699 HM:   ACTIVITY_STATES                 = 0x7
00:00:00.859700 HM:   CR3_TARGET                      = 0x4
00:00:00.859700 HM:   MAX_MSR                         = 512
00:00:00.859701 HM:   RDMSR_SMBASE_MSR_SMM            = false
00:00:00.859701 HM:   SMM_MONITOR_CTL_B2              = true 
00:00:00.859702 HM:   VMWRITE_VMEXIT_INFO             = false
00:00:00.859702 HM:   MSEG_ID                         = 0x0
00:00:00.859703 HM: MSR_IA32_VMX_CR0_FIXED0         = 0x80000021
00:00:00.859704 HM: MSR_IA32_VMX_CR0_FIXED1         = 0xffffffff
00:00:00.859704 HM: MSR_IA32_VMX_CR4_FIXED0         = 0x2000
00:00:00.859705 HM: MSR_IA32_VMX_CR4_FIXED1         = 0x667ff
00:00:00.859706 HM: MSR_IA32_VMX_VMCS_ENUM          = 0x2a
00:00:00.859706 HM:   HIGHEST_INDEX                   = 0x15
00:00:00.859707 HM: APIC-access page physaddr       = 0x000000002caa7000
00:00:00.859708 HM: VCPU  0: MSR bitmap physaddr    = 0x000000001032d000
00:00:00.859709 HM: VCPU  0: VMCS physaddr          = 0x000000001032c000
00:00:00.859710 HM: Guest support: 32-bit and 64-bit
00:00:00.859713 HM: Supports VMCS EFER fields       = true 
00:00:00.859714 HM: Enabled VMX
00:00:00.859716 CPUM: SetGuestCpuIdFeature: Enabled SYSENTER/EXIT
00:00:00.859717 CPUM: SetGuestCpuIdFeature: Enabled PAE
00:00:00.859717 CPUM: SetGuestCpuIdFeature: Enabled LONG MODE
00:00:00.859718 CPUM: SetGuestCpuIdFeature: Enabled SYSCALL/RET
00:00:00.859718 CPUM: SetGuestCpuIdFeature: Enabled LAHF/SAHF
00:00:00.859719 CPUM: SetGuestCpuIdFeature: Enabled NX
00:00:00.859719 HM: Enabled nested paging
00:00:00.859720 HM:   EPT flush type                = VMXFLUSHEPT_SINGLE_CONTEXT
00:00:00.859720 HM: Enabled unrestricted guest execution
00:00:00.859721 HM: Enabled VPID
00:00:00.859721 HM:   VPID flush type               = VMXFLUSHVPID_SINGLE_CONTEXT
00:00:00.859722 HM: Enabled VMX-preemption timer (cPreemptTimerShift=5)
00:00:00.859723 HM: VT-x/AMD-V init method: GLOBAL
00:00:00.859724 VMM: fUsePeriodicPreemptionTimers=false
00:00:00.860395 CPUM: Logical host processors: 4 present, 4 max, 4 online, online mask: 000000000000000f
00:00:00.860462 CPUM: Physical host cores: 2
00:00:00.860463 ************************* CPUID dump ************************
00:00:00.860467          Raw Standard CPUID Leaves
00:00:00.860468      Leaf/sub-leaf  eax      ebx      ecx      edx
00:00:00.860469 Gst: 00000000/0000  0000000d 756e6547 6c65746e 49656e69
00:00:00.860471 Hst:                0000000d 756e6547 6c65746e 49656e69
00:00:00.860473 Gst: 00000001/0000  000206a7 00000800 96b8220b 078bfbff
00:00:00.860475 Hst:                000206a7 01100800 1fbae3ff bfebfbff
00:00:00.860476 Gst: 00000002/0000  76035a01 00f0b2ff 00000000 00ca0000
00:00:00.860478 Hst:                76035a01 00f0b2ff 00000000 00ca0000
00:00:00.860479 Gst: 00000003/0000  00000000 00000000 00000000 00000000
00:00:00.860481 Hst:                00000000 00000000 00000000 00000000
00:00:00.860482 Gst: 00000004/0000  00000121 01c0003f 0000003f 00000000
00:00:00.860483 Hst:                1c004121 01c0003f 0000003f 00000000
00:00:00.860485 Gst: 00000004/0001  00000122 01c0003f 0000003f 00000000
00:00:00.860486 Hst:                1c004122 01c0003f 0000003f 00000000
00:00:00.860488 Gst: 00000004/0002  00000143 01c0003f 000001ff 00000000
00:00:00.860489 Hst:                1c004143 01c0003f 000001ff 00000000
00:00:00.860491 Gst: 00000004/0003  00000163 02c0003f 00000fff 00000006
00:00:00.860492 Hst:                1c03c163 02c0003f 00000fff 00000006
00:00:00.860494 Gst: 00000004/0004  00000000 00000000 00000000 00000000
00:00:00.860495 Hst:                00000000 00000000 00000000 00000000
00:00:00.860496 Gst: 00000005/0000  00000040 00000040 00000000 00000000
00:00:00.860497 Hst:                00000040 00000040 00000003 00021120
00:00:00.860498 Gst: 00000006/0000  00000000 00000000 00000000 00000000
00:00:00.860499 Hst:                00000077 00000002 00000009 00000000
00:00:00.860499 Gst: 00000007/0000  00000000 00000000 00000000 00000000
00:00:00.860500 Hst:                00000000 00000000 00000000 00000000
00:00:00.860501 Gst: 00000008/0000  00000000 00000000 00000000 00000000
00:00:00.860502 Hst:                00000000 00000000 00000000 00000000
00:00:00.860503 Gst: 00000009/0000  00000000 00000000 00000000 00000000
00:00:00.860503 Hst:                00000000 00000000 00000000 00000000
00:00:00.860504 Gst: 0000000a/0000  00000000 00000000 00000000 00000000
00:00:00.860505 Hst:                07300403 00000000 00000000 00000603
00:00:00.860506 Gst: 0000000b/0000  00000000 00000001 00000100 00000000
00:00:00.860507 Hst:                00000001 00000002 00000100 00000001
00:00:00.860507 Gst: 0000000b/0001  00000001 00000001 00000201 00000000
00:00:00.860508 Hst:                00000004 00000004 00000201 00000001
00:00:00.860509 Gst: 0000000b/0002  00000000 00000000 00000002 00000000
00:00:00.860510 Hst:                00000000 00000000 00000002 00000001
00:00:00.860511 Gst: 0000000c/0000  00000000 00000000 00000000 00000000
00:00:00.860511 Hst:                00000000 00000000 00000000 00000000
00:00:00.860512 Gst: 0000000d/0000  00000007 00000340 00000340 00000000
00:00:00.860513 Hst:                00000007 00000340 00000340 00000000
00:00:00.860514 Gst: 0000000d/0001  00000000 00000000 00000000 00000000
00:00:00.860515 Hst:                00000001 00000000 00000000 00000000
00:00:00.860516 Gst: 0000000d/0002  00000100 00000240 00000000 00000000
00:00:00.860516 Hst:                00000100 00000240 00000000 00000000
00:00:00.860517 Gst: 0000000d/0003  00000000 00000000 00000000 00000000
00:00:00.860518 Hst:                00000000 00000000 00000000 00000000
00:00:00.860532                                Name: GenuineIntel
00:00:00.860533                            Supports: 0x00000000-0x0000000d
00:00:00.860535                              Family:  6 	Extended: 0 	Effective: 6
00:00:00.860536                               Model: 10 	Extended: 2 	Effective: 42
00:00:00.860537                            Stepping: 7
00:00:00.860538                                Type: 0 (primary)
00:00:00.860539                             APIC ID: 0x00
00:00:00.860540                        Logical CPUs: 0
00:00:00.860541                        CLFLUSH Size: 8
00:00:00.860541                            Brand ID: 0x00
00:00:00.860542 Features
00:00:00.860543   Mnemonic - Description                                  = guest (host)
00:00:00.860544   FPU - x87 FPU on Chip                                   = 1 (1)
00:00:00.860546   VME - Virtual 8086 Mode Enhancements                    = 1 (1)
00:00:00.860547   DE - Debugging extensions                               = 1 (1)
00:00:00.860548   PSE - Page Size Extension                               = 1 (1)
00:00:00.860549   TSC - Time Stamp Counter                                = 1 (1)
00:00:00.860550   MSR - Model Specific Registers                          = 1 (1)
00:00:00.860551   PAE - Physical Address Extension                        = 1 (1)
00:00:00.860552   MCE - Machine Check Exception                           = 1 (1)
00:00:00.860553   CX8 - CMPXCHG8B instruction                             = 1 (1)
00:00:00.860554   APIC - APIC On-Chip                                     = 1 (1)
00:00:00.860555   SEP - SYSENTER and SYSEXIT Present                      = 1 (1)
00:00:00.860557   MTRR - Memory Type Range Registers                      = 1 (1)
00:00:00.860557   PGE - PTE Global Bit                                    = 1 (1)
00:00:00.860559   MCA - Machine Check Architecture                        = 1 (1)
00:00:00.860560   CMOV - Conditional Move instructions                    = 1 (1)
00:00:00.860561   PAT - Page Attribute Table                              = 1 (1)
00:00:00.860562   PSE-36 - 36-bit Page Size Extension                     = 1 (1)
00:00:00.860563   PSN - Processor Serial Number                           = 0 (0)
00:00:00.860564   CLFSH - CLFLUSH instruction                             = 1 (1)
00:00:00.860565   DS - Debug Store                                        = 0 (1)
00:00:00.860566   ACPI - Thermal Mon. & Soft. Clock Ctrl.                 = 0 (1)
00:00:00.860567   MMX - Intel MMX Technology                              = 1 (1)
00:00:00.860568   FXSR - FXSAVE and FXRSTOR instructions                  = 1 (1)
00:00:00.860569   SSE - SSE support                                       = 1 (1)
00:00:00.860570   SSE2 - SSE2 support                                     = 1 (1)
00:00:00.860571   SS - Self Snoop                                         = 0 (1)
00:00:00.860572   HTT - Hyper-Threading Technology                        = 0 (1)
00:00:00.860573   TM - Therm. Monitor                                     = 0 (1)
00:00:00.860575   PBE - Pending Break Enabled                             = 0 (1)
00:00:00.860576   SSE3 - SSE3 support                                     = 1 (1)
00:00:00.860577   PCLMUL - PCLMULQDQ support (for AES-GCM)                = 1 (1)
00:00:00.860578   DTES64 - DS Area 64-bit Layout                          = 0 (1)
00:00:00.860579   MONITOR - MONITOR/MWAIT instructions                    = 1 (1)
00:00:00.860580   CPL-DS - CPL Qualified Debug Store                      = 0 (1)
00:00:00.860581   VMX - Virtual Machine Extensions                        = 0 (1)
00:00:00.860582   SMX - Safer Mode Extensions                             = 0 (1)
00:00:00.860583   EST - Enhanced SpeedStep Technology                     = 0 (1)
00:00:00.860584   TM2 - Terminal Monitor 2                                = 0 (1)
00:00:00.860585   SSSE3 - Supplemental Streaming SIMD Extensions 3        = 1 (1)
00:00:00.860586   CNTX-ID - L1 Context ID                                 = 0 (0)
00:00:00.860587   SDBG - Silicon Debug interface                          = 0 (0)
00:00:00.860588   FMA - Fused Multiply Add extensions                     = 0 (0)
00:00:00.860589   CX16 - CMPXCHG16B instruction                           = 1 (1)
00:00:00.860590   TPRUPDATE - xTPR Update Control                         = 0 (1)
00:00:00.860591   PDCM - Perf/Debug Capability MSR                        = 0 (1)
00:00:00.860592   PCID - Process Context Identifiers                      = 0 (1)
00:00:00.860593   DCA - Direct Cache Access                               = 0 (0)
00:00:00.860594   SSE4_1 - SSE4_1 support                                 = 1 (1)
00:00:00.860595   SSE4_2 - SSE4_2 support                                 = 1 (1)
00:00:00.860597   X2APIC - x2APIC support                                 = 1 (1)
00:00:00.860598   MOVBE - MOVBE instruction                               = 0 (0)
00:00:00.860599   POPCNT - POPCNT instruction                             = 1 (1)
00:00:00.860600   TSCDEADL - Time Stamp Counter Deadline                  = 0 (1)
00:00:00.860601   AES - AES instructions                                  = 1 (1)
00:00:00.860602   XSAVE - XSAVE instruction                               = 1 (1)
00:00:00.860603   OSXSAVE - OSXSAVE instruction                           = 0 (1)
00:00:00.860604   AVX - AVX support                                       = 1 (1)
00:00:00.860605   F16C - 16-bit floating point conversion instructions    = 0 (0)
00:00:00.860606   RDRAND - RDRAND instruction                             = 0 (0)
00:00:00.860607   HVP - Hypervisor Present (we're a guest)                = 1 (0)
00:00:00.860608 Structured Extended Feature Flags Enumeration (leaf 7):
00:00:00.860609   Mnemonic - Description                                  = guest (host)
00:00:00.860610   FSGSBASE - RDFSBASE/RDGSBASE/WRFSBASE/WRGSBASE instr.   = 0 (0)
00:00:00.860610   TSCADJUST - Supports MSR_IA32_TSC_ADJUST                = 0 (0)
00:00:00.860611   SGX - Supports Software Guard Extensions                = 0 (0)
00:00:00.860612   BMI1 - Advanced Bit Manipulation extension 1            = 0 (0)
00:00:00.860613   HLE - Hardware Lock Elision                             = 0 (0)
00:00:00.860614   AVX2 - Advanced Vector Extensions 2                     = 0 (0)
00:00:00.860615   FDP_EXCPTN_ONLY - FPU DP only updated on exceptions     = 0 (0)
00:00:00.860616   SMEP - Supervisor Mode Execution Prevention             = 0 (0)
00:00:00.860617   BMI2 - Advanced Bit Manipulation extension 2            = 0 (0)
00:00:00.860618   ERMS - Enhanced REP MOVSB/STOSB instructions            = 0 (0)
00:00:00.860618   INVPCID - INVPCID instruction                           = 0 (0)
00:00:00.860620   RTM - Restricted Transactional Memory                   = 0 (0)
00:00:00.860620   PQM - Platform Quality of Service Monitoring            = 0 (0)
00:00:00.860621   DEPFPU_CS_DS - Deprecates FPU CS, FPU DS values if set  = 0 (0)
00:00:00.860622   MPE - Intel Memory Protection Extensions                = 0 (0)
00:00:00.860623   PQE - Platform Quality of Service Enforcement           = 0 (0)
00:00:00.860624   AVX512F - AVX512 Foundation instructions                = 0 (0)
00:00:00.860625   RDSEED - RDSEED instruction                             = 0 (0)
00:00:00.860626   ADX - ADCX/ADOX instructions                            = 0 (0)
00:00:00.860627   SMAP - Supervisor Mode Access Prevention                = 0 (0)
00:00:00.860628   CLFLUSHOPT - CLFLUSHOPT (Cache Line Flush) instruction  = 0 (0)
00:00:00.860629   INTEL_PT - Intel Processor Trace                        = 0 (0)
00:00:00.860630   AVX512PF - AVX512 Prefetch instructions                 = 0 (0)
00:00:00.860631   AVX512ER - AVX512 Exponential & Reciprocal instructions = 0 (0)
00:00:00.860631   AVX512CD - AVX512 Conflict Detection instructions       = 0 (0)
00:00:00.860632   SHA - Secure Hash Algorithm extensions                  = 0 (0)
00:00:00.860633   PREFETCHWT1 - PREFETCHWT1 instruction                   = 0 (0)
00:00:00.860634   UMIP - User mode insturction prevention                 = 0 (0)
00:00:00.860635   PKU - Protection Key for Usermode pages                 = 0 (0)
00:00:00.860636   OSPKE - CR4.PKU mirror                                  = 0 (0)
00:00:00.860637   MAWAU - Value used by BNDLDX & BNDSTX                   = 0x0 (0x0)
00:00:00.860638   RDPID - Read processor ID support                       = 0 (0)
00:00:00.860639   SGX_LC - Supports SGX Launch Configuration              = 0 (0)
00:00:00.860641 Processor Extended State Enumeration (leaf 0xd):
00:00:00.860641    XSAVE area cur/max size by XCR0, guest: 0x340/0x340
00:00:00.860642     XSAVE area cur/max size by XCR0, host: 0x340/0x340
00:00:00.860643                    Valid XCR0 bits, guest: 0x00000000`00000007 ( x87 SSE YMM_Hi128 )
00:00:00.860645                     Valid XCR0 bits, host: 0x00000000`00000007 ( x87 SSE YMM_Hi128 )
00:00:00.860647                     XSAVE features, guest:
00:00:00.860648                      XSAVE features, host: XSAVEOPT
00:00:00.860649       XSAVE area cur size XCR0|XSS, guest: 0x0
00:00:00.860650        XSAVE area cur size XCR0|XSS, host: 0x0
00:00:00.860650                Valid IA32_XSS bits, guest: 0x00000000`00000000
00:00:00.860651                 Valid IA32_XSS bits, host: 0x00000000`00000000
00:00:00.860652   State #2, guest: off=0x0240, cb=0x0100 IA32_XSS-bit -- YMM_Hi128
00:00:00.860654   State #2, host:  off=0x0240, cb=0x0100 IA32_XSS-bit -- YMM_Hi128
00:00:00.860662          Raw Hypervisor CPUID Leaves
00:00:00.860662      Leaf/sub-leaf  eax      ebx      ecx      edx
00:00:00.860663 Gst: 40000000/0000  40000001 4b4d564b 564b4d56 0000004d
00:00:00.860664 Hst:                00000007 00000340 00000340 00000000
00:00:00.860665 Gst: 40000001/0000  01000089 00000000 00000000 00000000
00:00:00.860666 Hst:                00000007 00000340 00000340 00000000
00:00:00.860667          Raw Extended CPUID Leaves
00:00:00.860668      Leaf/sub-leaf  eax      ebx      ecx      edx
00:00:00.860668 Gst: 80000000/0000  80000008 00000000 00000000 00000000
00:00:00.860669 Hst:                80000008 00000000 00000000 00000000
00:00:00.860670 Gst: 80000001/0000  00000000 00000000 00000001 28100800
00:00:00.860671 Hst:                00000000 00000000 00000001 28100800
00:00:00.860673 Gst: 80000002/0000  20202020 49202020 6c65746e 20295228
00:00:00.860674 Hst:                20202020 49202020 6c65746e 20295228
00:00:00.860676 Gst: 80000003/0000  65726f43 294d5428 2d356920 30323532
00:00:00.860677 Hst:                65726f43 294d5428 2d356920 30323532
00:00:00.860679 Gst: 80000004/0000  5043204d 20402055 30352e32 007a4847
00:00:00.860680 Hst:                5043204d 20402055 30352e32 007a4847
00:00:00.860681 Gst: 80000005/0000  00000000 00000000 00000000 00000000
00:00:00.860682 Hst:                00000000 00000000 00000000 00000000
00:00:00.860683 Gst: 80000006/0000  00000000 00000000 01006040 00000000
00:00:00.860684 Hst:                00000000 00000000 01006040 00000000
00:00:00.860685 Gst: 80000007/0000  00000000 00000000 00000000 00000100
00:00:00.860686 Hst:                00000000 00000000 00000000 00000100
00:00:00.860687 Gst: 80000008/0000  00003024 00000000 00000000 00000000
00:00:00.860688 Hst:                00003024 00000000 00000000 00000000
00:00:00.860689 Ext Name:                        
00:00:00.860689 Ext Supports:                    0x80000000-0x80000008
00:00:00.860690 Family:                          0  	Extended: 0 	Effective: 0
00:00:00.860691 Model:                           0  	Extended: 0 	Effective: 0
00:00:00.860692 Stepping:                        0
00:00:00.860692 Brand ID:                        0x000
00:00:00.860693 Ext Features
00:00:00.860693   Mnemonic - Description                                  = guest (host)
00:00:00.860694   FPU - x87 FPU on Chip                                   = 0 (0)
00:00:00.860695   VME - Virtual 8086 Mode Enhancements                    = 0 (0)
00:00:00.860696   DE - Debugging extensions                               = 0 (0)
00:00:00.860697   PSE - Page Size Extension                               = 0 (0)
00:00:00.860698   TSC - Time Stamp Counter                                = 0 (0)
00:00:00.860699   MSR - K86 Model Specific Registers                      = 0 (0)
00:00:00.860700   PAE - Physical Address Extension                        = 0 (0)
00:00:00.860701   MCE - Machine Check Exception                           = 0 (0)
00:00:00.860702   CX8 - CMPXCHG8B instruction                             = 0 (0)
00:00:00.860703   APIC - APIC On-Chip                                     = 0 (0)
00:00:00.860705   SEP - SYSCALL/SYSRET                                    = 1 (1)
00:00:00.860706   MTRR - Memory Type Range Registers                      = 0 (0)
00:00:00.860707   PGE - PTE Global Bit                                    = 0 (0)
00:00:00.860708   MCA - Machine Check Architecture                        = 0 (0)
00:00:00.860709   CMOV - Conditional Move instructions                    = 0 (0)
00:00:00.860710   PAT - Page Attribute Table                              = 0 (0)
00:00:00.860711   PSE-36 - 36-bit Page Size Extension                     = 0 (0)
00:00:00.860712   NX - No-Execute/Execute-Disable                         = 1 (1)
00:00:00.860713   AXMMX - AMD Extensions to MMX instructions              = 0 (0)
00:00:00.860714   MMX - Intel MMX Technology                              = 0 (0)
00:00:00.860715   FXSR - FXSAVE and FXRSTOR Instructions                  = 0 (0)
00:00:00.860716   FFXSR - AMD fast FXSAVE and FXRSTOR instructions        = 0 (0)
00:00:00.860717   Page1GB - 1 GB large page                               = 0 (0)
00:00:00.860718   RDTSCP - RDTSCP instruction                             = 1 (1)
00:00:00.860719   LM - AMD64 Long Mode                                    = 1 (1)
00:00:00.860720   3DNOWEXT - AMD Extensions to 3DNow                      = 0 (0)
00:00:00.860721   3DNOW - AMD 3DNow                                       = 0 (0)
00:00:00.860722   LahfSahf - LAHF/SAHF support in 64-bit mode             = 1 (1)
00:00:00.860723   CmpLegacy - Core multi-processing legacy mode           = 0 (0)
00:00:00.860724   SVM - AMD Secure Virtual Machine extensions             = 0 (0)
00:00:00.860725   EXTAPIC - AMD Extended APIC registers                   = 0 (0)
00:00:00.860726   CR8L - AMD LOCK MOV CR0 means MOV CR8                   = 0 (0)
00:00:00.860727   ABM - AMD Advanced Bit Manipulation                     = 0 (0)
00:00:00.860728   SSE4A - SSE4A instructions                              = 0 (0)
00:00:00.860729   MISALIGNSSE - AMD Misaligned SSE mode                   = 0 (0)
00:00:00.860730   3DNOWPRF - AMD PREFETCH and PREFETCHW instructions      = 0 (0)
00:00:00.860731   OSVW - AMD OS Visible Workaround                        = 0 (0)
00:00:00.860732   IBS - Instruct Based Sampling                           = 0 (0)
00:00:00.860733   XOP - Extended Operation support                        = 0 (0)
00:00:00.860734   SKINIT - SKINIT, STGI, and DEV support                  = 0 (0)
00:00:00.860735   WDT - AMD Watchdog Timer support                        = 0 (0)
00:00:00.860736   LWP - Lightweight Profiling support                     = 0 (0)
00:00:00.860737   FMA4 - Four operand FMA instruction support             = 0 (0)
00:00:00.860737   NodeId - NodeId in MSR C001_100C                        = 0 (0)
00:00:00.860738   TBM - Trailing Bit Manipulation instructions            = 0 (0)
00:00:00.860739   TOPOEXT - Topology Extensions                           = 0 (0)
00:00:00.860741 Full Name:                       "       Intel(R) Core(TM) i5-2520M CPU @ 2.50GHz"
00:00:00.860741 TLB 2/4M Instr/Uni:              res0     0 entries
00:00:00.860742 TLB 2/4M Data:                   res0     0 entries
00:00:00.860742 TLB 4K Instr/Uni:                res0     0 entries
00:00:00.860743 TLB 4K Data:                     res0     0 entries
00:00:00.860744 L1 Instr Cache Line Size:        0 bytes
00:00:00.860744 L1 Instr Cache Lines Per Tag:    0
00:00:00.860744 L1 Instr Cache Associativity:    res0  
00:00:00.860745 L1 Instr Cache Size:             0 KB
00:00:00.860746 L1 Data Cache Line Size:         0 bytes
00:00:00.860746 L1 Data Cache Lines Per Tag:     0
00:00:00.860746 L1 Data Cache Associativity:     res0  
00:00:00.860747 L1 Data Cache Size:              0 KB
00:00:00.860747 L2 TLB 2/4M Instr/Uni:           off       0 entries
00:00:00.860748 L2 TLB 2/4M Data:                off       0 entries
00:00:00.860749 L2 TLB 4K Instr/Uni:             off       0 entries
00:00:00.860749 L2 TLB 4K Data:                  off       0 entries
00:00:00.860750 L2 Cache Line Size:              0 bytes
00:00:00.860750 L2 Cache Lines Per Tag:          0
00:00:00.860751 L2 Cache Associativity:          off   
00:00:00.860751 L2 Cache Size:                   0 KB
00:00:00.860752 APM Features:                    TscInvariant
00:00:00.860752 Host Invariant-TSC support:      true 
00:00:00.860754 Physical Address Width:          36 bits
00:00:00.860754 Virtual Address Width:           48 bits
00:00:00.860754 Guest Physical Address Width:    0 bits
00:00:00.860755 Physical Core Count:             1
00:00:00.860756 
00:00:00.860757 ******************** End of CPUID dump **********************
00:00:00.865048 PcBios: SATA LUN#0 LCHS=1024/255/63
00:00:00.865077 APIC: fPostedIntrsEnabled=false fVirtApicRegsEnabled=false fSupportsTscDeadline=false
00:00:00.865088 TMR3UtcNow: nsNow=1 546 707 914 273 383 000 nsPrev=0 -> cNsDelta=1 546 707 914 273 383 000 (offLag=0 offVirtualSync=0 offVirtualSyncGivenUp=0, NowAgain=1 546 707 914 273 383 000)
00:00:00.865103 VMEmt: Halt method global1 (5)
00:00:00.865114 VMEmt: HaltedGlobal1 config: cNsSpinBlockThresholdCfg=2000
00:00:00.865120 Changing the VM state from 'CREATING' to 'CREATED'
00:00:00.868580 Changing the VM state from 'CREATED' to 'POWERING_ON'
00:00:00.868605 AIOMgr: Endpoints without assigned bandwidth groups:
00:00:00.868611 AIOMgr:     /home/john/VirtualBox VMs/arch/arch.vhd
00:00:00.868731 Changing the VM state from 'POWERING_ON' to 'RUNNING'
00:00:00.868742 Console: Machine state changed to 'Running'
00:00:00.871967 VMMDev: Guest Log: BIOS: VirtualBox 5.2.22
00:00:00.872087 PCI: setting up resources and interrupts
00:00:00.872904 PIT: mode=2 count=0x10000 (65536) - 18.20 Hz (ch=0)
00:00:00.889185 Display::handleDisplayResize: uScreenId=0 pvVRAM=0000000000000000 w=720 h=400 bpp=0 cbLine=0x0 flags=0x0
00:00:00.889264 GUI: UIFrameBufferPrivate::NotifyChange: Screen=0, Origin=0x0, Size=720x400, Sending to async-handler
00:00:00.890526 VMMDev: Guest Log: CPUID EDX: 0x078bfbff
00:00:00.890601 PIIX3 ATA: Ctl#1: RESET, DevSel=0 AIOIf=0 CmdIf0=0x00 (-1 usec ago) CmdIf1=0x00 (-1 usec ago)
00:00:00.890637 PIIX3 ATA: Ctl#1: finished processing RESET
00:00:00.898624 AHCI#0: Reset the HBA
00:00:00.898645 VD#0: Cancelling all active requests
00:00:00.898706 AHCI#0: Port 0 reset
00:00:00.898733 VD#0: Cancelling all active requests
00:00:00.899182 VMMDev: Guest Log: BIOS: AHCI 0-P#0: PCHS=16383/16/63 LCHS=1024/255/63 0x0000000004000000 sectors
00:00:00.900103 PIT: mode=2 count=0x48d3 (18643) - 64.00 Hz (ch=0)
00:00:00.915835 Display::handleDisplayResize: uScreenId=0 pvVRAM=00007f3f8d1c2000 w=640 h=480 bpp=32 cbLine=0xA00 flags=0x0
00:00:00.916020 GUI: UIFrameBufferPrivate::NotifyChange: Screen=0, Origin=0x0, Size=640x480, Sending to async-handler
00:00:01.370178 GUI: UIMachineViewNormal::resendSizeHint: Restoring guest size-hint for screen 0 to 800x600
00:00:01.370249 VMMDev: SetVideoModeHint: Got a video mode hint (800x600x32)@(0x0),(1;0) at 0
00:00:01.370344 GUI: UIMachineView::sltHandleNotifyChange: Screen=0, Size=720x400
00:00:01.370360 GUI: UIFrameBufferPrivate::handleNotifyChange: Size=720x400
00:00:01.370370 GUI: UIFrameBufferPrivate::performResize: Size=720x400, Directly using source bitmap content
00:00:01.370663 GUI: UIMachineView::sltHandleNotifyChange: Screen=0, Size=640x480
00:00:01.370680 GUI: UIFrameBufferPrivate::handleNotifyChange: Size=640x480
00:00:01.374375 GUI: 2D video acceleration is disabled
00:00:01.374403 GUI: HID LEDs sync is not supported on this platform
00:00:01.395665 GUI: UIMachineLogicNormal::sltCheckForRequestedVisualStateType: Requested-state=0, Machine-state=5
00:00:03.379782 Display::handleDisplayResize: uScreenId=0 pvVRAM=0000000000000000 w=720 h=400 bpp=0 cbLine=0x0 flags=0x0
00:00:03.379851 GUI: UIFrameBufferPrivate::NotifyChange: Screen=0, Origin=0x0, Size=720x400, Sending to async-handler
00:00:03.379906 GUI: UIMachineView::sltHandleNotifyChange: Screen=0, Size=720x400
00:00:03.379922 GUI: UIFrameBufferPrivate::handleNotifyChange: Size=720x400
00:00:03.379938 GUI: UIFrameBufferPrivate::performResize: Size=720x400, Directly using source bitmap content
00:00:03.386400 PIT: mode=2 count=0x10000 (65536) - 18.20 Hz (ch=0)
00:00:03.386663 VMMDev: Guest Log: BIOS: Boot : bseqnr=1, bootseq=0231
00:00:03.386858 VMMDev: Guest Log: BIOS: Boot from Floppy 0 failed
00:00:03.387113 VMMDev: Guest Log: BIOS: Boot : bseqnr=2, bootseq=0023
00:00:03.387640 VMMDev: Guest Log: BIOS: Booting from CD-ROM...
00:00:03.449232 Display::handleDisplayResize: uScreenId=0 pvVRAM=00007f3f8d1c2000 w=640 h=480 bpp=24 cbLine=0x780 flags=0x0
00:00:03.449319 GUI: UIFrameBufferPrivate::NotifyChange: Screen=0, Origin=0x0, Size=640x480, Sending to async-handler
00:00:03.449394 GUI: UIMachineView::sltHandleNotifyChange: Screen=0, Size=640x480
00:00:03.449409 GUI: UIFrameBufferPrivate::handleNotifyChange: Size=640x480
00:00:03.449422 GUI: UIFrameBufferPrivate::performResize: Size=640x480, Directly using source bitmap content
00:00:14.363256 Console: Machine state changed to 'OnlineSnapshotting'
00:00:14.466419 Saving state of VM, reason 'snapshot'
00:00:14.466486 Changing the VM state from 'RUNNING' to 'SUSPENDING'
00:00:14.548388 AIOMgr: Endpoint for file '/home/john/VirtualBox VMs/arch/arch.vhd' (flags 000c0781) created successfully
00:00:14.563890 GUI: UIMediumEnumerator: Medium-enumeration finished!
00:00:14.582977 PDMR3Suspend: 116 478 197 ns run time
00:00:14.583005 Changing the VM state from 'SUSPENDING' to 'SUSPENDED'
00:00:14.583074 Changing the VM state from 'SUSPENDED' to 'SAVING'
00:00:14.583739 VUSB: Detached 'HidMouse' from port 1 on RootHub#0
00:00:14.643142 E1000#0 Interrupt attempts: 0
00:00:14.643160 E1000#0 Interrupts raised : 0
00:00:14.643165 E1000#0 Interrupts lowered: 0
00:00:14.643170 E1000#0 ICR outside ISR   : 0
00:00:14.643174 E1000#0 IMS raised ints   : 0
00:00:14.643178 E1000#0 Interrupts skipped: 0
00:00:14.643182 E1000#0 Masked interrupts : 0
00:00:14.643186 E1000#0 Early interrupts  : 0
00:00:14.643190 E1000#0 Late interrupts   : 0
00:00:14.643194 E1000#0 Lost interrupts   : 0
00:00:14.643198 E1000#0 Interrupts by RX  : 0
00:00:14.643202 E1000#0 Interrupts by TX  : 0
00:00:14.643206 E1000#0 Interrupts by ICS : 0
00:00:14.643210 E1000#0 Interrupts by RDTR: 0
00:00:14.643214 E1000#0 Interrupts by RDMT: 0
00:00:14.643228 E1000#0 Interrupts by TXQE: 0
00:00:14.643232 E1000#0 TX int delay asked: 0
00:00:14.643236 E1000#0 TX delayed:         0
00:00:14.643240 E1000#0 TX delay expired:   0
00:00:14.643245 E1000#0 TX no report asked: 0
00:00:14.643249 E1000#0 TX abs timer expd : 0
00:00:14.643253 E1000#0 TX int timer expd : 0
00:00:14.643257 E1000#0 RX abs timer expd : 0
00:00:14.643261 E1000#0 RX int timer expd : 0
00:00:14.643265 E1000#0 TX CTX descriptors: 0
00:00:14.643269 E1000#0 TX DAT descriptors: 0
00:00:14.643273 E1000#0 TX LEG descriptors: 0
00:00:14.643277 E1000#0 Received frames   : 0
00:00:14.643281 E1000#0 Transmitted frames: 0
00:00:14.643285 E1000#0 TX frames up to 1514: 0
00:00:14.643289 E1000#0 TX frames up to 2962: 0
00:00:14.643293 E1000#0 TX frames up to 4410: 0
00:00:14.643297 E1000#0 TX frames up to 5858: 0
00:00:14.643301 E1000#0 TX frames up to 7306: 0
00:00:14.643305 E1000#0 TX frames up to 8754: 0
00:00:14.643309 E1000#0 TX frames up to 16384: 0
00:00:14.643312 E1000#0 TX frames up to 32768: 0
00:00:14.643316 E1000#0 Larger TX frames    : 0
00:00:14.643320 E1000#0 Max TX Delay        : 0
00:00:14.709684 SSM: Footer at 0x162895 (1452181), 35 directory entries.
00:00:14.709709 VUSB: Attached 'HidMouse' to port 1 on RootHub#0 (FullSpeed)
00:00:14.709969 SSM: Successfully saved the VM state to '/home/john/VirtualBox VMs/arch/Snapshots/2019-01-05T17-05-27-872112000Z.sav'
00:00:14.709978 Changing the VM state from 'SAVING' to 'SUSPENDED'
00:00:14.725783 DrvVD: Flushes will be ignored
00:00:14.725807 DrvVD: Async flushes will be passed to the disk
00:00:14.728783 AIOMgr: Endpoint for file '/home/john/VirtualBox VMs/arch/arch.vhd' (flags 000c0781) created successfully
00:00:14.730278 AIOMgr: Endpoint for file '/home/john/VirtualBox VMs/arch/Snapshots/{a9627637-0f01-4920-b196-f5264976a444}.vhd' (flags 000c0723) created successfully
00:00:14.759735 VD: Opening the disk took 31040972 ns
00:00:14.759845 AHCI: LUN#0: disk, PCHS=16383/16/63, total number of sectors 67108864
00:00:14.760010 ************************* CFGM dump *************************
00:00:14.760012 [/Devices/ahci/0/LUN#0/] (level 0)
00:00:14.760017   Driver <string>  = "VD" (cb=3)
00:00:14.760018 
00:00:14.760019 [/Devices/ahci/0/LUN#0/Config/] (level 1) (restricted root)
00:00:14.760022   BlockCache <integer> = 0x0000000000000001 (1)
00:00:14.760026   Format     <string>  = "VHD" (cb=4)
00:00:14.760027   Mountable  <integer> = 0x0000000000000000 (0)
00:00:14.760029   Path       <string>  = "/home/john/VirtualBox VMs/arch/Snapshots/{a9627637-0f01-4920-b196-f5264976a444}.vhd" (cb=84)
00:00:14.760031   Type       <string>  = "HardDisk" (cb=9)
00:00:14.760032   UseNewIo   <integer> = 0x0000000000000001 (1)
00:00:14.760033 
00:00:14.760034 [/Devices/ahci/0/LUN#0/Config/Parent/] (level 2)
00:00:14.760037   Format <string>  = "VHD" (cb=4)
00:00:14.760038   Path   <string>  = "/home/john/VirtualBox VMs/arch/arch.vhd" (cb=40)
00:00:14.760039 
00:00:14.760040 ********************* End of CFGM dump **********************
00:00:14.881674 Resuming VM execution, reason 'snapshot'
00:00:14.881758 Changing the VM state from 'SUSPENDED' to 'RESUMING'
00:00:14.882372 Changing the VM state from 'RESUMING' to 'RUNNING'
00:00:14.883958 Console: Machine state changed to 'Running'
00:00:15.391953 GUI: UIMediumEnumerator: Medium-enumeration finished!
00:00:18.639619 Display::handleDisplayResize: uScreenId=0 pvVRAM=0000000000000000 w=720 h=400 bpp=0 cbLine=0x0 flags=0x0
00:00:18.639679 GUI: UIFrameBufferPrivate::NotifyChange: Screen=0, Origin=0x0, Size=720x400, Sending to async-handler
00:00:18.639748 GUI: UIMachineView::sltHandleNotifyChange: Screen=0, Size=720x400
00:00:18.639762 GUI: UIFrameBufferPrivate::handleNotifyChange: Size=720x400
00:00:18.639775 GUI: UIFrameBufferPrivate::performResize: Size=720x400, Directly using source bitmap content
00:00:18.673106 VMMDev: Guest Log: BIOS: KBD: unsupported int 16h function 03
00:00:18.673351 VMMDev: Guest Log: BIOS: AX=0305 BX=0000 CX=0000 DX=0000 
00:00:18.674165 VMMDev: Guest Log: int13_harddisk_ext: function 41, unmapped device for ELDL=81
00:00:18.674468 VMMDev: Guest Log: int13_harddisk: function 02, unmapped device for ELDL=81
00:00:18.674759 VMMDev: Guest Log: int13_harddisk_ext: function 41, unmapped device for ELDL=82
00:00:18.675086 VMMDev: Guest Log: int13_harddisk: function 02, unmapped device for ELDL=82
00:00:18.675379 VMMDev: Guest Log: int13_harddisk_ext: function 41, unmapped device for ELDL=83
00:00:18.675652 VMMDev: Guest Log: int13_harddisk: function 02, unmapped device for ELDL=83
00:00:18.675942 VMMDev: Guest Log: int13_harddisk_ext: function 41, unmapped device for ELDL=84
00:00:18.676212 VMMDev: Guest Log: int13_harddisk: function 02, unmapped device for ELDL=84
00:00:18.676502 VMMDev: Guest Log: int13_harddisk_ext: function 41, unmapped device for ELDL=85
00:00:18.676773 VMMDev: Guest Log: int13_harddisk: function 02, unmapped device for ELDL=85
00:00:18.677093 VMMDev: Guest Log: int13_harddisk_ext: function 41, unmapped device for ELDL=86
00:00:18.677497 VMMDev: Guest Log: int13_harddisk: function 02, unmapped device for ELDL=86
00:00:18.677793 VMMDev: Guest Log: int13_harddisk_ext: function 41, unmapped device for ELDL=87
00:00:18.678066 VMMDev: Guest Log: int13_harddisk: function 02, unmapped device for ELDL=87
00:00:18.678411 VMMDev: Guest Log: int13_harddisk_ext: function 41, unmapped device for ELDL=88
00:00:18.678728 VMMDev: Guest Log: int13_harddisk: function 02, unmapped device for ELDL=88
00:00:18.679021 VMMDev: Guest Log: int13_harddisk_ext: function 41, unmapped device for ELDL=89
00:00:18.679318 VMMDev: Guest Log: int13_harddisk: function 02, unmapped device for ELDL=89
00:00:18.679608 VMMDev: Guest Log: int13_harddisk_ext: function 41, unmapped device for ELDL=8a
00:00:18.679879 VMMDev: Guest Log: int13_harddisk: function 02, unmapped device for ELDL=8a
00:00:18.680169 VMMDev: Guest Log: int13_harddisk_ext: function 41, unmapped device for ELDL=8b
00:00:18.680647 VMMDev: Guest Log: int13_harddisk: function 02, unmapped device for ELDL=8b
00:00:18.680949 VMMDev: Guest Log: int13_harddisk_ext: function 41, unmapped device for ELDL=8c
00:00:18.681219 VMMDev: Guest Log: int13_harddisk: function 02, unmapped device for ELDL=8c
00:00:18.681509 VMMDev: Guest Log: int13_harddisk_ext: function 41, unmapped device for ELDL=8d
00:00:18.681778 VMMDev: Guest Log: int13_harddisk: function 02, unmapped device for ELDL=8d
00:00:18.682067 VMMDev: Guest Log: int13_harddisk_ext: function 41, unmapped device for ELDL=8e
00:00:18.682335 VMMDev: Guest Log: int13_harddisk: function 02, unmapped device for ELDL=8e
00:00:18.682627 VMMDev: Guest Log: int13_harddisk_ext: function 41, unmapped device for ELDL=8f
00:00:18.682895 VMMDev: Guest Log: int13_harddisk: function 02, unmapped device for ELDL=8f
00:00:19.346847 GIM: KVM: VCPU  0: Enabled system-time struct. at 0x0000000009a01000 - u32TscScale=0xcd771f68 i8TscShift=-1 uVersion=2 fFlags=0x1 uTsc=0xa8beba88d uVirtNanoTS=0x43b7ec4c1
00:00:19.346880 TM: Switching TSC mode from 'Dynamic' to 'RealTscOffset'
00:00:19.560900 GIM: KVM: Enabled wall-clock struct. at 0x0000000009a00000 - u32Sec=1546707932 u32Nano=968653296 uVersion=2
00:00:19.571377 PIT: mode=2 count=0xf89 (3977) - 300.02 Hz (ch=0)
00:00:19.571668 APIC0: Switched mode to x2APIC
00:00:19.575055 IEM: rdmsr(0x140) -> #GP(0)
00:00:19.698120 PIT: mode=0 count=0x10000 (65536) - 18.20 Hz (ch=0)
00:00:19.867647 OHCI: Software reset
00:00:24.022802 OHCI: USB Reset
00:00:24.023524 AHCI#0: Reset the HBA
00:00:24.023537 VD#2: Cancelling all active requests
00:00:24.033585 PIIX3 ATA: Ctl#0: RESET, DevSel=0 AIOIf=0 CmdIf0=0x00 (-1 usec ago) CmdIf1=0x00 (-1 usec ago)
00:00:24.033683 PIIX3 ATA: Ctl#0: finished processing RESET
00:00:24.039232 PIIX3 ATA: Ctl#1: RESET, DevSel=0 AIOIf=0 CmdIf0=0xa0 (-1 usec ago) CmdIf1=0x00 (-1 usec ago)
00:00:24.039298 PIIX3 ATA: Ctl#1: finished processing RESET
00:00:24.045717 AHCI#0: Port 0 reset
00:00:24.046868 VD#2: Cancelling all active requests
00:00:24.078985 OHCI: Software reset
00:00:24.079097 OHCI: USB Operational
00:00:26.221021 VMMDev: Guest Log: vboxguest: host-version: 5.2.22r126257 0x1
00:00:26.221085 VMMDev: Guest Additions information report: Version 5.2.0 r68940 '5.2.0'
00:00:26.221108 VMMDev: Guest Additions information report: Interface = 0x00010004 osType = 0x00053100 (Linux >= 2.6, 64-bit)
00:00:26.221177 VMMDev: Guest Additions capability report: (0x0 -> 0x0) seamless: no, hostWindowMapping: no, graphics: no
00:00:26.221241 GUI: UISession::sltAdditionsChange: GA state change event came, notifying listeners.
00:00:26.221260 VMMDev: Guest reported fixed hypervisor window at 00001400000 LB 0x800000 (rc=VINF_SUCCESS)
00:00:26.221277 GUI: UIMachineLogicNormal::sltCheckForRequestedVisualStateType: Requested-state=0, Machine-state=5
00:00:26.221287 VMMDev: vmmDevReqHandler_HeartbeatConfigure: No change (fHeartbeatActive=false).
00:00:26.221302 VMMDev: Heartbeat flatline timer set to trigger after 4 000 000 000 ns
00:00:26.221309 GUI: UISession::sltAdditionsChange: GA state change event came, notifying listeners.
00:00:26.221315 GUI: UIMachineLogicNormal::sltCheckForRequestedVisualStateType: Requested-state=0, Machine-state=5
00:00:26.221676 VMMDev: Guest Log: vbg_heartbeat_init: Setting up heartbeat to trigger every 2000 milliseconds
00:00:26.221763 GUI: UISession::sltAdditionsChange: GA state really changed, notifying listeners.
00:00:26.221779 GUI: UIMachineViewNormal::adjustGuestScreenSize: Adjust guest-screen size if necessary.
00:00:26.221786 GUI: UISession::sltAdditionsChange: GA state change event came, notifying listeners.
00:00:26.221790 GUI: UIMachineLogicNormal::sltCheckForRequestedVisualStateType: Requested-state=0, Machine-state=5
00:00:26.252155 VMMDev: Guest Log: vboxguest: misc device minor 56, IRQ 20, I/O port d020, MMIO at 0x00000000f0400000 (size 0x0000000000400000)
00:00:26.409261 NAT: Link up
00:00:27.252671 AC97: Reset
00:00:27.252820 AC97: Reset
00:00:27.272324 IEM: rdmsr(0x619) -> #GP(0)
00:00:27.285331 Audio: Enabling input for driver 'PulseAudio'
00:00:27.394426 Audio: Disabling input for driver 'PulseAudio'
00:00:27.405090 Audio: Enabling input for driver 'PulseAudio'
00:00:27.457644 Audio: Disabling input for driver 'PulseAudio'
00:00:27.468388 Audio: Enabling input for driver 'PulseAudio'
00:00:27.499496 Audio: Disabling input for driver 'PulseAudio'
00:00:27.512686 Audio: Enabling input for driver 'PulseAudio'
00:00:27.548328 VBVA: InfoScreen: [0] @0,0 800x600, line 0xc80, BPP 32, flags 0x1
00:00:27.548359 Display::handleDisplayResize: uScreenId=0 pvVRAM=00007f3f8d1c2000 w=800 h=600 bpp=32 cbLine=0xC80 flags=0x1
00:00:27.548396 GUI: UIFrameBufferPrivate::NotifyChange: Screen=0, Origin=0x0, Size=800x600, Sending to async-handler
00:00:27.548452 GUI: UIMachineView::sltHandleNotifyChange: Screen=0, Size=800x600
00:00:27.548462 GUI: UIFrameBufferPrivate::handleNotifyChange: Size=800x600
00:00:27.548727 GUI: UIFrameBufferPrivate::performResize: Size=800x600, Directly using source bitmap content
00:00:27.559445 VBVA: InfoScreen: [0] @0,0 800x600, line 0xc80, BPP 32, flags 0x1
00:00:27.559474 Display::handleDisplayResize: uScreenId=0 pvVRAM=00007f3f8d1c2000 w=800 h=600 bpp=32 cbLine=0xC80 flags=0x1
00:00:27.559522 GUI: UIFrameBufferPrivate::NotifyChange: Screen=0, Origin=0x0, Size=800x600, Sending to async-handler
00:00:27.559542 GUI: UIMachineView::sltHandleNotifyChange: Screen=0, Size=800x600
00:00:27.559559 GUI: UIFrameBufferPrivate::handleNotifyChange: Size=800x600
00:00:27.559577 GUI: UIFrameBufferPrivate::performResize: Size=800x600, Directly using source bitmap content
00:00:27.560881 VBVA: InfoScreen: [0] @0,0 800x600, line 0xc80, BPP 32, flags 0x1
00:00:27.560919 Display::handleDisplayResize: uScreenId=0 pvVRAM=00007f3f8d1c2000 w=800 h=600 bpp=32 cbLine=0xC80 flags=0x1
00:00:27.561273 GUI: UIFrameBufferPrivate::NotifyChange: Screen=0, Origin=0x0, Size=800x600, Sending to async-handler
00:00:27.561454 VBVA: InfoScreen: [0] @0,0 800x600, line 0xc80, BPP 32, flags 0x1
00:00:27.561464 Display::handleDisplayResize: uScreenId=0 pvVRAM=00007f3f8d1c2000 w=800 h=600 bpp=32 cbLine=0xC80 flags=0x1
00:00:27.561498 GUI: UIFrameBufferPrivate::NotifyChange: Screen=0, Origin=0x0, Size=800x600, Sending to async-handler
00:00:27.561635 Audio: Disabling input for driver 'PulseAudio'
00:00:27.563221 GUI: UIMachineView::sltHandleNotifyChange: Screen=0, Size=800x600
00:00:27.563258 GUI: UIFrameBufferPrivate::handleNotifyChange: Size=800x600
00:00:27.563280 GUI: UIFrameBufferPrivate::performResize: Size=800x600, Directly using source bitmap content
00:00:27.563407 GUI: UIMachineView::sltHandleNotifyChange: Screen=0, Size=800x600
00:00:27.563426 GUI: UIFrameBufferPrivate::handleNotifyChange: Size=800x600
00:00:27.571578 Audio: Enabling input for driver 'PulseAudio'
00:00:27.615913 Audio: Disabling input for driver 'PulseAudio'
00:00:27.628707 Audio: Enabling input for driver 'PulseAudio'
00:00:27.666214 Audio: Disabling input for driver 'PulseAudio'
00:00:27.678355 Audio: Enabling input for driver 'PulseAudio'
00:00:27.709271 Audio: Disabling input for driver 'PulseAudio'
00:00:27.722772 Audio: Enabling input for driver 'PulseAudio'
00:00:27.743115 Audio: Disabling input for driver 'PulseAudio'
00:00:27.746317 Audio: Enabling input for driver 'PulseAudio'
00:00:27.751623 Audio: Disabling input for driver 'PulseAudio'
00:00:27.753836 Audio: Enabling input for driver 'PulseAudio'
00:00:27.758815 Audio: Disabling input for driver 'PulseAudio'
00:00:27.773120 Audio: Enabling input for driver 'PulseAudio'
00:00:27.811823 Audio: Disabling input for driver 'PulseAudio'
00:00:27.814048 Audio: Enabling input for driver 'PulseAudio'
00:00:27.819324 Audio: Disabling input for driver 'PulseAudio'
00:00:27.832583 Audio: Enabling input for driver 'PulseAudio'
00:00:27.871015 Audio: Disabling input for driver 'PulseAudio'
00:00:27.873553 Audio: Enabling input for driver 'PulseAudio'
00:00:27.878610 Audio: Disabling input for driver 'PulseAudio'
00:00:27.892570 Audio: Enabling input for driver 'PulseAudio'
00:00:27.935048 Audio: Disabling input for driver 'PulseAudio'
00:00:27.936729 Audio: Enabling input for driver 'PulseAudio'
00:00:27.941471 Audio: Disabling input for driver 'PulseAudio'
00:00:27.942781 Audio: Enabling input for driver 'PulseAudio'
00:00:29.429308 NAT: IPv6 not supported
00:00:30.106930 NAT: resolv.conf: nameserver 192.168.1.1
00:00:30.106930 NAT: DNS#0: 192.168.1.1
00:00:30.106930 NAT: DHCP offered IP address 10.0.2.15
00:00:30.106930 NAT: DHCP offered IP address 10.0.2.15
00:00:32.218042 GUI: UIMediumEnumerator: Medium-enumeration started...
00:00:32.336968 GUI: UIMediumEnumerator: Medium-enumeration finished!
00:00:40.197538 VBVA: InfoScreen: [0] @0,0 800x600, line 0xc80, BPP 32, flags 0x1
00:00:40.197572 Display::handleDisplayResize: uScreenId=0 pvVRAM=00007f3f8d1c2000 w=800 h=600 bpp=32 cbLine=0xC80 flags=0x1
00:00:40.197608 GUI: UIFrameBufferPrivate::NotifyChange: Screen=0, Origin=0x0, Size=800x600, Sending to async-handler
00:00:40.197682 GUI: UIMachineView::sltHandleNotifyChange: Screen=0, Size=800x600
00:00:40.197697 GUI: UIFrameBufferPrivate::handleNotifyChange: Size=800x600
00:00:40.197706 VBVA: InfoScreen: [0] @0,0 800x600, line 0xc80, BPP 32, flags 0x1
00:00:40.197721 GUI: UIFrameBufferPrivate::performResize: Size=800x600, Directly using source bitmap content
00:00:40.197740 Display::handleDisplayResize: uScreenId=0 pvVRAM=00007f3f8d1c2000 w=800 h=600 bpp=32 cbLine=0xC80 flags=0x1
00:00:40.197760 GUI: UIFrameBufferPrivate::NotifyChange: Screen=0, Origin=0x0, Size=800x600, Sending to async-handler
00:00:40.200155 GUI: UIMachineView::sltHandleNotifyChange: Screen=0, Size=800x600
00:00:40.200201 GUI: UIFrameBufferPrivate::handleNotifyChange: Size=800x600
00:00:40.200223 GUI: UIFrameBufferPrivate::performResize: Size=800x600, Directly using source bitmap content
