Desktop is 1280 x 1024 @ 60 Hz
New context 0x329f370 created with attributes:
Initialize engine version: 2018.1.8f1 (26051d4de9e9)
GfxDevice: creating device client; threaded=1
Renderer: Mesa DRI Intel(R) Sandybridge Mobile 
Vendor:   Intel Open Source Technology Center
Version:  3.3 (Core Profile) Mesa 18.3.1
GLES:     0
 GL_3DFX_texture_compression_FXT1 GL_AMD_draw_buffers_blend GL_AMD_seamless_cubemap_per_texture GL_AMD_shader_trinary_minmax GL_AMD_vertex_shader_layer GL_AMD_vertex_shader_viewport_index GL_ANGLE_texture_compression_dxt3 GL_ANGLE_texture_compression_dxt5 GL_APPLE_object_purgeable GL_ARB_ES2_compatibility GL_ARB_ES3_compatibility GL_ARB_arrays_of_arrays GL_ARB_base_instance GL_ARB_blend_func_extended GL_ARB_buffer_storage GL_ARB_clear_buffer_object GL_ARB_clear_texture GL_ARB_clip_control GL_ARB_compressed_texture_pixel_storage GL_ARB_conditional_render_inverted GL_ARB_copy_buffer GL_ARB_copy_image GL_ARB_cull_distance GL_ARB_debug_output GL_ARB_depth_buffer_float GL_ARB_depth_clamp GL_ARB_direct_state_access GL_ARB_draw_buffers GL_ARB_draw_buffers_blend GL_ARB_draw_elements_base_vertex GL_ARB_draw_instanced GL_ARB_enhanced_layouts GL_ARB_explicit_attrib_location GL_ARB_explicit_uniform_location GL_ARB_fragment_coord_conventions GL_ARB_fragment_layer_viewport GL_ARB_fragment_shader GL_ARB_framebuffer_object 
GL_ARB_framebuffer_sRGB GL_ARB_get_program_binary GL_ARB_get_texture_sub_image GL_ARB_half_float_pixel GL_ARB_half_float_vertex GL_ARB_instanced_arrays GL_ARB_internalformat_query GL_ARB_internalformat_query2 GL_ARB_invalidate_subdata GL_ARB_map_buffer_alignment GL_ARB_map_buffer_range GL_ARB_multi_bind GL_ARB_occlusion_query2 GL_ARB_pipeline_statistics_query GL_ARB_pixel_buffer_object GL_ARB_point_sprite GL_ARB_polygon_offset_clamp GL_ARB_program_interface_query GL_ARB_provoking_vertex GL_ARB_robustness GL_ARB_sample_shading GL_ARB_sampler_objects GL_ARB_seamless_cube_map GL_ARB_seamless_cubemap_per_texture GL_ARB_separate_shader_objects GL_ARB_shader_bit_encoding GL_ARB_shader_draw_parameters GL_ARB_shader_group_vote GL_ARB_shader_objects GL_ARB_shader_subroutine GL_ARB_shader_texture_lod GL_ARB_shader_viewport_layer_array GL_ARB_shading_language_420pack GL_ARB_shading_language_packing GL_ARB_sync GL_ARB_texture_barrier GL_ARB_texture_buffer_object GL_ARB_texture_buffer_object_rgb32 GL_ARB_texture_buffer_r
ange GL_ARB_texture_compression_rgtc GL_ARB_texture_cube_map_array GL_ARB_texture_filter_anisotropic GL_ARB_texture_float GL_ARB_texture_gather GL_ARB_texture_mirror_clamp_to_edge GL_ARB_texture_multisample GL_ARB_texture_non_power_of_two GL_ARB_texture_query_levels GL_ARB_texture_query_lod GL_ARB_texture_rectangle GL_ARB_texture_rg GL_ARB_texture_rgb10_a2ui GL_ARB_texture_storage GL_ARB_texture_storage_multisample GL_ARB_texture_swizzle GL_ARB_timer_query GL_ARB_transform_feedback2 GL_ARB_transform_feedback_overflow_query GL_ARB_uniform_buffer_object GL_ARB_vertex_array_bgra GL_ARB_vertex_array_object GL_ARB_vertex_attrib_binding GL_ARB_vertex_buffer_object GL_ARB_vertex_shader GL_ARB_vertex_type_10f_11f_11f_rev GL_ARB_vertex_type_2_10_10_10_rev GL_ARB_viewport_array GL_ATI_blend_equation_separate GL_ATI_texture_float GL_EXT_abgr GL_EXT_blend_equation_separate GL_EXT_draw_buffers2 GL_EXT_draw_instanced GL_EXT_framebuffer_blit GL_EXT_framebuffer_multisample GL_EXT_framebuffer_multisample_blit_scaled GL_EXT_f
ramebuffer_object GL_EXT_framebuffer_sRGB GL_EXT_packed_depth_stencil GL_EXT_packed_float GL_EXT_pixel_buffer_object GL_EXT_polygon_offset_clamp GL_EXT_provoking_vertex GL_EXT_shader_framebuffer_fetch_non_coherent GL_EXT_shader_integer_mix GL_EXT_texture_array GL_EXT_texture_compression_dxt1 GL_EXT_texture_compression_rgtc GL_EXT_texture_compression_s3tc GL_EXT_texture_filter_anisotropic GL_EXT_texture_integer GL_EXT_texture_sRGB GL_EXT_texture_sRGB_decode GL_EXT_texture_shared_exponent GL_EXT_texture_snorm GL_EXT_texture_swizzle GL_EXT_timer_query GL_EXT_transform_feedback GL_EXT_vertex_array_bgra GL_IBM_multimode_draw_arrays GL_INTEL_performance_query GL_KHR_blend_equation_advanced GL_KHR_context_flush_control GL_KHR_debug GL_KHR_no_error GL_KHR_robustness GL_MESA_pack_invert GL_MESA_shader_integer_functions GL_MESA_texture_signed_rgba GL_NV_conditional_render GL_NV_depth_clamp GL_NV_packed_depth_stencil GL_NV_texture_barrier GL_OES_EGL_image GL_S3_s3tc
OPENGL LOG: Creating OpenGL 3.3 graphics device ; Context level  <OpenGL 3.3> ; Context handle 53080944
Begin MonoManager ReloadAssembly
- Completed reload, in  0.391 seconds
New context 0x449cf80 created with attributes:
Default vsync count 0
requesting resize 1280 x 1024
Using native desktop resolution 1280 x 1024
requesting fullscreen 1280 x 1024 at 0 Hz
Desktop is 1280 x 1024 @ 60 Hz
UnloadTime: 0.896000 ms
Fallback handler could not load library /home/john/doc/clonehero-linux/Clone Hero_Data/Mono/data-0x455fe40.so
Fallback handler could not load library /home/john/doc/clonehero-linux/Clone Hero_Data/Mono/data-0x45970b0.so
Fallback handler could not load library /home/john/doc/clonehero-linux/Clone Hero_Data/Mono/data-0x45e6fe0.so
Fallback handler could not load library /home/john/doc/clonehero-linux/Clone Hero_Data/Mono/./libudev.so
Fallback handler could not load library /home/john/doc/clonehero-linux/Clone Hero_Data/Mono/./libudev.so
Fallback handler could not load library /home/john/doc/clonehero-linux/Clone Hero_Data/Mono/./libudev.so.0
Fallback handler could not load library /home/john/doc/clonehero-linux/Clone Hero_Data/Mono/./libudev.so.0.so
Fallback handler could not load library /home/john/doc/clonehero-linux/Clone Hero_Data/Mono/libudev.so.0
Fallback handler could not load library /home/john/doc/clonehero-linux/Clone Hero_Data/Mono/libudev.so.0.so
Fallback handler could not load library /home/john/doc/clonehero-linux/Clone Hero_Data/Mono/libudev.so.0
Fallback handler could not load library /home/john/doc/clonehero-linux/Clone Hero_Data/Mono/./libudev.so.1
Fallback handler could not load library /home/john/doc/clonehero-linux/Clone Hero_Data/Mono/./libudev.so.1.so
Fallback handler could not load library /home/john/doc/clonehero-linux/Clone Hero_Data/Mono/./libudev.so.0
Fallback handler could not load library /home/john/doc/clonehero-linux/Clone Hero_Data/Mono/./libudev.so.0.so
Fallback handler could not load library /home/john/doc/clonehero-linux/Clone Hero_Data/Mono/libudev.so.0
Fallback handler could not load library /home/john/doc/clonehero-linux/Clone Hero_Data/Mono/libudev.so.0.so
Fallback handler could not load library /home/john/doc/clonehero-linux/Clone Hero_Data/Mono/libudev.so.0
Fallback handler could not load library /home/john/doc/clonehero-linux/Clone Hero_Data/Mono/./libudev.so.0
Fallback handler could not load library /home/john/doc/clonehero-linux/Clone Hero_Data/Mono/./libudev.so.0.so
Fallback handler could not load library /home/john/doc/clonehero-linux/Clone Hero_Data/Mono/libudev.so.0
Fallback handler could not load library /home/john/doc/clonehero-linux/Clone Hero_Data/Mono/libudev.so.0.so
Fallback handler could not load library /home/john/doc/clonehero-linux/Clone Hero_Data/Mono/libudev.so.0
Fallback handler could not load library /home/john/doc/clonehero-linux/Clone Hero_Data/Mono/./libudev.so.0
Fallback handler could not load library /home/john/doc/clonehero-linux/Clone Hero_Data/Mono/./libudev.so.0.so
Fallback handler could not load library /home/john/doc/clonehero-linux/Clone Hero_Data/Mono/libudev.so.0
Fallback handler could not load library /home/john/doc/clonehero-linux/Clone Hero_Data/Mono/libudev.so.0.so
Fallback handler could not load library /home/john/doc/clonehero-linux/Clone Hero_Data/Mono/libudev.so.0
Fallback handler could not load library /home/john/doc/clonehero-linux/Clone Hero_Data/Mono/./libudev.so.0
Fallback handler could not load library /home/john/doc/clonehero-linux/Clone Hero_Data/Mono/./libudev.so.0.so
Fallback handler could not load library /home/john/doc/clonehero-linux/Clone Hero_Data/Mono/libudev.so.0
Fallback handler could not load library /home/john/doc/clonehero-linux/Clone Hero_Data/Mono/libudev.so.0.so
Fallback handler could not load library /home/john/doc/clonehero-linux/Clone Hero_Data/Mono/libudev.so.0
Fallback handler could not load library /home/john/doc/clonehero-linux/Clone Hero_Data/Mono/./libudev.so.0
Fallback handler could not load library /home/john/doc/clonehero-linux/Clone Hero_Data/Mono/./libudev.so.0.so
Fallback handler could not load library /home/john/doc/clonehero-linux/Clone Hero_Data/Mono/libudev.so.0
Fallback handler could not load library /home/john/doc/clonehero-linux/Clone Hero_Data/Mono/libudev.so.0.so
Fallback handler could not load library /home/john/doc/clonehero-linux/Clone Hero_Data/Mono/libudev.so.0
Fallback handler could not load library /home/john/doc/clonehero-linux/Clone Hero_Data/Mono/./libudev.so.0
Fallback handler could not load library /home/john/doc/clonehero-linux/Clone Hero_Data/Mono/./libudev.so.0.so
Fallback handler could not load library /home/john/doc/clonehero-linux/Clone Hero_Data/Mono/libudev.so.0
Fallback handler could not load library /home/john/doc/clonehero-linux/Clone Hero_Data/Mono/libudev.so.0.so
Fallback handler could not load library /home/john/doc/clonehero-linux/Clone Hero_Data/Mono/libudev.so.0
Fallback handler could not load library /home/john/doc/clonehero-linux/Clone Hero_Data/Mono/./libudev.so.0
Fallback handler could not load library /home/john/doc/clonehero-linux/Clone Hero_Data/Mono/./libudev.so.0.so
Fallback handler could not load library /home/john/doc/clonehero-linux/Clone Hero_Data/Mono/libudev.so.0
Fallback handler could not load library /home/john/doc/clonehero-linux/Clone Hero_Data/Mono/libudev.so.0.so
Fallback handler could not load library /home/john/doc/clonehero-linux/Clone Hero_Data/Mono/libudev.so.0
Fallback handler could not load library /home/john/doc/clonehero-linux/Clone Hero_Data/Mono/./libudev.so.0
Fallback handler could not load library /home/john/doc/clonehero-linux/Clone Hero_Data/Mono/./libudev.so.0.so
Fallback handler could not load library /home/john/doc/clonehero-linux/Clone Hero_Data/Mono/libudev.so.0
Fallback handler could not load library /home/john/doc/clonehero-linux/Clone Hero_Data/Mono/libudev.so.0.so
Fallback handler could not load library /home/john/doc/clonehero-linux/Clone Hero_Data/Mono/libudev.so.0
Fallback handler could not load library /home/john/doc/clonehero-linux/Clone Hero_Data/Mono/./libudev.so.0
Fallback handler could not load library /home/john/doc/clonehero-linux/Clone Hero_Data/Mono/./libudev.so.0.so
Fallback handler could not load library /home/john/doc/clonehero-linux/Clone Hero_Data/Mono/libudev.so.0
Fallback handler could not load library /home/john/doc/clonehero-linux/Clone Hero_Data/Mono/libudev.so.0.so
Fallback handler could not load library /home/john/doc/clonehero-linux/Clone Hero_Data/Mono/libudev.so.0
Fallback handler could not load library /home/john/doc/clonehero-linux/Clone Hero_Data/Mono/./libudev.so.0
Fallback handler could not load library /home/john/doc/clonehero-linux/Clone Hero_Data/Mono/./libudev.so.0.so
Fallback handler could not load library /home/john/doc/clonehero-linux/Clone Hero_Data/Mono/libudev.so.0
Fallback handler could not load library /home/john/doc/clonehero-linux/Clone Hero_Data/Mono/libudev.so.0.so
Fallback handler could not load library /home/john/doc/clonehero-linux/Clone Hero_Data/Mono/libudev.so.0
Fallback handler could not load library /home/john/doc/clonehero-linux/Clone Hero_Data/Mono/./libudev.so.0
Fallback handler could not load library /home/john/doc/clonehero-linux/Clone Hero_Data/Mono/./libudev.so.0.so
Fallback handler could not load library /home/john/doc/clonehero-linux/Clone Hero_Data/Mono/libudev.so.0
Fallback handler could not load library /home/john/doc/clonehero-linux/Clone Hero_Data/Mono/libudev.so.0.so
Fallback handler could not load library /home/john/doc/clonehero-linux/Clone Hero_Data/Mono/libudev.so.0
Fallback handler could not load library /home/john/doc/clonehero-linux/Clone Hero_Data/Mono/./libudev.so.0
Fallback handler could not load library /home/john/doc/clonehero-linux/Clone Hero_Data/Mono/./libudev.so.0.so
Fallback handler could not load library /home/john/doc/clonehero-linux/Clone Hero_Data/Mono/libudev.so.0
Fallback handler could not load library /home/john/doc/clonehero-linux/Clone Hero_Data/Mono/libudev.so.0.so
Fallback handler could not load library /home/john/doc/clonehero-linux/Clone Hero_Data/Mono/libudev.so.0
Fallback handler could not load library /home/john/doc/clonehero-linux/Clone Hero_Data/Mono/./libudev.so.0
Fallback handler could not load library /home/john/doc/clonehero-linux/Clone Hero_Data/Mono/./libudev.so.0.so
Fallback handler could not load library /home/john/doc/clonehero-linux/Clone Hero_Data/Mono/libudev.so.0
Fallback handler could not load library /home/john/doc/clonehero-linux/Clone Hero_Data/Mono/libudev.so.0.so
Fallback handler could not load library /home/john/doc/clonehero-linux/Clone Hero_Data/Mono/libudev.so.0
Fallback handler could not load library /home/john/doc/clonehero-linux/Clone Hero_Data/Mono/./libudev.so.0
Fallback handler could not load library /home/john/doc/clonehero-linux/Clone Hero_Data/Mono/./libudev.so.0.so
Fallback handler could not load library /home/john/doc/clonehero-linux/Clone Hero_Data/Mono/libudev.so.0
Fallback handler could not load library /home/john/doc/clonehero-linux/Clone Hero_Data/Mono/libudev.so.0.so
Fallback handler could not load library /home/john/doc/clonehero-linux/Clone Hero_Data/Mono/libudev.so.0
Fallback handler could not load library /home/john/doc/clonehero-linux/Clone Hero_Data/Mono/./libudev.so.0
Fallback handler could not load library /home/john/doc/clonehero-linux/Clone Hero_Data/Mono/./libudev.so.0.so
Fallback handler could not load library /home/john/doc/clonehero-linux/Clone Hero_Data/Mono/libudev.so.0
Fallback handler could not load library /home/john/doc/clonehero-linux/Clone Hero_Data/Mono/libudev.so.0.so
Fallback handler could not load library /home/john/doc/clonehero-linux/Clone Hero_Data/Mono/libudev.so.0
Fallback handler could not load library /home/john/doc/clonehero-linux/Clone Hero_Data/Mono/./libudev.so.0
Fallback handler could not load library /home/john/doc/clonehero-linux/Clone Hero_Data/Mono/./libudev.so.0.so
Fallback handler could not load library /home/john/doc/clonehero-linux/Clone Hero_Data/Mono/libudev.so.0
Fallback handler could not load library /home/john/doc/clonehero-linux/Clone Hero_Data/Mono/libudev.so.0.so
Fallback handler could not load library /home/john/doc/clonehero-linux/Clone Hero_Data/Mono/libudev.so.0
Fallback handler could not load library /home/john/doc/clonehero-linux/Clone Hero_Data/Mono/./libudev.so.0
Fallback handler could not load library /home/john/doc/clonehero-linux/Clone Hero_Data/Mono/./libudev.so.0.so
Fallback handler could not load library /home/john/doc/clonehero-linux/Clone Hero_Data/Mono/libudev.so.0
Fallback handler could not load library /home/john/doc/clonehero-linux/Clone Hero_Data/Mono/libudev.so.0.so
Fallback handler could not load library /home/john/doc/clonehero-linux/Clone Hero_Data/Mono/libudev.so.0
Fallback handler could not load library /home/john/doc/clonehero-linux/Clone Hero_Data/Mono/./libudev.so.0
Fallback handler could not load library /home/john/doc/clonehero-linux/Clone Hero_Data/Mono/./libudev.so.0.so
Fallback handler could not load library /home/john/doc/clonehero-linux/Clone Hero_Data/Mono/libudev.so.0
Fallback handler could not load library /home/john/doc/clonehero-linux/Clone Hero_Data/Mono/libudev.so.0.so
Fallback handler could not load library /home/john/doc/clonehero-linux/Clone Hero_Data/Mono/libudev.so.0
Fallback handler could not load library /home/john/doc/clonehero-linux/Clone Hero_Data/Mono/./libudev.so.0
Fallback handler could not load library /home/john/doc/clonehero-linux/Clone Hero_Data/Mono/./libudev.so.0.so
Fallback handler could not load library /home/john/doc/clonehero-linux/Clone Hero_Data/Mono/libudev.so.0
Fallback handler could not load library /home/john/doc/clonehero-linux/Clone Hero_Data/Mono/libudev.so.0.so
Fallback handler could not load library /home/john/doc/clonehero-linux/Clone Hero_Data/Mono/libudev.so.0
Fallback handler could not load library /home/john/doc/clonehero-linux/Clone Hero_Data/Mono/./libc.so.6
Fallback handler could not load library /home/john/doc/clonehero-linux/Clone Hero_Data/Mono/./libc.so.6.so
Build: v.21
 
(Filename: /home/builduser/buildslave/unity/build/Runtime/Export/Debug.bindings.h Line: 43)

Changing real window size to 1366 x 768
Loading data opt-out preferences from PlayerPrefs
 
(Filename: /home/builduser/buildslave/unity/build/Runtime/Export/Debug.bindings.h Line: 43)

Requesting data opt-out preferences from https://data-optout-service.uca.cloud.unity3d.com/player/opt_out?appid=6a71b681-68d0-4258-8322-b29c0382e355&userid=3a409b0bf5ff74c8f9b407a1b1d349dd&deviceid=e46b544f7e3c476584216515e2e8accd
 
(Filename: /home/builduser/buildslave/unity/build/Runtime/Export/Debug.bindings.h Line: 43)

Setting up 2 worker threads for Enlighten.
  Thread -> id: 7f2d09378700 -> priority: 1 
  Thread -> id: 7f2d08b77700 -> priority: 1 
Opt-out preferences successfully retrieved, applied and saved:
{"optOut":false,"analyticsEnabled":true,"deviceStatsEnabled":true,"limitUserTracking":false,"performanceReportingEnabled":true}
 
(Filename: /home/builduser/buildslave/unity/build/Runtime/Export/Debug.bindings.h Line: 43)

WARNING: -1211165552 format is not supported, decompressing texture
Unloading 6 Unused Serialized files (Serialized files now loaded: 0)
UnloadTime: 13.158000 ms
145635
 
(Filename: /home/builduser/buildslave/unity/build/Runtime/Export/Debug.bindings.h Line: 43)

Starting Beat renderer
 
(Filename: /home/builduser/buildslave/unity/build/Runtime/Export/Debug.bindings.h Line: 43)


Unloading 694 unused Assets to reduce memory usage. Loaded Objects now: 11922.
Total: 31.950000 ms (FindLiveObjects: 1.321000 ms CreateObjectMapping: 0.217000 ms MarkObjects: 29.559000 ms  DeleteObjects: 0.853000 ms)

