Setting breakpad minidump AppID = 346010
Steam_SetMinidumpSteamID:  Caching Steam ID:  76561198109173830 [API loaded no]
ZE=8
GLX_ALPHA_SIZE=8
GLX_DEPTH_SIZE=24
GLX_STENCIL_SIZE=8
GLX_SAMPLES_ARB=0
GLX_SAMPLE_BUFFERS_ARB=0
GLX_STEREO=0
GLX_CONFIG_CAVEAT=NONE

Desktop is 2646 x 1024 @ 60 Hz
XError: GLXBadFBConfig (error 167, opcode 152/34, serial 59, XID 03200002, display 0x25bb2d0
XError: GLXBadFBConfig (error 167, opcode 152/34, serial 62, XID 03200002, display 0x25bb2d0
XError: GLXBadFBConfig (error 167, opcode 152/34, serial 65, XID 03200002, display 0x25bb2d0
XError: GLXBadFBConfig (error 167, opcode 152/34, serial 68, XID 03200002, display 0x25bb2d0
XError: GLXBadFBConfig (error 167, opcode 152/34, serial 71, XID 03200002, display 0x25bb2d0
XError: GLXBadFBConfig (error 167, opcode 152/34, serial 74, XID 03200002, display 0x25bb2d0
Initialize engine version: 5.4.0f3 (923eaec5d9ec)
GfxDevice: creating device client; threaded=1
GLX Extensions: GLX_ARB_create_context GLX_ARB_create_context_profile GLX_ARB_create_context_robustness GLX_ARB_fbconfig_float GLX_ARB_framebuffer_sRGB GLX_ARB_get_proc_address GLX_ARB_multisample GLX_EXT_buffer_age GLX_EXT_create_context_es2_profile GLX_EXT_create_context_es_profile GLX_EXT_fbconfig_packed_float GLX_EXT_framebuffer_sRGB GLX_EXT_import_context GLX_EXT_texture_from_pixmap GLX_EXT_visual_info GLX_EXT_visual_rating GLX_INTEL_swap_event GLX_MESA_copy_sub_buffer GLX_MESA_query_renderer GLX_MESA_swap_control GLX_OML_swap_method GLX_OML_sync_control GLX_SGIS_multisample GLX_SGIX_fbconfig GLX_SGIX_pbuffer GLX_SGIX_visual_select_group GLX_SGI_make_current_read GLX_SGI_swap_control GLX_SGI_video_sync 
Setting maxVSyncInterval to 4
Renderer: Mesa DRI Intel(R) Sandybridge Mobile 
Vendor:   Intel Open Source Technology Center
Version:  3.3 (Core Profile) Mesa 18.3.1
GLES:     0
 GL_3DFX_texture_compression_FXT1 GL_AMD_draw_buffers_blend GL_AMD_seamless_cubemap_per_texture GL_AMD_shader_trinary_minmax GL_AMD_vertex_shader_layer GL_AMD_vertex_shader_viewport_index GL_ANGLE_texture_compression_dxt3 GL_ANGLE_texture_compression_dxt5 GL_APPLE_object_purgeable GL_ARB_ES2_compatibility GL_ARB_ES3_compatibility GL_ARB_arrays_of_arrays GL_ARB_base_instance GL_ARB_blend_func_extended GL_ARB_buffer_storage GL_ARB_clear_buffer_object GL_ARB_clear_texture GL_ARB_clip_control GL_ARB_compressed_texture_pixel_storage GL_ARB_conditional_render_inverted GL_ARB_copy_buffer GL_ARB_copy_image GL_ARB_cull_distance GL_ARB_debug_output GL_ARB_depth_buffer_float GL_ARB_depth_clamp GL_ARB_direct_state_access GL_ARB_draw_buffers GL_ARB_draw_buffers_blend GL_ARB_draw_elements_base_vertex GL_ARB_draw_instanced GL_ARB_enhanced_layouts GL_ARB_explicit_attrib_location GL_ARB_explicit_uniform_location GL_ARB_fragment_coord_conventions GL_ARB_fragment_layer_viewport GL_ARB_fragment_shader GL_ARB_framebuffer_object 
GL_ARB_framebuffer_sRGB GL_ARB_get_program_binary GL_ARB_get_texture_sub_image GL_ARB_half_float_pixel GL_ARB_half_float_vertex GL_ARB_instanced_arrays GL_ARB_internalformat_query GL_ARB_internalformat_query2 GL_ARB_invalidate_subdata GL_ARB_map_buffer_alignment GL_ARB_map_buffer_range GL_ARB_multi_bind GL_ARB_occlusion_query2 GL_ARB_pipeline_statistics_query GL_ARB_pixel_buffer_object GL_ARB_point_sprite GL_ARB_polygon_offset_clamp GL_ARB_program_interface_query GL_ARB_provoking_vertex GL_ARB_robustness GL_ARB_sample_shading GL_ARB_sampler_objects GL_ARB_seamless_cube_map GL_ARB_seamless_cubemap_per_texture GL_ARB_separate_shader_objects GL_ARB_shader_bit_encoding GL_ARB_shader_draw_parameters GL_ARB_shader_group_vote GL_ARB_shader_objects GL_ARB_shader_subroutine GL_ARB_shader_texture_lod GL_ARB_shader_viewport_layer_array GL_ARB_shading_language_420pack GL_ARB_shading_language_packing GL_ARB_sync GL_ARB_texture_barrier GL_ARB_texture_buffer_object GL_ARB_texture_buffer_object_rgb32 GL_ARB_texture_buffer_r
ange GL_ARB_texture_compression_rgtc GL_ARB_texture_cube_map_array GL_ARB_texture_filter_anisotropic GL_ARB_texture_float GL_ARB_texture_gather GL_ARB_texture_mirror_clamp_to_edge GL_ARB_texture_multisample GL_ARB_texture_non_power_of_two GL_ARB_texture_query_levels GL_ARB_texture_query_lod GL_ARB_texture_rectangle GL_ARB_texture_rg GL_ARB_texture_rgb10_a2ui GL_ARB_texture_storage GL_ARB_texture_storage_multisample GL_ARB_texture_swizzle GL_ARB_timer_query GL_ARB_transform_feedback2 GL_ARB_transform_feedback_overflow_query GL_ARB_uniform_buffer_object GL_ARB_vertex_array_bgra GL_ARB_vertex_array_object GL_ARB_vertex_attrib_binding GL_ARB_vertex_buffer_object GL_ARB_vertex_shader GL_ARB_vertex_type_10f_11f_11f_rev GL_ARB_vertex_type_2_10_10_10_rev GL_ARB_viewport_array GL_ATI_blend_equation_separate GL_ATI_texture_float GL_EXT_abgr GL_EXT_blend_equation_separate GL_EXT_draw_buffers2 GL_EXT_draw_instanced GL_EXT_framebuffer_blit GL_EXT_framebuffer_multisample GL_EXT_framebuffer_multisample_blit_scaled GL_EXT_f
ramebuffer_object GL_EXT_framebuffer_sRGB GL_EXT_packed_depth_stencil GL_EXT_packed_float GL_EXT_pixel_buffer_object GL_EXT_polygon_offset_clamp GL_EXT_provoking_vertex GL_EXT_shader_framebuffer_fetch_non_coherent GL_EXT_shader_integer_mix GL_EXT_texture_array GL_EXT_texture_compression_dxt1 GL_EXT_texture_compression_rgtc GL_EXT_texture_compression_s3tc GL_EXT_texture_filter_anisotropic GL_EXT_texture_integer GL_EXT_texture_sRGB GL_EXT_texture_sRGB_decode GL_EXT_texture_shared_exponent GL_EXT_texture_snorm GL_EXT_texture_swizzle GL_EXT_timer_query GL_EXT_transform_feedback GL_EXT_vertex_array_bgra GL_IBM_multimode_draw_arrays GL_INTEL_performance_query GL_KHR_blend_equation_advanced GL_KHR_context_flush_control GL_KHR_debug GL_KHR_no_error GL_KHR_robustness GL_MESA_pack_invert GL_MESA_shader_integer_functions GL_MESA_texture_signed_rgba GL_NV_conditional_render GL_NV_depth_clamp GL_NV_packed_depth_stencil GL_NV_texture_barrier GL_OES_EGL_image GL_S3_s3tc
OPENGL LOG: Creating OpenGL 3.3 graphics device ; Context level  <OpenGL 3.3> ; Context handle 42343760
AudioManager: Using PulseAudio: Default Output Device
Begin MonoManager ReloadAssembly
Platform assembly: /home/john/.local/share/Steam/steamapps/common/Besiege/Besiege_Data/Managed/UnityEngine.dll (this message is harmless)
Loading /home/john/.local/share/Steam/steamapps/common/Besiege/Besiege_Data/Managed/UnityEngine.dll into Unity Child Domain
Platform assembly: /home/john/.local/share/Steam/steamapps/common/Besiege/Besiege_Data/Managed/Assembly-CSharp-firstpass.dll (this message is harmless)
Loading /home/john/.local/share/Steam/steamapps/common/Besiege/Besiege_Data/Managed/Assembly-CSharp-firstpass.dll into Unity Child Domain
Platform assembly: /home/john/.local/share/Steam/steamapps/common/Besiege/Besiege_Data/Managed/Assembly-CSharp.dll (this message is harmless)
Loading /home/john/.local/share/Steam/steamapps/common/Besiege/Besiege_Data/Managed/Assembly-CSharp.dll into Unity Child Domain
Platform assembly: /home/john/.local/share/Steam/steamapps/common/Besiege/Besiege_Data/Managed/Assembly-UnityScript.dll (this message is harmless)
Loading /home/john/.local/share/Steam/steamapps/common/Besiege/Besiege_Data/Managed/Assembly-UnityScript.dll into Unity Child Domain
Platform assembly: /home/john/.local/share/Steam/steamapps/common/Besiege/Besiege_Data/Managed/UnityEngine.UI.dll (this message is harmless)
Loading /home/john/.local/share/Steam/steamapps/common/Besiege/Besiege_Data/Managed/UnityEngine.UI.dll into Unity Child Domain
Platform assembly: /home/john/.local/share/Steam/steamapps/common/Besiege/Besiege_Data/Managed/UnityEngine.Networking.dll (this message is harmless)
Loading /home/john/.local/share/Steam/steamapps/common/Besiege/Besiege_Data/Managed/UnityEngine.Networking.dll into Unity Child Domain
Platform assembly: /home/john/.local/share/Steam/steamapps/common/Besiege/Besiege_Data/Managed/GameAnalytics.dll (this message is harmless)
Loading /home/john/.local/share/Steam/steamapps/common/Besiege/Besiege_Data/Managed/GameAnalytics.dll into Unity Child Domain
Platform assembly: /home/john/.local/share/Steam/steamapps/common/Besiege/Besiege_Data/Managed/DynamicText.dll (this message is harmless)
Loading /home/john/.local/share/Steam/steamapps/common/Besiege/Besiege_Data/Managed/DynamicText.dll into Unity Child Domain
Platform assembly: /home/john/.local/share/Steam/steamapps/common/Besiege/Besiege_Data/Managed/mcs.dll (this message is harmless)
Loading /home/john/.local/share/Steam/steamapps/common/Besiege/Besiege_Data/Managed/mcs.dll into Unity Child Domain
Platform assembly: /home/john/.local/share/Steam/steamapps/common/Besiege/Besiege_Data/Managed/System.Threading.dll (this message is harmless)
Loading /home/john/.local/share/Steam/steamapps/common/Besiege/Besiege_Data/Managed/System.Threading.dll into Unity Child Domain
Platform assembly: /home/john/.local/share/Steam/steamapps/common/Besiege/Besiege_Data/Managed/RakNetSwig.dll (this message is harmless)
Loading /home/john/.local/share/Steam/steamapps/common/Besiege/Besiege_Data/Managed/RakNetSwig.dll into Unity Child Domain
Platform assembly: /home/john/.local/share/Steam/steamapps/common/Besiege/Besiege_Data/Managed/Open.Nat.dll (this message is harmless)
Loading /home/john/.local/share/Steam/steamapps/common/Besiege/Besiege_Data/Managed/Open.Nat.dll into Unity Child Domain
Platform assembly: /home/john/.local/share/Steam/steamapps/common/Besiege/Besiege_Data/Managed/NATTraversalForUNET.dll (this message is harmless)
Loading /home/john/.local/share/Steam/steamapps/common/Besiege/Besiege_Data/Managed/NATTraversalForUNET.dll into Unity Child Domain
Platform assembly: /home/john/.local/share/Steam/steamapps/common/Besiege/Besiege_Data/Managed/Mono.Cecil.dll (this message is harmless)
Loading /home/john/.local/share/Steam/steamapps/common/Besiege/Besiege_Data/Managed/Mono.Cecil.dll into Unity Child Domain
- Completed reload, in  0.065 seconds
Platform assembly: /home/john/.local/share/Steam/steamapps/common/Besiege/Besiege_Data/Managed/System.Core.dll (this message is harmless)
Platform assembly: /home/john/.local/share/Steam/steamapps/common/Besiege/Besiege_Data/Managed/System.dll (this message is harmless)
Platform assembly: /home/john/.local/share/Steam/steamapps/common/Besiege/Besiege_Data/Managed/System.Xml.dll (this message is harmless)
Default vsync count 0
requesting resize 1366 x 768
requesting fullscreen 1366 x 768 at 0 Hz
Desktop is 2646 x 1024 @ 60 Hz
Using libudev for joystick management


Importing game controller configs
Platform assembly: /home/john/.local/share/Steam/steamapps/common/Besiege/Besiege_Data/Managed/System.Configuration.dll (this message is harmless)
UnloadTime: 3.786000 ms
[Besiege] version: 0.75-9199
, using startup arguments: 
 
(Filename: /home/builduser/buildslave/unity/build/artifacts/generated/common/runtime/UnityEngineDebugBindings.gen.cpp Line: 42)

[LocalisationManager] Loading language file: EnglishSpiderling.txt
 
(Filename: /home/builduser/buildslave/unity/build/artifacts/generated/common/runtime/UnityEngineDebugBindings.gen.cpp Line: 42)

[LocalisationManager] initialised successfully, current language: English
 
(Filename: /home/builduser/buildslave/unity/build/artifacts/generated/common/runtime/UnityEngineDebugBindings.gen.cpp Line: 42)

Changing real window size to 1366 x 768
Ignoring window size change to 1366x768 : waiting for fullscreen at 1366x768
Changing real window size to 1366 x 768
Changing real window size to 1366 x 768
Changing real window size to 1366 x 768
Changing real window size to 1366 x 755
Ignoring window size change to 1366x755 : waiting for fullscreen at 1366x768
Changing real window size to 1366 x 755
Changing real window size to 1366 x 755
Changing real window size to 1366 x 768
Ignoring window size change to 1366x768 : waiting for fullscreen at 1366x768
Changing real window size to 1366 x 768
Changing real window size to 1366 x 768
Platform assembly: /home/john/.local/share/Steam/steamapps/common/Besiege/Besiege_Data/Managed/System.Xml.Linq.dll (this message is harmless)
Unloading 6 Unused Serialized files (Serialized files now loaded: 0)
UnloadTime: 2.491000 ms

Unloading 3575 unused Assets to reduce memory usage. Loaded Objects now: 30256.
Total: 34.104000 ms (FindLiveObjects: 2.851000 ms CreateObjectMapping: 2.195000 ms MarkObjects: 24.589001 ms  DeleteObjects: 4.467000 ms)

requesting resize 1366 x 768
requesting fullscreen 1366 x 768 at 0 Hz
Desktop is 2646 x 1024 @ 60 Hz
Unloading 6 Unused Serialized files (Serialized files now loaded: 0)
WARNING: Shader Unsupported: 'Hidden/Dof/DX11Dof' - Pass '' has no vertex shader
WARNING: Shader Unsupported: 'Hidden/Dof/DX11Dof' - Setting to default shader.
UnloadTime: 4.951000 ms

Unloading 721 unused Assets to reduce memory usage. Loaded Objects now: 29054.
Total: 36.669003 ms (FindLiveObjects: 2.136000 ms CreateObjectMapping: 0.969000 ms MarkObjects: 20.183001 ms  DeleteObjects: 13.381000 ms)

Unloading 16 Unused Serialized files (Serialized files now loaded: 0)
UnloadTime: 4.178000 ms

Unloading 206 unused Assets to reduce memory usage. Loaded Objects now: 49323.
Total: 38.070999 ms (FindLiveObjects: 4.657000 ms CreateObjectMapping: 1.777000 ms MarkObjects: 28.878000 ms  DeleteObjects: 2.758000 ms)

Loading machine in XML format: Bomb
 
(Filename: /home/builduser/buildslave/unity/build/artifacts/generated/common/runtime/UnityEngineDebugBindings.gen.cpp Line: 42)

Unloading 2 Unused Serialized files (Serialized files now loaded: 0)

Unloading 2465 unused Assets to reduce memory usage. Loaded Objects now: 64568.
Total: 63.230999 ms (FindLiveObjects: 6.447000 ms CreateObjectMapping: 2.518000 ms MarkObjects: 46.980999 ms  DeleteObjects: 7.284000 ms)

Unloading 0 Unused Serialized files (Serialized files now loaded: 0)

Unloading 1570 unused Assets to reduce memory usage. Loaded Objects now: 64568.
Total: 61.990002 ms (FindLiveObjects: 7.121000 ms CreateObjectMapping: 2.019000 ms MarkObjects: 47.984001 ms  DeleteObjects: 4.865000 ms)

Unloading 16 Unused Serialized files (Serialized files now loaded: 0)
UnloadTime: 59.764000 ms

Unloading 707 unused Assets to reduce memory usage. Loaded Objects now: 51062.
Total: 58.799000 ms (FindLiveObjects: 4.476000 ms CreateObjectMapping: 1.501000 ms MarkObjects: 43.515999 ms  DeleteObjects: 9.305000 ms)

Unloading 1 Unused Serialized files (Serialized files now loaded: 0)

Unloading 3154 unused Assets to reduce memory usage. Loaded Objects now: 66267.
Total: 82.514000 ms (FindLiveObjects: 6.526000 ms CreateObjectMapping: 2.321000 ms MarkObjects: 63.559002 ms  DeleteObjects: 10.106000 ms)

Unloading 6 Unused Serialized files (Serialized files now loaded: 0)
UnloadTime: 112.232002 ms

Unloading 1742 unused Assets to reduce memory usage. Loaded Objects now: 29838.
Total: 80.953003 ms (FindLiveObjects: 2.109000 ms CreateObjectMapping: 1.085000 ms MarkObjects: 35.831001 ms  DeleteObjects: 41.926998 ms)

Unloading 16 Unused Serialized files (Serialized files now loaded: 0)
UnloadTime: 3.848000 ms

Unloading 277 unused Assets to reduce memory usage. Loaded Objects now: 48979.
Total: 51.176998 ms (FindLiveObjects: 4.261000 ms CreateObjectMapping: 1.514000 ms MarkObjects: 42.596001 ms  DeleteObjects: 2.805000 ms)

Unloading 1 Unused Serialized files (Serialized files now loaded: 0)

Unloading 3163 unused Assets to reduce memory usage. Loaded Objects now: 64178.
Total: 71.618996 ms (FindLiveObjects: 6.021000 ms CreateObjectMapping: 2.067000 ms MarkObjects: 52.815002 ms  DeleteObjects: 10.714000 ms)

Unloading 0 Unused Serialized files (Serialized files now loaded: 0)

Unloading 1566 unused Assets to reduce memory usage. Loaded Objects now: 64182.
Total: 73.473999 ms (FindLiveObjects: 9.199000 ms CreateObjectMapping: 2.258000 ms MarkObjects: 54.736000 ms  DeleteObjects: 7.280000 ms)

Unloading 0 Unused Serialized files (Serialized files now loaded: 0)

Unloading 1563 unused Assets to reduce memory usage. Loaded Objects now: 64179.
Total: 66.472000 ms (FindLiveObjects: 5.773000 ms CreateObjectMapping: 2.381000 ms MarkObjects: 53.563999 ms  DeleteObjects: 4.753000 ms)

Unloading 0 Unused Serialized files (Serialized files now loaded: 0)

Unloading 1568 unused Assets to reduce memory usage. Loaded Objects now: 64226.
Total: 67.230003 ms (FindLiveObjects: 5.453000 ms CreateObjectMapping: 2.418000 ms MarkObjects: 54.152000 ms  DeleteObjects: 5.207000 ms)

Unloading 16 Unused Serialized files (Serialized files now loaded: 0)
UnloadTime: 59.608002 ms

Unloading 705 unused Assets to reduce memory usage. Loaded Objects now: 51118.
Total: 70.687004 ms (FindLiveObjects: 7.550000 ms CreateObjectMapping: 1.979000 ms MarkObjects: 48.146999 ms  DeleteObjects: 13.010000 ms)

Unloading 1 Unused Serialized files (Serialized files now loaded: 0)

Unloading 3168 unused Assets to reduce memory usage. Loaded Objects now: 66311.
Total: 92.210999 ms (FindLiveObjects: 8.422000 ms CreateObjectMapping: 2.365000 ms MarkObjects: 69.723999 ms  DeleteObjects: 11.698000 ms)

Unloading 0 Unused Serialized files (Serialized files now loaded: 0)

Unloading 1551 unused Assets to reduce memory usage. Loaded Objects now: 66366.
Total: 82.135002 ms (FindLiveObjects: 5.586000 ms CreateObjectMapping: 2.469000 ms MarkObjects: 69.035004 ms  DeleteObjects: 5.045000 ms)

Unloading 0 Unused Serialized files (Serialized files now loaded: 0)

Unloading 1550 unused Assets to reduce memory usage. Loaded Objects now: 66373.
Total: 82.033997 ms (FindLiveObjects: 8.751000 ms CreateObjectMapping: 2.215000 ms MarkObjects: 65.869003 ms  DeleteObjects: 5.198000 ms)

Loading machine in old format: bladebomb
 
(Filename: /home/builduser/buildslave/unity/build/artifacts/generated/common/runtime/UnityEngineDebugBindings.gen.cpp Line: 42)

Unloading 0 Unused Serialized files (Serialized files now loaded: 0)

Unloading 1240 unused Assets to reduce memory usage. Loaded Objects now: 60960.
Total: 75.278999 ms (FindLiveObjects: 5.130000 ms CreateObjectMapping: 1.928000 ms MarkObjects: 64.415001 ms  DeleteObjects: 3.806000 ms)

Unloading 0 Unused Serialized files (Serialized files now loaded: 0)

Unloading 808 unused Assets to reduce memory usage. Loaded Objects now: 60960.
Total: 72.439003 ms (FindLiveObjects: 6.055000 ms CreateObjectMapping: 1.818000 ms MarkObjects: 62.186001 ms  DeleteObjects: 2.380000 ms)

Loading machine in XML format: bomb
 
(Filename: /home/builduser/buildslave/unity/build/artifacts/generated/common/runtime/UnityEngineDebugBindings.gen.cpp Line: 42)

Changing real window size to 1366 x 768
Changing real window size to 1366 x 768
Changing real window size to 1366 x 768
Unloading 6 Unused Serialized files (Serialized files now loaded: 0)
UnloadTime: 79.612999 ms

Unloading 3052 unused Assets to reduce memory usage. Loaded Objects now: 29908.
Total: 98.144005 ms (FindLiveObjects: 5.007000 ms CreateObjectMapping: 1.636000 ms MarkObjects: 34.621998 ms  DeleteObjects: 56.876999 ms)

Couldn't enter sim: No active machine!
 
(Filename: /home/builduser/buildslave/unity/build/artifacts/generated/common/runtime/UnityEngineDebugBindings.gen.cpp Line: 42)

Unloading 5 Unused Serialized files (Serialized files now loaded: 0)
UnloadTime: 3.823000 ms

Unloading 162 unused Assets to reduce memory usage. Loaded Objects now: 30589.
Total: 47.378998 ms (FindLiveObjects: 2.904000 ms CreateObjectMapping: 1.415000 ms MarkObjects: 36.035000 ms  DeleteObjects: 7.024000 ms)

requesting resize 1366 x 768
requesting fullscreen 1366 x 768 at 0 Hz
Desktop is 2646 x 1024 @ 60 Hz
WARNING: Shader Unsupported: 'Hidden/Dof/DX11Dof' - Pass '' has no vertex shader
WARNING: Shader Unsupported: 'Hidden/Dof/DX11Dof' - Setting to default shader.
Unloading 7 Unused Serialized files (Serialized files now loaded: 0)
UnloadTime: 4.596000 ms

Unloading 230 unused Assets to reduce memory usage. Loaded Objects now: 31200.
Total: 55.626999 ms (FindLiveObjects: 2.828000 ms CreateObjectMapping: 1.289000 ms MarkObjects: 37.228001 ms  DeleteObjects: 14.279000 ms)

Unloading 13 Unused Serialized files (Serialized files now loaded: 0)
UnloadTime: 5.186000 ms

Unloading 401 unused Assets to reduce memory usage. Loaded Objects now: 51911.
Total: 57.516998 ms (FindLiveObjects: 4.001000 ms CreateObjectMapping: 1.724000 ms MarkObjects: 48.352001 ms  DeleteObjects: 3.438000 ms)

Loading machine in XML format: Bomb
 
(Filename: /home/builduser/buildslave/unity/build/artifacts/generated/common/runtime/UnityEngineDebugBindings.gen.cpp Line: 42)

Unloading 1 Unused Serialized files (Serialized files now loaded: 0)

Unloading 3129 unused Assets to reduce memory usage. Loaded Objects now: 67182.
Total: 69.598000 ms (FindLiveObjects: 6.627000 ms CreateObjectMapping: 2.107000 ms MarkObjects: 50.388000 ms  DeleteObjects: 10.475000 ms)

Unloading 0 Unused Serialized files (Serialized files now loaded: 0)

Unloading 1548 unused Assets to reduce memory usage. Loaded Objects now: 67226.
Total: 64.405998 ms (FindLiveObjects: 5.396000 ms CreateObjectMapping: 2.199000 ms MarkObjects: 50.988998 ms  DeleteObjects: 5.821000 ms)

Unloading 2 Unused Serialized files (Serialized files now loaded: 0)

Unloading 1670 unused Assets to reduce memory usage. Loaded Objects now: 68296.
Total: 66.648003 ms (FindLiveObjects: 5.590000 ms CreateObjectMapping: 2.353000 ms MarkObjects: 52.795002 ms  DeleteObjects: 5.909000 ms)

Unloading 0 Unused Serialized files (Serialized files now loaded: 0)

Unloading 1548 unused Assets to reduce memory usage. Loaded Objects now: 68392.
Total: 64.131996 ms (FindLiveObjects: 5.437000 ms CreateObjectMapping: 1.852000 ms MarkObjects: 51.889000 ms  DeleteObjects: 4.954000 ms)

Unloading 0 Unused Serialized files (Serialized files now loaded: 0)

Unloading 1548 unused Assets to reduce memory usage. Loaded Objects now: 68395.
Total: 65.973999 ms (FindLiveObjects: 6.353000 ms CreateObjectMapping: 2.079000 ms MarkObjects: 51.755997 ms  DeleteObjects: 5.785000 ms)

Unloading 0 Unused Serialized files (Serialized files now loaded: 0)

Unloading 1553 unused Assets to reduce memory usage. Loaded Objects now: 68420.
Total: 66.866005 ms (FindLiveObjects: 6.474000 ms CreateObjectMapping: 1.924000 ms MarkObjects: 53.784000 ms  DeleteObjects: 4.684000 ms)

Unloading 0 Unused Serialized files (Serialized files now loaded: 0)

Unloading 1551 unused Assets to reduce memory usage. Loaded Objects now: 68439.
Total: 69.172005 ms (FindLiveObjects: 5.782000 ms CreateObjectMapping: 2.491000 ms MarkObjects: 54.917000 ms  DeleteObjects: 5.982000 ms)

Unloading 0 Unused Serialized files (Serialized files now loaded: 0)

Unloading 1650 unused Assets to reduce memory usage. Loaded Objects now: 69292.
Total: 68.186996 ms (FindLiveObjects: 7.613000 ms CreateObjectMapping: 2.090000 ms MarkObjects: 53.206001 ms  DeleteObjects: 5.278000 ms)

Unloading 0 Unused Serialized files (Serialized files now loaded: 0)

Unloading 1609 unused Assets to reduce memory usage. Loaded Objects now: 69637.
Total: 77.421005 ms (FindLiveObjects: 8.929000 ms CreateObjectMapping: 2.635000 ms MarkObjects: 59.785000 ms  DeleteObjects: 6.072000 ms)

Unloading 0 Unused Serialized files (Serialized files now loaded: 0)

Unloading 1685 unused Assets to reduce memory usage. Loaded Objects now: 70574.
Total: 72.040001 ms (FindLiveObjects: 5.997000 ms CreateObjectMapping: 2.625000 ms MarkObjects: 57.388000 ms  DeleteObjects: 6.030000 ms)

Unloading 14 Unused Serialized files (Serialized files now loaded: 0)
UnloadTime: 66.565002 ms

Unloading 1916 unused Assets to reduce memory usage. Loaded Objects now: 53128.
Total: 70.831001 ms (FindLiveObjects: 6.674000 ms CreateObjectMapping: 3.081000 ms MarkObjects: 44.866001 ms  DeleteObjects: 16.209002 ms)

Unloading 1 Unused Serialized files (Serialized files now loaded: 0)

Unloading 3259 unused Assets to reduce memory usage. Loaded Objects now: 69711.
Total: 90.671005 ms (FindLiveObjects: 7.633000 ms CreateObjectMapping: 2.575000 ms MarkObjects: 67.525002 ms  DeleteObjects: 12.938001 ms)

Loading machine in XML format: instantwinmachine
 
(Filename: /home/builduser/buildslave/unity/build/artifacts/generated/common/runtime/UnityEngineDebugBindings.gen.cpp Line: 42)

Unloading 0 Unused Serialized files (Serialized files now loaded: 0)

Unloading 2280 unused Assets to reduce memory usage. Loaded Objects now: 67100.
Total: 91.594002 ms (FindLiveObjects: 7.124000 ms CreateObjectMapping: 2.004000 ms MarkObjects: 73.190002 ms  DeleteObjects: 9.275000 ms)

Changing real window size to 1366 x 768
Changing real window size to 1366 x 768
Changing real window size to 1366 x 768
Unloading 7 Unused Serialized files (Serialized files now loaded: 0)
UnloadTime: 88.951996 ms

Unloading 3165 unused Assets to reduce memory usage. Loaded Objects now: 31272.
Total: 100.709000 ms (FindLiveObjects: 2.859000 ms CreateObjectMapping: 1.474000 ms MarkObjects: 37.323002 ms  DeleteObjects: 59.052002 ms)

Couldn't enter sim: No active machine!
 
(Filename: /home/builduser/buildslave/unity/build/artifacts/generated/common/runtime/UnityEngineDebugBindings.gen.cpp Line: 42)

Unloading 5 Unused Serialized files (Serialized files now loaded: 0)
UnloadTime: 4.891000 ms

Unloading 289 unused Assets to reduce memory usage. Loaded Objects now: 30686.
Total: 46.452000 ms (FindLiveObjects: 2.052000 ms CreateObjectMapping: 0.907000 ms MarkObjects: 35.270000 ms  DeleteObjects: 8.222000 ms)

requesting resize 1366 x 768
requesting fullscreen 1366 x 768 at 0 Hz
Desktop is 2646 x 1024 @ 60 Hz
Unloading 8 Unused Serialized files (Serialized files now loaded: 0)
WARNING: Shader Unsupported: 'Hidden/Dof/DX11Dof' - Pass '' has no vertex shader
WARNING: Shader Unsupported: 'Hidden/Dof/DX11Dof' - Setting to default shader.
UnloadTime: 5.945000 ms
Object /MAP 2/LEVELS/ORDYCE LODE/MineCartLevelScreen/mining cart2/FireController (7) has faulty FireController setup
 
(Filename: /home/builduser/buildslave/unity/build/artifacts/generated/common/runtime/UnityEngineDebugBindings.gen.cpp Line: 42)


Unloading 218 unused Assets to reduce memory usage. Loaded Objects now: 30359.
Total: 55.804001 ms (FindLiveObjects: 2.264000 ms CreateObjectMapping: 1.371000 ms MarkObjects: 38.229000 ms  DeleteObjects: 13.937000 ms)

Unloading 14 Unused Serialized files (Serialized files now loaded: 0)
UnloadTime: 4.605000 ms

Unloading 575 unused Assets to reduce memory usage. Loaded Objects now: 47819.
Total: 53.374001 ms (FindLiveObjects: 4.239000 ms CreateObjectMapping: 1.469000 ms MarkObjects: 41.834000 ms  DeleteObjects: 5.831000 ms)

Unloading 1 Unused Serialized files (Serialized files now loaded: 0)

Unloading 3077 unused Assets to reduce memory usage. Loaded Objects now: 61360.
Total: 75.640999 ms (FindLiveObjects: 8.183000 ms CreateObjectMapping: 2.598000 ms MarkObjects: 53.440002 ms  DeleteObjects: 11.420000 ms)

Unloading 0 Unused Serialized files (Serialized files now loaded: 0)

Unloading 1503 unused Assets to reduce memory usage. Loaded Objects now: 61301.
Total: 68.497002 ms (FindLiveObjects: 5.434000 ms CreateObjectMapping: 2.499000 ms MarkObjects: 55.420998 ms  DeleteObjects: 5.142000 ms)

Unloading 16 Unused Serialized files (Serialized files now loaded: 0)
UnloadTime: 43.387001 ms

Unloading 802 unused Assets to reduce memory usage. Loaded Objects now: 49678.
Total: 58.201000 ms (FindLiveObjects: 3.033000 ms CreateObjectMapping: 1.150000 ms MarkObjects: 43.473003 ms  DeleteObjects: 10.541000 ms)

Unloading 1 Unused Serialized files (Serialized files now loaded: 0)

Unloading 3137 unused Assets to reduce memory usage. Loaded Objects now: 63101.
Total: 83.002998 ms (FindLiveObjects: 5.105000 ms CreateObjectMapping: 2.659000 ms MarkObjects: 63.263000 ms  DeleteObjects: 11.974999 ms)

Unloading 0 Unused Serialized files (Serialized files now loaded: 0)

Unloading 1505 unused Assets to reduce memory usage. Loaded Objects now: 63101.
Total: 77.623001 ms (FindLiveObjects: 5.841000 ms CreateObjectMapping: 2.110000 ms MarkObjects: 64.645996 ms  DeleteObjects: 5.024000 ms)

Unloading 0 Unused Serialized files (Serialized files now loaded: 0)

Unloading 1505 unused Assets to reduce memory usage. Loaded Objects now: 63101.
Total: 76.723999 ms (FindLiveObjects: 6.881000 ms CreateObjectMapping: 1.844000 ms MarkObjects: 62.971004 ms  DeleteObjects: 5.026000 ms)

Unloading 0 Unused Serialized files (Serialized files now loaded: 0)

Unloading 1505 unused Assets to reduce memory usage. Loaded Objects now: 63101.
Total: 78.782997 ms (FindLiveObjects: 6.281000 ms CreateObjectMapping: 2.468000 ms MarkObjects: 64.946999 ms  DeleteObjects: 5.086000 ms)

Setting up 1 worker threads for Enlighten.
  Thread -> id: 7f9dbd0fd700 -> priority: 1 
