2019-01-01 13:04:11,451 [      0]   INFO -        #com.intellij.idea.Main - ------------------------------------------------------ IDE STARTED ------------------------------------------------------ 
2019-01-01 13:04:11,477 [     26]   INFO -        #com.intellij.idea.Main - IDE: PyCharm (build #PC-182.4505.26, 23 Sep 2018 03:11) 
2019-01-01 13:04:11,477 [     26]   INFO -        #com.intellij.idea.Main - OS: Linux (4.19.12-arch1-1-arch, amd64) 
2019-01-01 13:04:11,477 [     26]   INFO -        #com.intellij.idea.Main - JRE: 11.0.1+13 (Oracle Corporation) 
2019-01-01 13:04:11,477 [     26]   INFO -        #com.intellij.idea.Main - JVM: 11.0.1+13 (OpenJDK 64-Bit Server VM) 
2019-01-01 13:04:11,477 [     26]   INFO -        #com.intellij.idea.Main - JVM Args: -Xms128m -Xmx750m -XX:ReservedCodeCacheSize=240m -XX:+UseConcMarkSweepGC -XX:SoftRefLRUPolicyMSPerMB=50 -ea -Dsun.io.useCanonCaches=false -Djava.net.preferIPv4Stack=true -Djdk.http.auth.tunneling.disabledSchemes="" -XX:+HeapDumpOnOutOfMemoryError -XX:-OmitStackTraceInFastThrow -Dawt.useSystemAAFontSettings=on -Dsun.java2d.renderer=sun.java2d.marlin.MarlinRenderingEngine -XX:ErrorFile=/home/john/java_error_in_PYCHARM_%p.log -XX:HeapDumpPath=/home/john/java_error_in_PYCHARM.hprof -Didea.paths.selector=PyCharmCE2018.2 -Djb.vmOptionsFile=/usr/share/pycharm/bin/pycharm64.vmoptions -Didea.platform.prefix=PyCharmCore 
2019-01-01 13:04:11,477 [     26]   INFO -        #com.intellij.idea.Main - charsets: JNU=ANSI_X3.4-1968 file=ANSI_X3.4-1968 
2019-01-01 13:04:11,508 [     57]   INFO -        #com.intellij.idea.Main - JNA library (64-bit) loaded in 30 ms 
2019-01-01 13:04:12,758 [   1307]   INFO -     #com.intellij.util.ui.JBUI - System scale factor: 1.0 (IDE-managed HiDPI) 
2019-01-01 13:04:12,758 [   1307]   INFO -     #com.intellij.util.ui.JBUI - User scale factor: 1.0 
2019-01-01 13:04:23,962 [  12511]   INFO - m.intellij.ui.mac.touchbar.NST - OS doesn't support touchbar, skip nst loading 
2019-01-01 13:04:40,632 [  29181]   INFO -        #com.intellij.idea.Main - ------------------------------------------------------ IDE SHUTDOWN ------------------------------------------------------ 
2019-01-01 13:04:40,754 [  29303]   INFO - org.jetbrains.io.BuiltInServer - web server stopped 
2019-01-01 13:04:50,876 [      0]   INFO -        #com.intellij.idea.Main - ------------------------------------------------------ IDE STARTED ------------------------------------------------------ 
2019-01-01 13:04:50,898 [     22]   INFO -        #com.intellij.idea.Main - IDE: PyCharm (build #PC-182.4505.26, 23 Sep 2018 03:50) 
2019-01-01 13:04:50,899 [     23]   INFO -        #com.intellij.idea.Main - OS: Linux (4.19.12-arch1-1-arch, amd64) 
2019-01-01 13:04:50,899 [     23]   INFO -        #com.intellij.idea.Main - JRE: 11.0.1+13 (Oracle Corporation) 
2019-01-01 13:04:50,899 [     23]   INFO -        #com.intellij.idea.Main - JVM: 11.0.1+13 (OpenJDK 64-Bit Server VM) 
2019-01-01 13:04:50,899 [     23]   INFO -        #com.intellij.idea.Main - JVM Args: -Xms128m -Xmx750m -XX:ReservedCodeCacheSize=240m -XX:+UseConcMarkSweepGC -XX:SoftRefLRUPolicyMSPerMB=50 -ea -Dsun.io.useCanonCaches=false -Djava.net.preferIPv4Stack=true -Djdk.http.auth.tunneling.disabledSchemes="" -XX:+HeapDumpOnOutOfMemoryError -XX:-OmitStackTraceInFastThrow -Dawt.useSystemAAFontSettings=on -Dsun.java2d.renderer=sun.java2d.marlin.MarlinRenderingEngine -XX:ErrorFile=/home/john/java_error_in_PYCHARM_%p.log -XX:HeapDumpPath=/home/john/java_error_in_PYCHARM.hprof -Didea.paths.selector=PyCharmCE2018.2 -Djb.vmOptionsFile=/usr/share/pycharm/bin/pycharm64.vmoptions -Didea.platform.prefix=PyCharmCore 
2019-01-01 13:04:50,899 [     23]   INFO -        #com.intellij.idea.Main - charsets: JNU=ANSI_X3.4-1968 file=ANSI_X3.4-1968 
2019-01-01 13:04:50,917 [     41]   INFO -        #com.intellij.idea.Main - JNA library (64-bit) loaded in 18 ms 
2019-01-01 13:04:51,467 [    591]   INFO -     #com.intellij.util.ui.JBUI - System scale factor: 1.0 (IDE-managed HiDPI) 
2019-01-01 13:04:51,467 [    591]   INFO -     #com.intellij.util.ui.JBUI - User scale factor: 1.0 
2019-01-01 13:04:52,171 [   1295]   INFO - m.intellij.ui.mac.touchbar.NST - OS doesn't support touchbar, skip nst loading 
2019-01-01 13:05:02,254 [  11378]   INFO -        #com.intellij.idea.Main - ------------------------------------------------------ IDE SHUTDOWN ------------------------------------------------------ 
2019-01-01 13:05:02,260 [  11384]   INFO - org.jetbrains.io.BuiltInServer - web server stopped 
2019-01-01 15:53:29,154 [      0]   INFO -        #com.intellij.idea.Main - ------------------------------------------------------ IDE STARTED ------------------------------------------------------ 
2019-01-01 15:53:29,177 [     23]   INFO -        #com.intellij.idea.Main - IDE: PyCharm (build #PC-182.4505.26, 23 Sep 2018 03:29) 
2019-01-01 15:53:29,177 [     23]   INFO -        #com.intellij.idea.Main - OS: Linux (4.19.12-arch1-1-arch, amd64) 
2019-01-01 15:53:29,177 [     23]   INFO -        #com.intellij.idea.Main - JRE: 11.0.1+13 (Oracle Corporation) 
2019-01-01 15:53:29,177 [     23]   INFO -        #com.intellij.idea.Main - JVM: 11.0.1+13 (OpenJDK 64-Bit Server VM) 
2019-01-01 15:53:29,177 [     23]   INFO -        #com.intellij.idea.Main - JVM Args: -Xms128m -Xmx750m -XX:ReservedCodeCacheSize=240m -XX:+UseConcMarkSweepGC -XX:SoftRefLRUPolicyMSPerMB=50 -ea -Dsun.io.useCanonCaches=false -Djava.net.preferIPv4Stack=true -Djdk.http.auth.tunneling.disabledSchemes="" -XX:+HeapDumpOnOutOfMemoryError -XX:-OmitStackTraceInFastThrow -Dawt.useSystemAAFontSettings=on -Dsun.java2d.renderer=sun.java2d.marlin.MarlinRenderingEngine -XX:ErrorFile=/home/john/java_error_in_PYCHARM_%p.log -XX:HeapDumpPath=/home/john/java_error_in_PYCHARM.hprof -Didea.paths.selector=PyCharmCE2018.2 -Djb.vmOptionsFile=/usr/share/pycharm/bin/pycharm64.vmoptions -Didea.platform.prefix=PyCharmCore 
2019-01-01 15:53:29,178 [     24]   INFO -        #com.intellij.idea.Main - charsets: JNU=ANSI_X3.4-1968 file=ANSI_X3.4-1968 
2019-01-01 15:53:29,194 [     40]   INFO -        #com.intellij.idea.Main - JNA library (64-bit) loaded in 16 ms 
2019-01-01 15:53:29,580 [    426]   INFO -     #com.intellij.util.ui.JBUI - System scale factor: 1.0 (IDE-managed HiDPI) 
2019-01-01 15:53:29,581 [    427]   INFO -     #com.intellij.util.ui.JBUI - User scale factor: 1.0 
2019-01-01 15:53:30,262 [   1108]   INFO - m.intellij.ui.mac.touchbar.NST - OS doesn't support touchbar, skip nst loading 
2019-01-01 15:53:35,514 [   6360]   INFO -        #com.intellij.idea.Main - ------------------------------------------------------ IDE SHUTDOWN ------------------------------------------------------ 
2019-01-01 15:53:35,529 [   6375]   INFO - org.jetbrains.io.BuiltInServer - web server stopped 
